#
# There is insufficient memory for the Java Runtime Environment to continue.
# Native memory allocation (malloc) failed to allocate 614960 bytes for Chunk::new
# Possible reasons:
#   The system is out of physical RAM or swap space
#   The process is running with CompressedOops enabled, and the Java Heap may be blocking the growth of the native heap
# Possible solutions:
#   Reduce memory load on the system
#   Increase physical memory or swap space
#   Check if swap backing store is full
#   Decrease Java heap size (-Xmx/-Xms)
#   Decrease number of Java threads
#   Decrease Java thread stack sizes (-Xss)
#   Set larger code cache with -XX:ReservedCodeCacheSize=
#   JVM is running with Unscaled Compressed Oops mode in which the Java heap is
#     placed in the first 4GB address space. The Java Heap base address is the
#     maximum limit for the native heap growth. Please use -XX:HeapBaseMinAddress
#     to set the Java Heap base and to place the Java Heap above 4GB virtual address.
# This output file may be truncated or incomplete.
#
#  Out of Memory Error (arena.cpp:168), pid=16060, tid=20280
#
# JRE version: Java(TM) SE Runtime Environment (21.0.3+7) (build 21.0.3+7-LTS-152)
# Java VM: Java HotSpot(TM) 64-Bit Server VM (21.0.3+7-LTS-152, mixed mode, sharing, tiered, compressed oops, compressed class ptrs, g1 gc, windows-amd64)
# No core dump will be written. Minidumps are not enabled by default on client versions of Windows
#

---------------  S U M M A R Y ------------

Command Line: --add-opens=java.base/java.lang=ALL-UNNAMED --add-opens=java.base/java.lang.invoke=ALL-UNNAMED --add-opens=java.base/java.util=ALL-UNNAMED --add-opens=java.prefs/java.util.prefs=ALL-UNNAMED --add-exports=jdk.compiler/com.sun.tools.javac.api=ALL-UNNAMED --add-exports=jdk.compiler/com.sun.tools.javac.util=ALL-UNNAMED --add-opens=java.base/java.util=ALL-UNNAMED --add-opens=java.prefs/java.util.prefs=ALL-UNNAMED --add-opens=java.base/java.nio.charset=ALL-UNNAMED --add-opens=java.base/java.net=ALL-UNNAMED --add-opens=java.base/java.util.concurrent.atomic=ALL-UNNAMED --add-opens=java.xml/javax.xml.namespace=ALL-UNNAMED -XX:MaxMetaspaceSize=384m -XX:+HeapDumpOnOutOfMemoryError -Xms256m -Xmx512m -Dfile.encoding=windows-1252 -Duser.country=FR -Duser.language=fr -Duser.variant -javaagent:C:\Users\Youbitech\.gradle\wrapper\dists\gradle-8.14.3-bin\cv11ve7ro1n3o1j4so8xd9n66\gradle-8.14.3\lib\agents\gradle-instrumentation-agent-8.14.3.jar org.gradle.launcher.daemon.bootstrap.GradleDaemon 8.14.3

Host: Intel(R) Core(TM) i7-6500U CPU @ 2.50GHz, 4 cores, 15G,  Windows 10 , 64 bit Build 19041 (10.0.19041.5915)
Time: Thu Aug 14 16:45:39 2025 Paris, Madrid (heure duild 19041 (10.0.19041.5915) elapsed time: 28.519459 seconds (0d 0h 0m 28s)

---------------  T H R E A D  ---------------

Current thread (0x000001fd695d8680):  JavaThread "C2 CompilerThread0" daemon [_thread_in_native, id=20280, stack(0x000000b293c00000,0x000000b293d00000) (1024K)]


Current CompileTask:
C2:  28519 2846       4       jdk.internal.org.objectweb.asm.SymbolTable::addConstantMemberReference (147 bytes)

Stack: [0x000000b293c00000,0x000000b293d00000]
Native frames: (J=compiled Java code, j=interpreted, Vv=VM code, C=native code)
V  [jvm.dll+0x6c63b9]
V  [jvm.dll+0x84fa11]
V  [jvm.dll+0x851f3e]
V  [jvm.dll+0x852613]
V  [jvm.dll+0x27cd46]
V  [jvm.dll+0xc4aad]
V  [jvm.dll+0xc4fe3]
V  [jvm.dll+0x3b1d5c]
V  [jvm.dll+0x37e485]
V  [jvm.dll+0x37d8fa]
V  [jvm.dll+0x245b40]
V  [jvm.dll+0x24511f]
V  [jvm.dll+0x1c689e]
V  [jvm.dll+0x254609]
V  [jvm.dll+0x252b9a]
V  [jvm.dll+0x3eb056]
V  [jvm.dll+0x7f9ffb]
V  [jvm.dll+0x6c4a9d]
C  [ucrtbase.dll+0x21bb2]
C  [KERNEL32.DLL+0x17374]
C  [ntdll.dll+0x4cc91]


---------------  P R O C E S S  ---------------

Threads class SMR info:
_java_thread_list=0x000001fd052023b0, length=24, elements={
0x000001fd4f24f560, 0x000001fd695d0cd0, 0x000001fd695d1b40, 0x000001fd695d59d0,
0x000001fd695d6430, 0x000001fd695d6e90, 0x000001fd695d78f0, 0x000001fd695d8680,
0x000001fd695defa0, 0x000001fd6960e960, 0x000001fd699b6360, 0x000001fd04ed14f0,
0x000001fd044bb440, 0x000001fd7f171ff0, 0x000001fd042c13e0, 0x000001fd042c1a50,
0x000001fd04e3ec30, 0x000001fd04e8d450, 0x000001fd04e8f520, 0x000001fd04e8e170,
0x000001fd04e8c0a0, 0x000001fd04e8c730, 0x000001fd04e8cdc0, 0x000001fd04e8dae0
}

Java Threads: ( => current thread )
  0x000001fd4f24f560 JavaThread "main"                              [_thread_blocked, id=7836, stack(0x000000b292e00000,0x000000b292f00000) (1024K)]
  0x000001fd695d0cd0 JavaThread "Reference Handler"          daemon [_thread_blocked, id=15484, stack(0x000000b293600000,0x000000b293700000) (1024K)]
  0x000001fd695d1b40 JavaThread "Finalizer"                  daemon [_thread_blocked, id=8228, stack(0x000000b293700000,0x000000b293800000) (1024K)]
  0x000001fd695d59d0 JavaThread "Signal Dispatcher"          daemon [_thread_blocked, id=2592, stack(0x000000b293800000,0x000000b293900000) (1024K)]
  0x000001fd695d6430 JavaThread "Attach Listener"            daemon [_thread_blocked, id=17200, stack(0x000000b293900000,0x000000b293a00000) (1024K)]
  0x000001fd695d6e90 JavaThread "Service Thread"             daemon [_thread_blocked, id=2128, stack(0x000000b293a00000,0x000000b293b00000) (1024K)]
  0x000001fd695d78f0 JavaThread "Monitor Deflation Thread"   daemon [_thread_blocked, id=7300, stack(0x000000b293b00000,0x000000b293c00000) (1024K)]
=>0x000001fd695d8680 JavaThread "C2 CompilerThread0"         daemon [_thread_in_native, id=20280, stack(0x000000b293c00000,0x000000b293d00000) (1024K)]
  0x000001fd695defa0 JavaThread "C1 CompilerThread0"         daemon [_thread_blocked, id=22460, stack(0x000000b293d00000,0x000000b293e00000) (1024K)]
  0x000001fd6960e960 JavaThread "Common-Cleaner"             daemon [_thread_blocked, id=7908, stack(0x000000b293e00000,0x000000b293f00000) (1024K)]
  0x000001fd699b6360 JavaThread "Notification Thread"        daemon [_thread_blocked, id=21708, stack(0x000000b293f00000,0x000000b294000000) (1024K)]
  0x000001fd04ed14f0 JavaThread "Daemon health stats"               [_thread_blocked, id=3960, stack(0x000000b294300000,0x000000b294400000) (1024K)]
  0x000001fd044bb440 JavaThread "Incoming local TCP Connector on port 56238"        [_thread_in_native, id=20332, stack(0x000000b294400000,0x000000b294500000) (1024K)]
  0x000001fd7f171ff0 JavaThread "Daemon periodic checks"            [_thread_blocked, id=1004, stack(0x000000b294500000,0x000000b294600000) (1024K)]
  0x000001fd042c13e0 JavaThread "Daemon"                            [_thread_blocked, id=12036, stack(0x000000b294600000,0x000000b294700000) (1024K)]
  0x000001fd042c1a50 JavaThread "Handler for socket connection from /127.0.0.1:56238 to /127.0.0.1:56239"        [_thread_in_native, id=18516, stack(0x000000b294700000,0x000000b294800000) (1024K)]
  0x000001fd04e3ec30 JavaThread "Cancel handler"                    [_thread_blocked, id=12032, stack(0x000000b294800000,0x000000b294900000) (1024K)]
  0x000001fd04e8d450 JavaThread "Daemon worker"                     [_thread_in_vm, id=4840, stack(0x000000b294900000,0x000000b294a00000) (1024K)]
  0x000001fd04e8f520 JavaThread "Asynchronous log dispatcher for DefaultDaemonConnection: socket connection from /127.0.0.1:56238 to /127.0.0.1:56239"        [_thread_blocked, id=22304, stack(0x000000b294a00000,0x000000b294b00000) (1024K)]
  0x000001fd04e8e170 JavaThread "Stdin handler"                     [_thread_blocked, id=18348, stack(0x000000b294b00000,0x000000b294c00000) (1024K)]
  0x000001fd04e8c0a0 JavaThread "Daemon client event forwarder"        [_thread_blocked, id=15636, stack(0x000000b294c00000,0x000000b294d00000) (1024K)]
  0x000001fd04e8c730 JavaThread "Cache worker for journal cache (C:\Users\Youbitech\.gradle\caches\journal-1)"        [_thread_blocked, id=15568, stack(0x000000b294d00000,0x000000b294e00000) (1024K)]
  0x000001fd04e8cdc0 JavaThread "File lock request listener"        [_thread_in_native, id=9252, stack(0x000000b294e00000,0x000000b294f00000) (1024K)]
  0x000001fd04e8dae0 JavaThread "Cache worker for file hash cache (C:\Users\Youbitech\.gradle\caches\8.14.3\fileHashes)"        [_thread_blocked, id=2356, stack(0x000000b295000000,0x000000b295100000) (1024K)]
Total: 24

Other Threads:
  0x000001fd695af2a0 VMThread "VM Thread"                           [id=23180, stack(0x000000b293500000,0x000000b293600000) (1024K)]
  0x000001fd69596590 WatcherThread "VM Periodic Task Thread"        [id=22428, stack(0x000000b293400000,0x000000b293500000) (1024K)]
  0x000001fd4f279120 WorkerThread "GC Thread#0"                     [id=22136, stack(0x000000b292f00000,0x000000b293000000) (1024K)]
  0x000001fd699b7e00 WorkerThread "GC Thread#1"                     [id=15356, stack(0x000000b294000000,0x000000b294100000) (1024K)]
  0x000001fd699b81a0 WorkerThread "GC Thread#2"                     [id=15872, stack(0x000000b294100000,0x000000b294200000) (1024K)]
  0x000001fd699b8540 WorkerThread "GC Thread#3"                     [id=14492, stack(0x000000b294200000,0x000000b294300000) (1024K)]
  0x000001fd4f27f420 ConcurrentGCThread "G1 Main Marker"            [id=21240, stack(0x000000b293000000,0x000000b293100000) (1024K)]
  0x000001fd4f27ffe0 WorkerThread "G1 Conc#0"                       [id=16560, stack(0x000000b293100000,0x000000b293200000) (1024K)]
  0x000001fd4f31e280 ConcurrentGCThread "G1 Refine#0"               [id=14456, stack(0x000000b293200000,0x000000b293300000) (1024K)]
  0x000001fd6946d120 ConcurrentGCThread "G1 Service"                [id=20576, stack(0x000000b293300000,0x000000b293400000) (1024K)]
Total: 10

Threads with active compile tasks:
C2 CompilerThread0    28584 2846       4       jdk.internal.org.objectweb.asm.SymbolTable::addConstantMemberReference (147 bytes)
Total: 1

VM state: not at safepoint (normal execution)

VM Mutex/Monitor currently owned by a thread: None

OutOfMemory and StackOverflow Exception counts:
OutOfMemoryError java_heap_errors=1
LinkageErrors=62

Heap address: 0x00000000e0000000, size: 512 MB, Compressed Oops mode: 32-bit

CDS archive(s) mapped at: [0x000001fd6a000000-0x000001fd6ac90000-0x000001fd6ac90000), size 13172736, SharedBaseAddress: 0x000001fd6a000000, ArchiveRelocationMode: 1.
Compressed class space mapped at: 0x000001fd6b000000-0x000001fd7f000000, reserved size: 335544320
Narrow klass base: 0x000001fd6a000000, Narrow klass shift: 0, Narrow klass range: 0x100000000

GC Precious Log:
 CardTable entry size: 512
 Card Set container configuration: InlinePtr #cards 5 size 8 Array Of Cards #cards 12 size 40 Howl #buckets 4 coarsen threshold 1843 Howl Bitmap #cards 512 size 80 coarsen threshold 460 Card regions per heap region 1 cards per card region 2048
 CPUs: 4 total, 4 available
 Memory: 16264M
 Large Page Support: Disabled
 NUMA Support: Disabled
 Compressed Oops: Enabled (32-bit)
 Heap Region Size: 1M
 Heap Min Capacity: 256M
 Heap Initial Capacity: 256M
 Heap Max Capacity: 512M
 Pre-touch: Disabled
 Parallel Workers: 4
 Concurrent Workers: 1
 Concurrent Refinement Workers: 4
 Periodic GC: Disabled

Heap:
 garbage-first heap   total 262144K, used 143111K [0x00000000e0000000, 0x0000000100000000)
  region size 1024K, 134 young (137216K), 4 survivors (4096K)
 Metaspace       used 17233K, committed 17728K, reserved 393216K
  class space    used 2385K, committed 2624K, reserved 327680K

Heap Regions: E=young(eden), S=young(survivor), O=old, HS=humongous(starts), HC=humongous(continues), CS=collection set, F=free, TAMS=top-at-mark-start, PB=parsable bottom
|   0|0x00000000e0000000, 0x00000000e0100000, 0x00000000e0100000|100%|HS|  |TAMS 0x00000000e0000000| PB 0x00000000e0000000| Complete 
|   1|0x00000000e0100000, 0x00000000e0200000, 0x00000000e0200000|100%|HC|  |TAMS 0x00000000e0100000| PB 0x00000000e0100000| Complete 
|   2|0x00000000e0200000, 0x00000000e0300000, 0x00000000e0300000|100%|HC|  |TAMS 0x00000000e0200000| PB 0x00000000e0200000| Complete 
|   3|0x00000000e0300000, 0x00000000e0400000, 0x00000000e0400000|100%| O|  |TAMS 0x00000000e0300000| PB 0x00000000e0300000| Untracked 
|   4|0x00000000e0400000, 0x00000000e0500000, 0x00000000e0500000|100%| O|  |TAMS 0x00000000e0400000| PB 0x00000000e0400000| Untracked 
|   5|0x00000000e0500000, 0x00000000e05c1ee8, 0x00000000e0600000| 75%| O|  |TAMS 0x00000000e0500000| PB 0x00000000e0500000| Untracked 
|   6|0x00000000e0600000, 0x00000000e0700000, 0x00000000e0700000|100%|HS|  |TAMS 0x00000000e0600000| PB 0x00000000e0600000| Complete 
|   7|0x00000000e0700000, 0x00000000e0800000, 0x00000000e0800000|100%|HS|  |TAMS 0x00000000e0700000| PB 0x00000000e0700000| Complete 
|   8|0x00000000e0800000, 0x00000000e0800000, 0x00000000e0900000|  0%| F|  |TAMS 0x00000000e0800000| PB 0x00000000e0800000| Untracked 
|   9|0x00000000e0900000, 0x00000000e0900000, 0x00000000e0a00000|  0%| F|  |TAMS 0x00000000e0900000| PB 0x00000000e0900000| Untracked 
|  10|0x00000000e0a00000, 0x00000000e0a00000, 0x00000000e0b00000|  0%| F|  |TAMS 0x00000000e0a00000| PB 0x00000000e0a00000| Untracked 
|  11|0x00000000e0b00000, 0x00000000e0b00000, 0x00000000e0c00000|  0%| F|  |TAMS 0x00000000e0b00000| PB 0x00000000e0b00000| Untracked 
|  12|0x00000000e0c00000, 0x00000000e0c00000, 0x00000000e0d00000|  0%| F|  |TAMS 0x00000000e0c00000| PB 0x00000000e0c00000| Untracked 
|  13|0x00000000e0d00000, 0x00000000e0d00000, 0x00000000e0e00000|  0%| F|  |TAMS 0x00000000e0d00000| PB 0x00000000e0d00000| Untracked 
|  14|0x00000000e0e00000, 0x00000000e0e00000, 0x00000000e0f00000|  0%| F|  |TAMS 0x00000000e0e00000| PB 0x00000000e0e00000| Untracked 
|  15|0x00000000e0f00000, 0x00000000e0f00000, 0x00000000e1000000|  0%| F|  |TAMS 0x00000000e0f00000| PB 0x00000000e0f00000| Untracked 
|  16|0x00000000e1000000, 0x00000000e1000000, 0x00000000e1100000|  0%| F|  |TAMS 0x00000000e1000000| PB 0x00000000e1000000| Untracked 
|  17|0x00000000e1100000, 0x00000000e1100000, 0x00000000e1200000|  0%| F|  |TAMS 0x00000000e1100000| PB 0x00000000e1100000| Untracked 
|  18|0x00000000e1200000, 0x00000000e1200000, 0x00000000e1300000|  0%| F|  |TAMS 0x00000000e1200000| PB 0x00000000e1200000| Untracked 
|  19|0x00000000e1300000, 0x00000000e1300000, 0x00000000e1400000|  0%| F|  |TAMS 0x00000000e1300000| PB 0x00000000e1300000| Untracked 
|  20|0x00000000e1400000, 0x00000000e1400000, 0x00000000e1500000|  0%| F|  |TAMS 0x00000000e1400000| PB 0x00000000e1400000| Untracked 
|  21|0x00000000e1500000, 0x00000000e1500000, 0x00000000e1600000|  0%| F|  |TAMS 0x00000000e1500000| PB 0x00000000e1500000| Untracked 
|  22|0x00000000e1600000, 0x00000000e1600000, 0x00000000e1700000|  0%| F|  |TAMS 0x00000000e1600000| PB 0x00000000e1600000| Untracked 
|  23|0x00000000e1700000, 0x00000000e1700000, 0x00000000e1800000|  0%| F|  |TAMS 0x00000000e1700000| PB 0x00000000e1700000| Untracked 
|  24|0x00000000e1800000, 0x00000000e1800000, 0x00000000e1900000|  0%| F|  |TAMS 0x00000000e1800000| PB 0x00000000e1800000| Untracked 
|  25|0x00000000e1900000, 0x00000000e1900000, 0x00000000e1a00000|  0%| F|  |TAMS 0x00000000e1900000| PB 0x00000000e1900000| Untracked 
|  26|0x00000000e1a00000, 0x00000000e1a00000, 0x00000000e1b00000|  0%| F|  |TAMS 0x00000000e1a00000| PB 0x00000000e1a00000| Untracked 
|  27|0x00000000e1b00000, 0x00000000e1b00000, 0x00000000e1c00000|  0%| F|  |TAMS 0x00000000e1b00000| PB 0x00000000e1b00000| Untracked 
|  28|0x00000000e1c00000, 0x00000000e1c00000, 0x00000000e1d00000|  0%| F|  |TAMS 0x00000000e1c00000| PB 0x00000000e1c00000| Untracked 
|  29|0x00000000e1d00000, 0x00000000e1d00000, 0x00000000e1e00000|  0%| F|  |TAMS 0x00000000e1d00000| PB 0x00000000e1d00000| Untracked 
|  30|0x00000000e1e00000, 0x00000000e1e00000, 0x00000000e1f00000|  0%| F|  |TAMS 0x00000000e1e00000| PB 0x00000000e1e00000| Untracked 
|  31|0x00000000e1f00000, 0x00000000e1f00000, 0x00000000e2000000|  0%| F|  |TAMS 0x00000000e1f00000| PB 0x00000000e1f00000| Untracked 
|  32|0x00000000e2000000, 0x00000000e2000000, 0x00000000e2100000|  0%| F|  |TAMS 0x00000000e2000000| PB 0x00000000e2000000| Untracked 
|  33|0x00000000e2100000, 0x00000000e2100000, 0x00000000e2200000|  0%| F|  |TAMS 0x00000000e2100000| PB 0x00000000e2100000| Untracked 
|  34|0x00000000e2200000, 0x00000000e2200000, 0x00000000e2300000|  0%| F|  |TAMS 0x00000000e2200000| PB 0x00000000e2200000| Untracked 
|  35|0x00000000e2300000, 0x00000000e2300000, 0x00000000e2400000|  0%| F|  |TAMS 0x00000000e2300000| PB 0x00000000e2300000| Untracked 
|  36|0x00000000e2400000, 0x00000000e2400000, 0x00000000e2500000|  0%| F|  |TAMS 0x00000000e2400000| PB 0x00000000e2400000| Untracked 
|  37|0x00000000e2500000, 0x00000000e2500000, 0x00000000e2600000|  0%| F|  |TAMS 0x00000000e2500000| PB 0x00000000e2500000| Untracked 
|  38|0x00000000e2600000, 0x00000000e2600000, 0x00000000e2700000|  0%| F|  |TAMS 0x00000000e2600000| PB 0x00000000e2600000| Untracked 
|  39|0x00000000e2700000, 0x00000000e2700000, 0x00000000e2800000|  0%| F|  |TAMS 0x00000000e2700000| PB 0x00000000e2700000| Untracked 
|  40|0x00000000e2800000, 0x00000000e2800000, 0x00000000e2900000|  0%| F|  |TAMS 0x00000000e2800000| PB 0x00000000e2800000| Untracked 
|  41|0x00000000e2900000, 0x00000000e2900000, 0x00000000e2a00000|  0%| F|  |TAMS 0x00000000e2900000| PB 0x00000000e2900000| Untracked 
|  42|0x00000000e2a00000, 0x00000000e2a00000, 0x00000000e2b00000|  0%| F|  |TAMS 0x00000000e2a00000| PB 0x00000000e2a00000| Untracked 
|  43|0x00000000e2b00000, 0x00000000e2b00000, 0x00000000e2c00000|  0%| F|  |TAMS 0x00000000e2b00000| PB 0x00000000e2b00000| Untracked 
|  44|0x00000000e2c00000, 0x00000000e2c00000, 0x00000000e2d00000|  0%| F|  |TAMS 0x00000000e2c00000| PB 0x00000000e2c00000| Untracked 
|  45|0x00000000e2d00000, 0x00000000e2d00000, 0x00000000e2e00000|  0%| F|  |TAMS 0x00000000e2d00000| PB 0x00000000e2d00000| Untracked 
|  46|0x00000000e2e00000, 0x00000000e2e00000, 0x00000000e2f00000|  0%| F|  |TAMS 0x00000000e2e00000| PB 0x00000000e2e00000| Untracked 
|  47|0x00000000e2f00000, 0x00000000e2f00000, 0x00000000e3000000|  0%| F|  |TAMS 0x00000000e2f00000| PB 0x00000000e2f00000| Untracked 
|  48|0x00000000e3000000, 0x00000000e3000000, 0x00000000e3100000|  0%| F|  |TAMS 0x00000000e3000000| PB 0x00000000e3000000| Untracked 
|  49|0x00000000e3100000, 0x00000000e3100000, 0x00000000e3200000|  0%| F|  |TAMS 0x00000000e3100000| PB 0x00000000e3100000| Untracked 
|  50|0x00000000e3200000, 0x00000000e3200000, 0x00000000e3300000|  0%| F|  |TAMS 0x00000000e3200000| PB 0x00000000e3200000| Untracked 
|  51|0x00000000e3300000, 0x00000000e3300000, 0x00000000e3400000|  0%| F|  |TAMS 0x00000000e3300000| PB 0x00000000e3300000| Untracked 
|  52|0x00000000e3400000, 0x00000000e3400000, 0x00000000e3500000|  0%| F|  |TAMS 0x00000000e3400000| PB 0x00000000e3400000| Untracked 
|  53|0x00000000e3500000, 0x00000000e3500000, 0x00000000e3600000|  0%| F|  |TAMS 0x00000000e3500000| PB 0x00000000e3500000| Untracked 
|  54|0x00000000e3600000, 0x00000000e3600000, 0x00000000e3700000|  0%| F|  |TAMS 0x00000000e3600000| PB 0x00000000e3600000| Untracked 
|  55|0x00000000e3700000, 0x00000000e3700000, 0x00000000e3800000|  0%| F|  |TAMS 0x00000000e3700000| PB 0x00000000e3700000| Untracked 
|  56|0x00000000e3800000, 0x00000000e3800000, 0x00000000e3900000|  0%| F|  |TAMS 0x00000000e3800000| PB 0x00000000e3800000| Untracked 
|  57|0x00000000e3900000, 0x00000000e3900000, 0x00000000e3a00000|  0%| F|  |TAMS 0x00000000e3900000| PB 0x00000000e3900000| Untracked 
|  58|0x00000000e3a00000, 0x00000000e3a00000, 0x00000000e3b00000|  0%| F|  |TAMS 0x00000000e3a00000| PB 0x00000000e3a00000| Untracked 
|  59|0x00000000e3b00000, 0x00000000e3b00000, 0x00000000e3c00000|  0%| F|  |TAMS 0x00000000e3b00000| PB 0x00000000e3b00000| Untracked 
|  60|0x00000000e3c00000, 0x00000000e3c00000, 0x00000000e3d00000|  0%| F|  |TAMS 0x00000000e3c00000| PB 0x00000000e3c00000| Untracked 
|  61|0x00000000e3d00000, 0x00000000e3d00000, 0x00000000e3e00000|  0%| F|  |TAMS 0x00000000e3d00000| PB 0x00000000e3d00000| Untracked 
|  62|0x00000000e3e00000, 0x00000000e3e00000, 0x00000000e3f00000|  0%| F|  |TAMS 0x00000000e3e00000| PB 0x00000000e3e00000| Untracked 
|  63|0x00000000e3f00000, 0x00000000e3f00000, 0x00000000e4000000|  0%| F|  |TAMS 0x00000000e3f00000| PB 0x00000000e3f00000| Untracked 
|  64|0x00000000e4000000, 0x00000000e4000000, 0x00000000e4100000|  0%| F|  |TAMS 0x00000000e4000000| PB 0x00000000e4000000| Untracked 
|  65|0x00000000e4100000, 0x00000000e4100000, 0x00000000e4200000|  0%| F|  |TAMS 0x00000000e4100000| PB 0x00000000e4100000| Untracked 
|  66|0x00000000e4200000, 0x00000000e4200000, 0x00000000e4300000|  0%| F|  |TAMS 0x00000000e4200000| PB 0x00000000e4200000| Untracked 
|  67|0x00000000e4300000, 0x00000000e4300000, 0x00000000e4400000|  0%| F|  |TAMS 0x00000000e4300000| PB 0x00000000e4300000| Untracked 
|  68|0x00000000e4400000, 0x00000000e4400000, 0x00000000e4500000|  0%| F|  |TAMS 0x00000000e4400000| PB 0x00000000e4400000| Untracked 
|  69|0x00000000e4500000, 0x00000000e4500000, 0x00000000e4600000|  0%| F|  |TAMS 0x00000000e4500000| PB 0x00000000e4500000| Untracked 
|  70|0x00000000e4600000, 0x00000000e4600000, 0x00000000e4700000|  0%| F|  |TAMS 0x00000000e4600000| PB 0x00000000e4600000| Untracked 
|  71|0x00000000e4700000, 0x00000000e4700000, 0x00000000e4800000|  0%| F|  |TAMS 0x00000000e4700000| PB 0x00000000e4700000| Untracked 
|  72|0x00000000e4800000, 0x00000000e4800000, 0x00000000e4900000|  0%| F|  |TAMS 0x00000000e4800000| PB 0x00000000e4800000| Untracked 
|  73|0x00000000e4900000, 0x00000000e4900000, 0x00000000e4a00000|  0%| F|  |TAMS 0x00000000e4900000| PB 0x00000000e4900000| Untracked 
|  74|0x00000000e4a00000, 0x00000000e4a00000, 0x00000000e4b00000|  0%| F|  |TAMS 0x00000000e4a00000| PB 0x00000000e4a00000| Untracked 
|  75|0x00000000e4b00000, 0x00000000e4b00000, 0x00000000e4c00000|  0%| F|  |TAMS 0x00000000e4b00000| PB 0x00000000e4b00000| Untracked 
|  76|0x00000000e4c00000, 0x00000000e4c00000, 0x00000000e4d00000|  0%| F|  |TAMS 0x00000000e4c00000| PB 0x00000000e4c00000| Untracked 
|  77|0x00000000e4d00000, 0x00000000e4d00000, 0x00000000e4e00000|  0%| F|  |TAMS 0x00000000e4d00000| PB 0x00000000e4d00000| Untracked 
|  78|0x00000000e4e00000, 0x00000000e4e00000, 0x00000000e4f00000|  0%| F|  |TAMS 0x00000000e4e00000| PB 0x00000000e4e00000| Untracked 
|  79|0x00000000e4f00000, 0x00000000e4f00000, 0x00000000e5000000|  0%| F|  |TAMS 0x00000000e4f00000| PB 0x00000000e4f00000| Untracked 
|  80|0x00000000e5000000, 0x00000000e5000000, 0x00000000e5100000|  0%| F|  |TAMS 0x00000000e5000000| PB 0x00000000e5000000| Untracked 
|  81|0x00000000e5100000, 0x00000000e5100000, 0x00000000e5200000|  0%| F|  |TAMS 0x00000000e5100000| PB 0x00000000e5100000| Untracked 
|  82|0x00000000e5200000, 0x00000000e5200000, 0x00000000e5300000|  0%| F|  |TAMS 0x00000000e5200000| PB 0x00000000e5200000| Untracked 
|  83|0x00000000e5300000, 0x00000000e5300000, 0x00000000e5400000|  0%| F|  |TAMS 0x00000000e5300000| PB 0x00000000e5300000| Untracked 
|  84|0x00000000e5400000, 0x00000000e5400000, 0x00000000e5500000|  0%| F|  |TAMS 0x00000000e5400000| PB 0x00000000e5400000| Untracked 
|  85|0x00000000e5500000, 0x00000000e5500000, 0x00000000e5600000|  0%| F|  |TAMS 0x00000000e5500000| PB 0x00000000e5500000| Untracked 
|  86|0x00000000e5600000, 0x00000000e5600000, 0x00000000e5700000|  0%| F|  |TAMS 0x00000000e5600000| PB 0x00000000e5600000| Untracked 
|  87|0x00000000e5700000, 0x00000000e5700000, 0x00000000e5800000|  0%| F|  |TAMS 0x00000000e5700000| PB 0x00000000e5700000| Untracked 
|  88|0x00000000e5800000, 0x00000000e5800000, 0x00000000e5900000|  0%| F|  |TAMS 0x00000000e5800000| PB 0x00000000e5800000| Untracked 
|  89|0x00000000e5900000, 0x00000000e5900000, 0x00000000e5a00000|  0%| F|  |TAMS 0x00000000e5900000| PB 0x00000000e5900000| Untracked 
|  90|0x00000000e5a00000, 0x00000000e5a00000, 0x00000000e5b00000|  0%| F|  |TAMS 0x00000000e5a00000| PB 0x00000000e5a00000| Untracked 
|  91|0x00000000e5b00000, 0x00000000e5b00000, 0x00000000e5c00000|  0%| F|  |TAMS 0x00000000e5b00000| PB 0x00000000e5b00000| Untracked 
|  92|0x00000000e5c00000, 0x00000000e5c00000, 0x00000000e5d00000|  0%| F|  |TAMS 0x00000000e5c00000| PB 0x00000000e5c00000| Untracked 
|  93|0x00000000e5d00000, 0x00000000e5d00000, 0x00000000e5e00000|  0%| F|  |TAMS 0x00000000e5d00000| PB 0x00000000e5d00000| Untracked 
|  94|0x00000000e5e00000, 0x00000000e5e00000, 0x00000000e5f00000|  0%| F|  |TAMS 0x00000000e5e00000| PB 0x00000000e5e00000| Untracked 
|  95|0x00000000e5f00000, 0x00000000e5f00000, 0x00000000e6000000|  0%| F|  |TAMS 0x00000000e5f00000| PB 0x00000000e5f00000| Untracked 
|  96|0x00000000e6000000, 0x00000000e6000000, 0x00000000e6100000|  0%| F|  |TAMS 0x00000000e6000000| PB 0x00000000e6000000| Untracked 
|  97|0x00000000e6100000, 0x00000000e6100000, 0x00000000e6200000|  0%| F|  |TAMS 0x00000000e6100000| PB 0x00000000e6100000| Untracked 
|  98|0x00000000e6200000, 0x00000000e6200000, 0x00000000e6300000|  0%| F|  |TAMS 0x00000000e6200000| PB 0x00000000e6200000| Untracked 
|  99|0x00000000e6300000, 0x00000000e6300000, 0x00000000e6400000|  0%| F|  |TAMS 0x00000000e6300000| PB 0x00000000e6300000| Untracked 
| 100|0x00000000e6400000, 0x00000000e6400000, 0x00000000e6500000|  0%| F|  |TAMS 0x00000000e6400000| PB 0x00000000e6400000| Untracked 
| 101|0x00000000e6500000, 0x00000000e6500000, 0x00000000e6600000|  0%| F|  |TAMS 0x00000000e6500000| PB 0x00000000e6500000| Untracked 
| 102|0x00000000e6600000, 0x00000000e6600000, 0x00000000e6700000|  0%| F|  |TAMS 0x00000000e6600000| PB 0x00000000e6600000| Untracked 
| 103|0x00000000e6700000, 0x00000000e6700000, 0x00000000e6800000|  0%| F|  |TAMS 0x00000000e6700000| PB 0x00000000e6700000| Untracked 
| 104|0x00000000e6800000, 0x00000000e6800000, 0x00000000e6900000|  0%| F|  |TAMS 0x00000000e6800000| PB 0x00000000e6800000| Untracked 
| 105|0x00000000e6900000, 0x00000000e6900000, 0x00000000e6a00000|  0%| F|  |TAMS 0x00000000e6900000| PB 0x00000000e6900000| Untracked 
| 106|0x00000000e6a00000, 0x00000000e6a00000, 0x00000000e6b00000|  0%| F|  |TAMS 0x00000000e6a00000| PB 0x00000000e6a00000| Untracked 
| 107|0x00000000e6b00000, 0x00000000e6b00000, 0x00000000e6c00000|  0%| F|  |TAMS 0x00000000e6b00000| PB 0x00000000e6b00000| Untracked 
| 108|0x00000000e6c00000, 0x00000000e6c00000, 0x00000000e6d00000|  0%| F|  |TAMS 0x00000000e6c00000| PB 0x00000000e6c00000| Untracked 
| 109|0x00000000e6d00000, 0x00000000e6d00000, 0x00000000e6e00000|  0%| F|  |TAMS 0x00000000e6d00000| PB 0x00000000e6d00000| Untracked 
| 110|0x00000000e6e00000, 0x00000000e6e00000, 0x00000000e6f00000|  0%| F|  |TAMS 0x00000000e6e00000| PB 0x00000000e6e00000| Untracked 
| 111|0x00000000e6f00000, 0x00000000e6f00000, 0x00000000e7000000|  0%| F|  |TAMS 0x00000000e6f00000| PB 0x00000000e6f00000| Untracked 
| 112|0x00000000e7000000, 0x00000000e7000000, 0x00000000e7100000|  0%| F|  |TAMS 0x00000000e7000000| PB 0x00000000e7000000| Untracked 
| 113|0x00000000e7100000, 0x00000000e7100000, 0x00000000e7200000|  0%| F|  |TAMS 0x00000000e7100000| PB 0x00000000e7100000| Untracked 
| 114|0x00000000e7200000, 0x00000000e7200000, 0x00000000e7300000|  0%| F|  |TAMS 0x00000000e7200000| PB 0x00000000e7200000| Untracked 
| 115|0x00000000e7300000, 0x00000000e7300000, 0x00000000e7400000|  0%| F|  |TAMS 0x00000000e7300000| PB 0x00000000e7300000| Untracked 
| 116|0x00000000e7400000, 0x00000000e7400000, 0x00000000e7500000|  0%| F|  |TAMS 0x00000000e7400000| PB 0x00000000e7400000| Untracked 
| 117|0x00000000e7500000, 0x00000000e7500000, 0x00000000e7600000|  0%| F|  |TAMS 0x00000000e7500000| PB 0x00000000e7500000| Untracked 
| 118|0x00000000e7600000, 0x00000000e7600000, 0x00000000e7700000|  0%| F|  |TAMS 0x00000000e7600000| PB 0x00000000e7600000| Untracked 
| 119|0x00000000e7700000, 0x00000000e7700000, 0x00000000e7800000|  0%| F|  |TAMS 0x00000000e7700000| PB 0x00000000e7700000| Untracked 
| 120|0x00000000e7800000, 0x00000000e7800000, 0x00000000e7900000|  0%| F|  |TAMS 0x00000000e7800000| PB 0x00000000e7800000| Untracked 
| 121|0x00000000e7900000, 0x00000000e7900000, 0x00000000e7a00000|  0%| F|  |TAMS 0x00000000e7900000| PB 0x00000000e7900000| Untracked 
| 122|0x00000000e7a00000, 0x00000000e7b00000, 0x00000000e7b00000|100%| E|  |TAMS 0x00000000e7a00000| PB 0x00000000e7a00000| Complete 
| 123|0x00000000e7b00000, 0x00000000e7c00000, 0x00000000e7c00000|100%| E|CS|TAMS 0x00000000e7b00000| PB 0x00000000e7b00000| Complete 
| 124|0x00000000e7c00000, 0x00000000e7d00000, 0x00000000e7d00000|100%| E|CS|TAMS 0x00000000e7c00000| PB 0x00000000e7c00000| Complete 
| 125|0x00000000e7d00000, 0x00000000e7e00000, 0x00000000e7e00000|100%| E|CS|TAMS 0x00000000e7d00000| PB 0x00000000e7d00000| Complete 
| 126|0x00000000e7e00000, 0x00000000e7f00000, 0x00000000e7f00000|100%| E|CS|TAMS 0x00000000e7e00000| PB 0x00000000e7e00000| Complete 
| 127|0x00000000e7f00000, 0x00000000e8000000, 0x00000000e8000000|100%| E|CS|TAMS 0x00000000e7f00000| PB 0x00000000e7f00000| Complete 
| 128|0x00000000e8000000, 0x00000000e8100000, 0x00000000e8100000|100%| E|CS|TAMS 0x00000000e8000000| PB 0x00000000e8000000| Complete 
| 129|0x00000000e8100000, 0x00000000e8200000, 0x00000000e8200000|100%| E|CS|TAMS 0x00000000e8100000| PB 0x00000000e8100000| Complete 
| 130|0x00000000e8200000, 0x00000000e8300000, 0x00000000e8300000|100%| E|CS|TAMS 0x00000000e8200000| PB 0x00000000e8200000| Complete 
| 131|0x00000000e8300000, 0x00000000e8400000, 0x00000000e8400000|100%| E|CS|TAMS 0x00000000e8300000| PB 0x00000000e8300000| Complete 
| 132|0x00000000e8400000, 0x00000000e8500000, 0x00000000e8500000|100%| E|CS|TAMS 0x00000000e8400000| PB 0x00000000e8400000| Complete 
| 133|0x00000000e8500000, 0x00000000e8600000, 0x00000000e8600000|100%| E|CS|TAMS 0x00000000e8500000| PB 0x00000000e8500000| Complete 
| 134|0x00000000e8600000, 0x00000000e8700000, 0x00000000e8700000|100%| E|CS|TAMS 0x00000000e8600000| PB 0x00000000e8600000| Complete 
| 135|0x00000000e8700000, 0x00000000e8800000, 0x00000000e8800000|100%| E|CS|TAMS 0x00000000e8700000| PB 0x00000000e8700000| Complete 
| 136|0x00000000e8800000, 0x00000000e8900000, 0x00000000e8900000|100%| E|CS|TAMS 0x00000000e8800000| PB 0x00000000e8800000| Complete 
| 137|0x00000000e8900000, 0x00000000e8a00000, 0x00000000e8a00000|100%| E|CS|TAMS 0x00000000e8900000| PB 0x00000000e8900000| Complete 
| 138|0x00000000e8a00000, 0x00000000e8b00000, 0x00000000e8b00000|100%| E|CS|TAMS 0x00000000e8a00000| PB 0x00000000e8a00000| Complete 
| 139|0x00000000e8b00000, 0x00000000e8c00000, 0x00000000e8c00000|100%| E|CS|TAMS 0x00000000e8b00000| PB 0x00000000e8b00000| Complete 
| 140|0x00000000e8c00000, 0x00000000e8d00000, 0x00000000e8d00000|100%| E|CS|TAMS 0x00000000e8c00000| PB 0x00000000e8c00000| Complete 
| 141|0x00000000e8d00000, 0x00000000e8e00000, 0x00000000e8e00000|100%| E|CS|TAMS 0x00000000e8d00000| PB 0x00000000e8d00000| Complete 
| 142|0x00000000e8e00000, 0x00000000e8f00000, 0x00000000e8f00000|100%| E|CS|TAMS 0x00000000e8e00000| PB 0x00000000e8e00000| Complete 
| 143|0x00000000e8f00000, 0x00000000e9000000, 0x00000000e9000000|100%| E|CS|TAMS 0x00000000e8f00000| PB 0x00000000e8f00000| Complete 
| 144|0x00000000e9000000, 0x00000000e9100000, 0x00000000e9100000|100%| E|CS|TAMS 0x00000000e9000000| PB 0x00000000e9000000| Complete 
| 145|0x00000000e9100000, 0x00000000e9200000, 0x00000000e9200000|100%| E|CS|TAMS 0x00000000e9100000| PB 0x00000000e9100000| Complete 
| 146|0x00000000e9200000, 0x00000000e9300000, 0x00000000e9300000|100%| E|CS|TAMS 0x00000000e9200000| PB 0x00000000e9200000| Complete 
| 147|0x00000000e9300000, 0x00000000e9400000, 0x00000000e9400000|100%| E|CS|TAMS 0x00000000e9300000| PB 0x00000000e9300000| Complete 
| 148|0x00000000e9400000, 0x00000000e9500000, 0x00000000e9500000|100%| E|CS|TAMS 0x00000000e9400000| PB 0x00000000e9400000| Complete 
| 149|0x00000000e9500000, 0x00000000e9600000, 0x00000000e9600000|100%| E|CS|TAMS 0x00000000e9500000| PB 0x00000000e9500000| Complete 
| 150|0x00000000e9600000, 0x00000000e9700000, 0x00000000e9700000|100%| E|CS|TAMS 0x00000000e9600000| PB 0x00000000e9600000| Complete 
| 151|0x00000000e9700000, 0x00000000e9800000, 0x00000000e9800000|100%| E|CS|TAMS 0x00000000e9700000| PB 0x00000000e9700000| Complete 
| 152|0x00000000e9800000, 0x00000000e9900000, 0x00000000e9900000|100%| E|CS|TAMS 0x00000000e9800000| PB 0x00000000e9800000| Complete 
| 153|0x00000000e9900000, 0x00000000e9a00000, 0x00000000e9a00000|100%| E|CS|TAMS 0x00000000e9900000| PB 0x00000000e9900000| Complete 
| 154|0x00000000e9a00000, 0x00000000e9b00000, 0x00000000e9b00000|100%| E|CS|TAMS 0x00000000e9a00000| PB 0x00000000e9a00000| Complete 
| 155|0x00000000e9b00000, 0x00000000e9c00000, 0x00000000e9c00000|100%| E|CS|TAMS 0x00000000e9b00000| PB 0x00000000e9b00000| Complete 
| 156|0x00000000e9c00000, 0x00000000e9d00000, 0x00000000e9d00000|100%| E|CS|TAMS 0x00000000e9c00000| PB 0x00000000e9c00000| Complete 
| 157|0x00000000e9d00000, 0x00000000e9e00000, 0x00000000e9e00000|100%| E|CS|TAMS 0x00000000e9d00000| PB 0x00000000e9d00000| Complete 
| 158|0x00000000e9e00000, 0x00000000e9f00000, 0x00000000e9f00000|100%| E|CS|TAMS 0x00000000e9e00000| PB 0x00000000e9e00000| Complete 
| 159|0x00000000e9f00000, 0x00000000ea000000, 0x00000000ea000000|100%| E|CS|TAMS 0x00000000e9f00000| PB 0x00000000e9f00000| Complete 
| 160|0x00000000ea000000, 0x00000000ea100000, 0x00000000ea100000|100%| E|CS|TAMS 0x00000000ea000000| PB 0x00000000ea000000| Complete 
| 161|0x00000000ea100000, 0x00000000ea200000, 0x00000000ea200000|100%| E|CS|TAMS 0x00000000ea100000| PB 0x00000000ea100000| Complete 
| 162|0x00000000ea200000, 0x00000000ea300000, 0x00000000ea300000|100%| E|CS|TAMS 0x00000000ea200000| PB 0x00000000ea200000| Complete 
| 163|0x00000000ea300000, 0x00000000ea400000, 0x00000000ea400000|100%| E|CS|TAMS 0x00000000ea300000| PB 0x00000000ea300000| Complete 
| 164|0x00000000ea400000, 0x00000000ea500000, 0x00000000ea500000|100%| E|CS|TAMS 0x00000000ea400000| PB 0x00000000ea400000| Complete 
| 165|0x00000000ea500000, 0x00000000ea600000, 0x00000000ea600000|100%| E|CS|TAMS 0x00000000ea500000| PB 0x00000000ea500000| Complete 
| 166|0x00000000ea600000, 0x00000000ea700000, 0x00000000ea700000|100%| E|CS|TAMS 0x00000000ea600000| PB 0x00000000ea600000| Complete 
| 167|0x00000000ea700000, 0x00000000ea800000, 0x00000000ea800000|100%| E|CS|TAMS 0x00000000ea700000| PB 0x00000000ea700000| Complete 
| 168|0x00000000ea800000, 0x00000000ea900000, 0x00000000ea900000|100%| E|CS|TAMS 0x00000000ea800000| PB 0x00000000ea800000| Complete 
| 169|0x00000000ea900000, 0x00000000eaa00000, 0x00000000eaa00000|100%| E|CS|TAMS 0x00000000ea900000| PB 0x00000000ea900000| Complete 
| 170|0x00000000eaa00000, 0x00000000eab00000, 0x00000000eab00000|100%| E|CS|TAMS 0x00000000eaa00000| PB 0x00000000eaa00000| Complete 
| 171|0x00000000eab00000, 0x00000000eac00000, 0x00000000eac00000|100%| E|CS|TAMS 0x00000000eab00000| PB 0x00000000eab00000| Complete 
| 172|0x00000000eac00000, 0x00000000ead00000, 0x00000000ead00000|100%| E|CS|TAMS 0x00000000eac00000| PB 0x00000000eac00000| Complete 
| 173|0x00000000ead00000, 0x00000000eae00000, 0x00000000eae00000|100%| E|CS|TAMS 0x00000000ead00000| PB 0x00000000ead00000| Complete 
| 174|0x00000000eae00000, 0x00000000eaf00000, 0x00000000eaf00000|100%| E|CS|TAMS 0x00000000eae00000| PB 0x00000000eae00000| Complete 
| 175|0x00000000eaf00000, 0x00000000eb000000, 0x00000000eb000000|100%| E|CS|TAMS 0x00000000eaf00000| PB 0x00000000eaf00000| Complete 
| 176|0x00000000eb000000, 0x00000000eb100000, 0x00000000eb100000|100%| E|CS|TAMS 0x00000000eb000000| PB 0x00000000eb000000| Complete 
| 177|0x00000000eb100000, 0x00000000eb200000, 0x00000000eb200000|100%| E|CS|TAMS 0x00000000eb100000| PB 0x00000000eb100000| Complete 
| 178|0x00000000eb200000, 0x00000000eb300000, 0x00000000eb300000|100%| E|CS|TAMS 0x00000000eb200000| PB 0x00000000eb200000| Complete 
| 179|0x00000000eb300000, 0x00000000eb400000, 0x00000000eb400000|100%| E|CS|TAMS 0x00000000eb300000| PB 0x00000000eb300000| Complete 
| 180|0x00000000eb400000, 0x00000000eb500000, 0x00000000eb500000|100%| E|CS|TAMS 0x00000000eb400000| PB 0x00000000eb400000| Complete 
| 181|0x00000000eb500000, 0x00000000eb600000, 0x00000000eb600000|100%| E|CS|TAMS 0x00000000eb500000| PB 0x00000000eb500000| Complete 
| 182|0x00000000eb600000, 0x00000000eb700000, 0x00000000eb700000|100%| E|CS|TAMS 0x00000000eb600000| PB 0x00000000eb600000| Complete 
| 183|0x00000000eb700000, 0x00000000eb800000, 0x00000000eb800000|100%| E|CS|TAMS 0x00000000eb700000| PB 0x00000000eb700000| Complete 
| 184|0x00000000eb800000, 0x00000000eb900000, 0x00000000eb900000|100%| E|CS|TAMS 0x00000000eb800000| PB 0x00000000eb800000| Complete 
| 185|0x00000000eb900000, 0x00000000eba00000, 0x00000000eba00000|100%| E|CS|TAMS 0x00000000eb900000| PB 0x00000000eb900000| Complete 
| 186|0x00000000eba00000, 0x00000000ebb00000, 0x00000000ebb00000|100%| E|CS|TAMS 0x00000000eba00000| PB 0x00000000eba00000| Complete 
| 187|0x00000000ebb00000, 0x00000000ebc00000, 0x00000000ebc00000|100%| E|CS|TAMS 0x00000000ebb00000| PB 0x00000000ebb00000| Complete 
| 188|0x00000000ebc00000, 0x00000000ebd00000, 0x00000000ebd00000|100%| E|CS|TAMS 0x00000000ebc00000| PB 0x00000000ebc00000| Complete 
| 189|0x00000000ebd00000, 0x00000000ebe00000, 0x00000000ebe00000|100%| E|CS|TAMS 0x00000000ebd00000| PB 0x00000000ebd00000| Complete 
| 190|0x00000000ebe00000, 0x00000000ebf00000, 0x00000000ebf00000|100%| E|CS|TAMS 0x00000000ebe00000| PB 0x00000000ebe00000| Complete 
| 191|0x00000000ebf00000, 0x00000000ec000000, 0x00000000ec000000|100%| E|CS|TAMS 0x00000000ebf00000| PB 0x00000000ebf00000| Complete 
| 192|0x00000000ec000000, 0x00000000ec100000, 0x00000000ec100000|100%| E|CS|TAMS 0x00000000ec000000| PB 0x00000000ec000000| Complete 
| 193|0x00000000ec100000, 0x00000000ec200000, 0x00000000ec200000|100%| E|CS|TAMS 0x00000000ec100000| PB 0x00000000ec100000| Complete 
| 194|0x00000000ec200000, 0x00000000ec300000, 0x00000000ec300000|100%| E|CS|TAMS 0x00000000ec200000| PB 0x00000000ec200000| Complete 
| 195|0x00000000ec300000, 0x00000000ec400000, 0x00000000ec400000|100%| E|CS|TAMS 0x00000000ec300000| PB 0x00000000ec300000| Complete 
| 196|0x00000000ec400000, 0x00000000ec500000, 0x00000000ec500000|100%| E|CS|TAMS 0x00000000ec400000| PB 0x00000000ec400000| Complete 
| 197|0x00000000ec500000, 0x00000000ec600000, 0x00000000ec600000|100%| E|CS|TAMS 0x00000000ec500000| PB 0x00000000ec500000| Complete 
| 198|0x00000000ec600000, 0x00000000ec700000, 0x00000000ec700000|100%| E|CS|TAMS 0x00000000ec600000| PB 0x00000000ec600000| Complete 
| 199|0x00000000ec700000, 0x00000000ec800000, 0x00000000ec800000|100%| E|  |TAMS 0x00000000ec700000| PB 0x00000000ec700000| Complete 
| 200|0x00000000ec800000, 0x00000000ec900000, 0x00000000ec900000|100%| E|CS|TAMS 0x00000000ec800000| PB 0x00000000ec800000| Complete 
| 201|0x00000000ec900000, 0x00000000eca00000, 0x00000000eca00000|100%| E|CS|TAMS 0x00000000ec900000| PB 0x00000000ec900000| Complete 
| 202|0x00000000eca00000, 0x00000000ecb00000, 0x00000000ecb00000|100%| E|CS|TAMS 0x00000000eca00000| PB 0x00000000eca00000| Complete 
| 203|0x00000000ecb00000, 0x00000000ecc00000, 0x00000000ecc00000|100%| E|CS|TAMS 0x00000000ecb00000| PB 0x00000000ecb00000| Complete 
| 204|0x00000000ecc00000, 0x00000000ecd00000, 0x00000000ecd00000|100%| E|CS|TAMS 0x00000000ecc00000| PB 0x00000000ecc00000| Complete 
| 205|0x00000000ecd00000, 0x00000000ece00000, 0x00000000ece00000|100%| E|CS|TAMS 0x00000000ecd00000| PB 0x00000000ecd00000| Complete 
| 206|0x00000000ece00000, 0x00000000ecf00000, 0x00000000ecf00000|100%| E|CS|TAMS 0x00000000ece00000| PB 0x00000000ece00000| Complete 
| 207|0x00000000ecf00000, 0x00000000ed000000, 0x00000000ed000000|100%| E|CS|TAMS 0x00000000ecf00000| PB 0x00000000ecf00000| Complete 
| 208|0x00000000ed000000, 0x00000000ed100000, 0x00000000ed100000|100%| E|CS|TAMS 0x00000000ed000000| PB 0x00000000ed000000| Complete 
| 209|0x00000000ed100000, 0x00000000ed200000, 0x00000000ed200000|100%| E|CS|TAMS 0x00000000ed100000| PB 0x00000000ed100000| Complete 
| 210|0x00000000ed200000, 0x00000000ed300000, 0x00000000ed300000|100%| E|CS|TAMS 0x00000000ed200000| PB 0x00000000ed200000| Complete 
| 211|0x00000000ed300000, 0x00000000ed400000, 0x00000000ed400000|100%| E|CS|TAMS 0x00000000ed300000| PB 0x00000000ed300000| Complete 
| 212|0x00000000ed400000, 0x00000000ed500000, 0x00000000ed500000|100%| E|CS|TAMS 0x00000000ed400000| PB 0x00000000ed400000| Complete 
| 213|0x00000000ed500000, 0x00000000ed600000, 0x00000000ed600000|100%| E|CS|TAMS 0x00000000ed500000| PB 0x00000000ed500000| Complete 
| 214|0x00000000ed600000, 0x00000000ed700000, 0x00000000ed700000|100%| E|CS|TAMS 0x00000000ed600000| PB 0x00000000ed600000| Complete 
| 215|0x00000000ed700000, 0x00000000ed800000, 0x00000000ed800000|100%| E|CS|TAMS 0x00000000ed700000| PB 0x00000000ed700000| Complete 
| 216|0x00000000ed800000, 0x00000000ed900000, 0x00000000ed900000|100%| E|CS|TAMS 0x00000000ed800000| PB 0x00000000ed800000| Complete 
| 217|0x00000000ed900000, 0x00000000eda00000, 0x00000000eda00000|100%| E|CS|TAMS 0x00000000ed900000| PB 0x00000000ed900000| Complete 
| 218|0x00000000eda00000, 0x00000000edb00000, 0x00000000edb00000|100%| E|CS|TAMS 0x00000000eda00000| PB 0x00000000eda00000| Complete 
| 219|0x00000000edb00000, 0x00000000edc00000, 0x00000000edc00000|100%| E|CS|TAMS 0x00000000edb00000| PB 0x00000000edb00000| Complete 
| 220|0x00000000edc00000, 0x00000000edd00000, 0x00000000edd00000|100%| E|CS|TAMS 0x00000000edc00000| PB 0x00000000edc00000| Complete 
| 221|0x00000000edd00000, 0x00000000ede00000, 0x00000000ede00000|100%| E|CS|TAMS 0x00000000edd00000| PB 0x00000000edd00000| Complete 
| 222|0x00000000ede00000, 0x00000000edf00000, 0x00000000edf00000|100%| E|CS|TAMS 0x00000000ede00000| PB 0x00000000ede00000| Complete 
| 223|0x00000000edf00000, 0x00000000ee000000, 0x00000000ee000000|100%| E|CS|TAMS 0x00000000edf00000| PB 0x00000000edf00000| Complete 
| 224|0x00000000ee000000, 0x00000000ee100000, 0x00000000ee100000|100%| E|CS|TAMS 0x00000000ee000000| PB 0x00000000ee000000| Complete 
| 225|0x00000000ee100000, 0x00000000ee200000, 0x00000000ee200000|100%| S|CS|TAMS 0x00000000ee100000| PB 0x00000000ee100000| Complete 
| 226|0x00000000ee200000, 0x00000000ee300000, 0x00000000ee300000|100%| S|CS|TAMS 0x00000000ee200000| PB 0x00000000ee200000| Complete 
| 227|0x00000000ee300000, 0x00000000ee400000, 0x00000000ee400000|100%| S|CS|TAMS 0x00000000ee300000| PB 0x00000000ee300000| Complete 
| 228|0x00000000ee400000, 0x00000000ee500000, 0x00000000ee500000|100%| S|CS|TAMS 0x00000000ee400000| PB 0x00000000ee400000| Complete 
| 229|0x00000000ee500000, 0x00000000ee600000, 0x00000000ee600000|100%| E|CS|TAMS 0x00000000ee500000| PB 0x00000000ee500000| Complete 
| 230|0x00000000ee600000, 0x00000000ee700000, 0x00000000ee700000|100%| E|CS|TAMS 0x00000000ee600000| PB 0x00000000ee600000| Complete 
| 231|0x00000000ee700000, 0x00000000ee800000, 0x00000000ee800000|100%| E|CS|TAMS 0x00000000ee700000| PB 0x00000000ee700000| Complete 
| 232|0x00000000ee800000, 0x00000000ee900000, 0x00000000ee900000|100%| E|CS|TAMS 0x00000000ee800000| PB 0x00000000ee800000| Complete 
| 233|0x00000000ee900000, 0x00000000eea00000, 0x00000000eea00000|100%| E|CS|TAMS 0x00000000ee900000| PB 0x00000000ee900000| Complete 
| 234|0x00000000eea00000, 0x00000000eeb00000, 0x00000000eeb00000|100%| E|CS|TAMS 0x00000000eea00000| PB 0x00000000eea00000| Complete 
| 235|0x00000000eeb00000, 0x00000000eec00000, 0x00000000eec00000|100%| E|CS|TAMS 0x00000000eeb00000| PB 0x00000000eeb00000| Complete 
| 236|0x00000000eec00000, 0x00000000eed00000, 0x00000000eed00000|100%| E|CS|TAMS 0x00000000eec00000| PB 0x00000000eec00000| Complete 
| 237|0x00000000eed00000, 0x00000000eee00000, 0x00000000eee00000|100%| E|CS|TAMS 0x00000000eed00000| PB 0x00000000eed00000| Complete 
| 238|0x00000000eee00000, 0x00000000eef00000, 0x00000000eef00000|100%| E|CS|TAMS 0x00000000eee00000| PB 0x00000000eee00000| Complete 
| 239|0x00000000eef00000, 0x00000000ef000000, 0x00000000ef000000|100%| E|CS|TAMS 0x00000000eef00000| PB 0x00000000eef00000| Complete 
| 240|0x00000000ef000000, 0x00000000ef100000, 0x00000000ef100000|100%| E|CS|TAMS 0x00000000ef000000| PB 0x00000000ef000000| Complete 
| 241|0x00000000ef100000, 0x00000000ef200000, 0x00000000ef200000|100%| E|CS|TAMS 0x00000000ef100000| PB 0x00000000ef100000| Complete 
| 242|0x00000000ef200000, 0x00000000ef300000, 0x00000000ef300000|100%| E|CS|TAMS 0x00000000ef200000| PB 0x00000000ef200000| Complete 
| 243|0x00000000ef300000, 0x00000000ef400000, 0x00000000ef400000|100%| E|CS|TAMS 0x00000000ef300000| PB 0x00000000ef300000| Complete 
| 244|0x00000000ef400000, 0x00000000ef500000, 0x00000000ef500000|100%| E|CS|TAMS 0x00000000ef400000| PB 0x00000000ef400000| Complete 
| 245|0x00000000ef500000, 0x00000000ef600000, 0x00000000ef600000|100%| E|CS|TAMS 0x00000000ef500000| PB 0x00000000ef500000| Complete 
| 246|0x00000000ef600000, 0x00000000ef700000, 0x00000000ef700000|100%| E|CS|TAMS 0x00000000ef600000| PB 0x00000000ef600000| Complete 
| 247|0x00000000ef700000, 0x00000000ef800000, 0x00000000ef800000|100%| E|CS|TAMS 0x00000000ef700000| PB 0x00000000ef700000| Complete 
| 248|0x00000000ef800000, 0x00000000ef900000, 0x00000000ef900000|100%| E|CS|TAMS 0x00000000ef800000| PB 0x00000000ef800000| Complete 
| 249|0x00000000ef900000, 0x00000000efa00000, 0x00000000efa00000|100%| E|CS|TAMS 0x00000000ef900000| PB 0x00000000ef900000| Complete 
| 250|0x00000000efa00000, 0x00000000efb00000, 0x00000000efb00000|100%| E|CS|TAMS 0x00000000efa00000| PB 0x00000000efa00000| Complete 
| 251|0x00000000efb00000, 0x00000000efc00000, 0x00000000efc00000|100%| E|CS|TAMS 0x00000000efb00000| PB 0x00000000efb00000| Complete 
| 252|0x00000000efc00000, 0x00000000efd00000, 0x00000000efd00000|100%| E|CS|TAMS 0x00000000efc00000| PB 0x00000000efc00000| Complete 
| 253|0x00000000efd00000, 0x00000000efe00000, 0x00000000efe00000|100%| E|CS|TAMS 0x00000000efd00000| PB 0x00000000efd00000| Complete 
| 254|0x00000000efe00000, 0x00000000eff00000, 0x00000000eff00000|100%| E|CS|TAMS 0x00000000efe00000| PB 0x00000000efe00000| Complete 
| 255|0x00000000eff00000, 0x00000000f0000000, 0x00000000f0000000|100%| E|CS|TAMS 0x00000000eff00000| PB 0x00000000eff00000| Complete 

Card table byte_map: [0x000001fd666d0000,0x000001fd667d0000] _byte_map_base: 0x000001fd65fd0000

Marking Bits: (CMBitMap*) 0x000001fd4f279730
 Bits: [0x000001fd667d0000, 0x000001fd66fd0000)

Polling page: 0x000001fd4d0f0000

Metaspace:

Usage:
  Non-class:     14.51 MB used.
      Class:      2.33 MB used.
       Both:     16.84 MB used.

Virtual space:
  Non-class space:       64.00 MB reserved,      14.75 MB ( 23%) committed,  1 nodes.
      Class space:      320.00 MB reserved,       2.56 MB ( <1%) committed,  1 nodes.
             Both:      384.00 MB reserved,      17.31 MB (  5%) committed. 

Chunk freelists:
   Non-Class:  304.00 KB
       Class:  13.45 MB
        Both:  13.75 MB

MaxMetaspaceSize: 384.00 MB
CompressedClassSpaceSize: 320.00 MB
Initial GC threshold: 21.00 MB
Current GC threshold: 21.00 MB
CDS: on
 - commit_granule_bytes: 65536.
 - commit_granule_words: 8192.
 - virtual_space_node_default_size: 8388608.
 - enlarge_chunks_in_place: 1.
 - use_allocation_guard: 0.


Internal statistics:

num_allocs_failed_limit: 0.
num_arena_births: 690.
num_arena_deaths: 0.
num_vsnodes_births: 2.
num_vsnodes_deaths: 0.
num_space_committed: 277.
num_space_uncommitted: 0.
num_chunks_returned_to_freelist: 0.
num_chunks_taken_from_freelist: 1317.
num_chunk_merges: 0.
num_chunk_splits: 850.
num_chunks_enlarged: 570.
num_inconsistent_stats: 0.

CodeHeap 'non-profiled nmethods': size=120000Kb used=1509Kb max_used=1509Kb free=118490Kb
 bounds [0x000001fd5f1a0000, 0x000001fd5f410000, 0x000001fd666d0000]
CodeHeap 'profiled nmethods': size=120000Kb used=5825Kb max_used=5825Kb free=114174Kb
 bounds [0x000001fd576d0000, 0x000001fd57c90000, 0x000001fd5ec00000]
CodeHeap 'non-nmethods': size=5760Kb used=1491Kb max_used=1569Kb free=4268Kb
 bounds [0x000001fd5ec00000, 0x000001fd5ee70000, 0x000001fd5f1a0000]
 total_blobs=3442 nmethods=2874 adapters=472
 compilation: enabled
              stopped_count=0, restarted_count=0
 full_count=0

Compilation events (20 events):
Event: 28.478 Thread 0x000001fd695defa0 2862       3       java.lang.invoke.DirectMethodHandle::afIndex (20 bytes)
Event: 28.479 Thread 0x000001fd695defa0 nmethod 2862 0x000001fd57c78210 code [0x000001fd57c783a0, 0x000001fd57c784f0]
Event: 28.479 Thread 0x000001fd695defa0 2863       3       java.lang.invoke.MethodHandles$Lookup::getDirectFieldCommon (67 bytes)
Event: 28.480 Thread 0x000001fd695defa0 nmethod 2863 0x000001fd57c78590 code [0x000001fd57c787a0, 0x000001fd57c78c30]
Event: 28.480 Thread 0x000001fd695defa0 2864       3       java.lang.invoke.DirectMethodHandle::ftypeKind (38 bytes)
Event: 28.480 Thread 0x000001fd695defa0 nmethod 2864 0x000001fd57c78e10 code [0x000001fd57c79000, 0x000001fd57c792e8]
Event: 28.481 Thread 0x000001fd695defa0 2865   !   3       java.lang.invoke.ClassSpecializer$Factory::findGetter (41 bytes)
Event: 28.481 Thread 0x000001fd695defa0 nmethod 2865 0x000001fd57c79410 code [0x000001fd57c79600, 0x000001fd57c79b30]
Event: 28.481 Thread 0x000001fd695defa0 2866       3       java.lang.invoke.MethodHandles$Lookup::getDirectField (12 bytes)
Event: 28.482 Thread 0x000001fd695defa0 nmethod 2866 0x000001fd57c79d10 code [0x000001fd57c79ec0, 0x000001fd57c7a000]
Event: 28.487 Thread 0x000001fd695defa0 2869       3       java.lang.invoke.LambdaFormEditor::buffer (12 bytes)
Event: 28.488 Thread 0x000001fd695defa0 nmethod 2869 0x000001fd57c7a090 code [0x000001fd57c7a240, 0x000001fd57c7a3f8]
Event: 28.488 Thread 0x000001fd695defa0 2870       3       java.lang.invoke.LambdaFormBuffer::<init> (89 bytes)
Event: 28.488 Thread 0x000001fd695defa0 nmethod 2870 0x000001fd57c7a490 code [0x000001fd57c7a660, 0x000001fd57c7aa40]
Event: 28.491 Thread 0x000001fd695defa0 2872   !   3       java.lang.invoke.LambdaFormEditor::putInCache (523 bytes)
Event: 28.495 Thread 0x000001fd695defa0 nmethod 2872 0x000001fd57c7ab90 code [0x000001fd57c7b020, 0x000001fd57c7db70]
Event: 28.506 Thread 0x000001fd695defa0 2874       1       java.util.stream.ReferencePipeline$StatelessOp::opIsStateful (2 bytes)
Event: 28.506 Thread 0x000001fd695defa0 nmethod 2874 0x000001fd5f319210 code [0x000001fd5f3193a0, 0x000001fd5f319468]
Event: 28.507 Thread 0x000001fd695defa0 2875       3       java.lang.invoke.DirectMethodHandle::makeAllocator (137 bytes)
Event: 28.508 Thread 0x000001fd695defa0 nmethod 2875 0x000001fd57c7ed10 code [0x000001fd57c7ef20, 0x000001fd57c7f3b0]

GC Heap History (4 events):
Event: 2.203 GC heap before
{Heap before GC invocations=0 (full 0):
 garbage-first heap   total 262144K, used 12288K [0x00000000e0000000, 0x0000000100000000)
  region size 1024K, 13 young (13312K), 0 survivors (0K)
 Metaspace       used 822K, committed 960K, reserved 393216K
  class space    used 67K, committed 128K, reserved 327680K
}
Event: 2.216 GC heap after
{Heap after GC invocations=1 (full 0):
 garbage-first heap   total 262144K, used 1280K [0x00000000e0000000, 0x0000000100000000)
  region size 1024K, 2 young (2048K), 2 survivors (2048K)
 Metaspace       used 822K, committed 960K, reserved 393216K
  class space    used 67K, committed 128K, reserved 327680K
}
Event: 11.469 GC heap before
{Heap before GC invocations=1 (full 0):
 garbage-first heap   total 262144K, used 28928K [0x00000000e0000000, 0x0000000100000000)
  region size 1024K, 27 young (27648K), 2 survivors (2048K)
 Metaspace       used 3425K, committed 3584K, reserved 393216K
  class space    used 428K, committed 512K, reserved 327680K
}
Event: 11.482 GC heap after
{Heap after GC invocations=2 (full 0):
 garbage-first heap   total 262144K, used 9991K [0x00000000e0000000, 0x0000000100000000)
  region size 1024K, 4 young (4096K), 4 survivors (4096K)
 Metaspace       used 3425K, committed 3584K, reserved 393216K
  class space    used 428K, committed 512K, reserved 327680K
}

Dll operation events (15 events):
Event: 0.244 Loaded shared library C:\Program Files\Java\jdk-21\bin\java.dll
Event: 0.468 Loaded shared library C:\Program Files\Java\jdk-21\bin\jsvml.dll
Event: 0.647 Loaded shared library C:\Program Files\Java\jdk-21\bin\zip.dll
Event: 0.662 Loaded shared library C:\Program Files\Java\jdk-21\bin\instrument.dll
Event: 0.670 Loaded shared library C:\Program Files\Java\jdk-21\bin\net.dll
Event: 0.673 Loaded shared library C:\Program Files\Java\jdk-21\bin\nio.dll
Event: 0.681 Loaded shared library C:\Program Files\Java\jdk-21\bin\zip.dll
Event: 3.377 Loaded shared library C:\Program Files\Java\jdk-21\bin\jimage.dll
Event: 6.761 Loaded shared library C:\Program Files\Java\jdk-21\bin\verify.dll
Event: 9.553 Loaded shared library C:\Users\Youbitech\.gradle\native\1def1411415f61bf3af743bc5b6707747c0891f09f0c88961ee8f79bc544acac\windows-amd64\native-platform.dll
Event: 9.709 Loaded shared library C:\Users\Youbitech\.gradle\native\0.2.7\x86_64-windows-gnu\gradle-fileevents.dll
Event: 21.060 Loaded shared library C:\Program Files\Java\jdk-21\bin\management.dll
Event: 21.118 Loaded shared library C:\Program Files\Java\jdk-21\bin\management_ext.dll
Event: 21.791 Loaded shared library C:\Program Files\Java\jdk-21\bin\extnet.dll
Event: 22.804 Loaded shared library C:\Program Files\Java\jdk-21\bin\sunmscapi.dll

Deoptimization events (20 events):
Event: 25.075 Thread 0x000001fd04e8d450 Uncommon trap: trap_request=0xffffff45 fr.pc=0x000001fd5f2a98fc relative=0x000000000000041c
Event: 25.075 Thread 0x000001fd04e8d450 Uncommon trap: reason=unstable_if action=reinterpret pc=0x000001fd5f2a98fc method=java.util.HashMap.getNode(Ljava/lang/Object;)Ljava/util/HashMap$Node; @ 66 c2
Event: 25.075 Thread 0x000001fd04e8d450 DEOPT PACKING pc=0x000001fd5f2a98fc sp=0x000000b2949fc2f0
Event: 25.075 Thread 0x000001fd04e8d450 DEOPT UNPACKING pc=0x000001fd5ec546a2 sp=0x000000b2949fc270 mode 2
Event: 25.095 Thread 0x000001fd04e8d450 Uncommon trap: trap_request=0xffffff45 fr.pc=0x000001fd5f268040 relative=0x0000000000000280
Event: 25.095 Thread 0x000001fd04e8d450 Uncommon trap: reason=unstable_if action=reinterpret pc=0x000001fd5f268040 method=java.util.concurrent.ConcurrentHashMap.get(Ljava/lang/Object;)Ljava/lang/Object; @ 76 c2
Event: 25.095 Thread 0x000001fd04e8d450 DEOPT PACKING pc=0x000001fd5f268040 sp=0x000000b2949fb890
Event: 25.095 Thread 0x000001fd04e8d450 DEOPT UNPACKING pc=0x000001fd5ec546a2 sp=0x000000b2949fb808 mode 2
Event: 26.310 Thread 0x000001fd04e8d450 Uncommon trap: trap_request=0xffffff45 fr.pc=0x000001fd5f1c398c relative=0x0000000000000d8c
Event: 26.310 Thread 0x000001fd04e8d450 Uncommon trap: reason=unstable_if action=reinterpret pc=0x000001fd5f1c398c method=java.io.WinNTFileSystem.resolve(Ljava/lang/String;Ljava/lang/String;)Ljava/lang/String; @ 19 c2
Event: 26.310 Thread 0x000001fd04e8d450 DEOPT PACKING pc=0x000001fd5f1c398c sp=0x000000b2949fb1b0
Event: 26.310 Thread 0x000001fd04e8d450 DEOPT UNPACKING pc=0x000001fd5ec546a2 sp=0x000000b2949fb148 mode 2
Event: 26.321 Thread 0x000001fd04e8d450 Uncommon trap: trap_request=0xffffff45 fr.pc=0x000001fd5f1d0cfc relative=0x000000000000069c
Event: 26.321 Thread 0x000001fd04e8d450 Uncommon trap: reason=unstable_if action=reinterpret pc=0x000001fd5f1d0cfc method=java.io.File.getName()Ljava/lang/String; @ 16 c2
Event: 26.321 Thread 0x000001fd04e8d450 DEOPT PACKING pc=0x000001fd5f1d0cfc sp=0x000000b2949fb170
Event: 26.321 Thread 0x000001fd04e8d450 DEOPT UNPACKING pc=0x000001fd5ec546a2 sp=0x000000b2949fb140 mode 2
Event: 27.393 Thread 0x000001fd04e8d450 Uncommon trap: trap_request=0xffffff45 fr.pc=0x000001fd5f1e811c relative=0x00000000000000fc
Event: 27.393 Thread 0x000001fd04e8d450 Uncommon trap: reason=unstable_if action=reinterpret pc=0x000001fd5f1e811c method=java.util.HashMap.hash(Ljava/lang/Object;)I @ 1 c2
Event: 27.393 Thread 0x000001fd04e8d450 DEOPT PACKING pc=0x000001fd5f1e811c sp=0x000000b2949fc330
Event: 27.393 Thread 0x000001fd04e8d450 DEOPT UNPACKING pc=0x000001fd5ec546a2 sp=0x000000b2949fc270 mode 2

Classes loaded (20 events):
Event: 28.370 Loading class java/lang/invoke/BoundMethodHandle$Species_LLLLLLLLLLLLLLLLLL
Event: 28.370 Loading class java/lang/invoke/BoundMethodHandle$Species_LLLLLLLLLLLLLLLLLL done
Event: 28.432 Loading class java/lang/invoke/BoundMethodHandle$Species_LLLLLLLLLLLLLLLLLLL
Event: 28.432 Loading class java/lang/invoke/BoundMethodHandle$Species_LLLLLLLLLLLLLLLLLLL done
Event: 28.452 Loading class java/lang/invoke/BoundMethodHandle$Species_LLLLLLLLLLLLLLLLLLLL
Event: 28.452 Loading class java/lang/invoke/BoundMethodHandle$Species_LLLLLLLLLLLLLLLLLLLL done
Event: 28.469 Loading class java/lang/invoke/BoundMethodHandle$Species_LLLLLLLLLLLLLLLLLLLLL
Event: 28.469 Loading class java/lang/invoke/BoundMethodHandle$Species_LLLLLLLLLLLLLLLLLLLLL done
Event: 28.475 Loading class java/lang/invoke/BoundMethodHandle$Species_LLLLLLLLLLLLLLLLLLLLLL
Event: 28.475 Loading class java/lang/invoke/BoundMethodHandle$Species_LLLLLLLLLLLLLLLLLLLLLL done
Event: 28.483 Loading class java/lang/invoke/BoundMethodHandle$Species_LLLLLLLLLLLLLLLLLLLLLLL
Event: 28.483 Loading class java/lang/invoke/BoundMethodHandle$Species_LLLLLLLLLLLLLLLLLLLLLLL done
Event: 28.487 Loading class java/lang/invoke/BoundMethodHandle$Species_LLLLLLLLLLLLLLLLLLLLLLLL
Event: 28.487 Loading class java/lang/invoke/BoundMethodHandle$Species_LLLLLLLLLLLLLLLLLLLLLLLL done
Event: 28.502 Loading class java/lang/ClassFormatError
Event: 28.502 Loading class java/lang/ClassFormatError done
Event: 28.502 Loading class java/lang/invoke/WrongMethodTypeException
Event: 28.503 Loading class java/lang/invoke/WrongMethodTypeException done
Event: 28.512 Loading class java/lang/ThreadLocal$SuppliedThreadLocal
Event: 28.512 Loading class java/lang/ThreadLocal$SuppliedThreadLocal done

Classes unloaded (0 events):
No events

Classes redefined (0 events):
No events

Internal exceptions (20 events):
Event: 26.806 Thread 0x000001fd04e8d450 Exception <a 'java/lang/NoSuchMethodError'{0x00000000e84cb9e0}: 'void java.lang.invoke.DirectMethodHandle$Holder.invokeStaticInit(java.lang.Object, java.lang.Object, java.lang.Object, java.lang.Object)'> (0x00000000e84cb9e0) 
thrown [s\open\src\hotspot\share\interpreter\linkResolver.cpp, line 773]
Event: 27.130 Thread 0x000001fd04e8d450 Exception <a 'java/lang/NoSuchMethodError'{0x00000000e8328758}: 'java.lang.Object java.lang.invoke.DirectMethodHandle$Holder.invokeInterface(java.lang.Object, java.lang.Object, java.lang.Object)'> (0x00000000e8328758) 
thrown [s\open\src\hotspot\share\interpreter\linkResolver.cpp, line 773]
Event: 27.290 Thread 0x000001fd04e8d450 Exception <a 'java/lang/NoSuchMethodError'{0x00000000e822a000}: 'int java.lang.invoke.DirectMethodHandle$Holder.invokeSpecialIFC(java.lang.Object, java.lang.Object, java.lang.Object, java.lang.Object)'> (0x00000000e822a000) 
thrown [s\open\src\hotspot\share\interpreter\linkResolver.cpp, line 773]
Event: 27.303 Thread 0x000001fd04e8d450 Exception <a 'java/lang/IncompatibleClassChangeError'{0x00000000e8237240}: Found class java.lang.Object, but interface was expected> (0x00000000e8237240) 
thrown [s\open\src\hotspot\share\interpreter\linkResolver.cpp, line 840]
Event: 27.393 Thread 0x000001fd04e8d450 Implicit null exception at 0x000001fd5f1e8066 to 0x000001fd5f1e8112
Event: 27.471 Thread 0x000001fd04e8d450 Exception <a 'java/lang/NoSuchMethodError'{0x00000000e803bd60}: 'int java.lang.invoke.DirectMethodHandle$Holder.invokeStatic(java.lang.Object, java.lang.Object, java.lang.Object, java.lang.Object)'> (0x00000000e803bd60) 
thrown [s\open\src\hotspot\share\interpreter\linkResolver.cpp, line 773]
Event: 28.244 Thread 0x000001fd04e8d450 Exception <a 'java/lang/NoSuchMethodError'{0x00000000e7ed3930}: 'java.lang.Object java.lang.invoke.DelegatingMethodHandle$Holder.reinvoke_L(java.lang.Object, java.lang.Object, java.lang.Object, java.lang.Object, java.lang.Object, java.lang.Object, java.lang.Object, java.lang.Object, java.lang.Object, java.lang.Object, java.lang.Object, java.lang.Object, java.lang.Object, java.lang.Object, java.lang.Object, java.lang.Object, java.lang.Object, java.lang.Object, java.lang.Object, java.lang.Object, java.lang.O
Event: 28.262 Thread 0x000001fd04e8d450 Exception <a 'java/lang/NoSuchMethodError'{0x00000000e7d41b00}: 'java.lang.Object java.lang.invoke.DirectMethodHandle$Holder.invokeStatic(java.lang.Object, java.lang.Object, java.lang.Object, java.lang.Object, java.lang.Object, java.lang.Object, java.lang.Object, java.lang.Object, java.lang.Object, java.lang.Object, java.lang.Object, java.lang.Object, java.lang.Object, java.lang.Object, java.lang.Object, java.lang.Object, java.lang.Object)'> (0x00000000e7d41b00) 
thrown [s\open\src\hotspot\share\interprete
Event: 28.293 Thread 0x000001fd04e8d450 Exception <a 'java/lang/NoSuchMethodError'{0x00000000e7d6a2e0}: 'java.lang.Object java.lang.invoke.DirectMethodHandle$Holder.invokeStatic(java.lang.Object, java.lang.Object, java.lang.Object, java.lang.Object, java.lang.Object, java.lang.Object, java.lang.Object, java.lang.Object, java.lang.Object, java.lang.Object, java.lang.Object, java.lang.Object, java.lang.Object, java.lang.Object, java.lang.Object, java.lang.Object, java.lang.Object, java.lang.Object)'> (0x00000000e7d6a2e0) 
thrown [s\open\src\hotspo
Event: 28.315 Thread 0x000001fd04e8d450 Exception <a 'java/lang/NoSuchMethodError'{0x00000000e7d941c0}: 'java.lang.Object java.lang.invoke.DirectMethodHandle$Holder.invokeStatic(java.lang.Object, java.lang.Object, java.lang.Object, java.lang.Object, java.lang.Object, java.lang.Object, java.lang.Object, java.lang.Object, java.lang.Object, java.lang.Object, java.lang.Object, java.lang.Object, java.lang.Object, java.lang.Object, java.lang.Object, java.lang.Object, java.lang.Object, java.lang.Object, java.lang.Object)'> (0x00000000e7d941c0) 
thrown 
Event: 28.358 Thread 0x000001fd04e8d450 Exception <a 'java/lang/NoSuchMethodError'{0x00000000e7dbf238}: 'java.lang.Object java.lang.invoke.DirectMethodHandle$Holder.invokeStatic(java.lang.Object, java.lang.Object, java.lang.Object, java.lang.Object, java.lang.Object, java.lang.Object, java.lang.Object, java.lang.Object, java.lang.Object, java.lang.Object, java.lang.Object, java.lang.Object, java.lang.Object, java.lang.Object, java.lang.Object, java.lang.Object, java.lang.Object, java.lang.Object, java.lang.Object, java.lang.Object)'> (0x00000000
Event: 28.394 Thread 0x000001fd04e8d450 Exception <a 'java/lang/NoSuchMethodError'{0x00000000e7deb4a8}: 'java.lang.Object java.lang.invoke.DirectMethodHandle$Holder.invokeStatic(java.lang.Object, java.lang.Object, java.lang.Object, java.lang.Object, java.lang.Object, java.lang.Object, java.lang.Object, java.lang.Object, java.lang.Object, java.lang.Object, java.lang.Object, java.lang.Object, java.lang.Object, java.lang.Object, java.lang.Object, java.lang.Object, java.lang.Object, java.lang.Object, java.lang.Object, java.lang.Object, java.lang.Obj
Event: 28.438 Thread 0x000001fd04e8d450 Exception <a 'java/lang/NoSuchMethodError'{0x00000000e7c18e28}: 'java.lang.Object java.lang.invoke.DirectMethodHandle$Holder.invokeStatic(java.lang.Object, java.lang.Object, java.lang.Object, java.lang.Object, java.lang.Object, java.lang.Object, java.lang.Object, java.lang.Object, java.lang.Object, java.lang.Object, java.lang.Object, java.lang.Object, java.lang.Object, java.lang.Object, java.lang.Object, java.lang.Object, java.lang.Object, java.lang.Object, java.lang.Object, java.lang.Object, java.lang.Obj
Event: 28.462 Thread 0x000001fd04e8d450 Exception <a 'java/lang/NoSuchMethodError'{0x00000000e7c472e0}: 'java.lang.Object java.lang.invoke.DirectMethodHandle$Holder.invokeStatic(java.lang.Object, java.lang.Object, java.lang.Object, java.lang.Object, java.lang.Object, java.lang.Object, java.lang.Object, java.lang.Object, java.lang.Object, java.lang.Object, java.lang.Object, java.lang.Object, java.lang.Object, java.lang.Object, java.lang.Object, java.lang.Object, java.lang.Object, java.lang.Object, java.lang.Object, java.lang.Object, java.lang.Obj
Event: 28.471 Thread 0x000001fd04e8d450 Exception <a 'java/lang/NoSuchMethodError'{0x00000000e7c76320}: 'java.lang.Object java.lang.invoke.DirectMethodHandle$Holder.invokeStatic(java.lang.Object, java.lang.Object, java.lang.Object, java.lang.Object, java.lang.Object, java.lang.Object, java.lang.Object, java.lang.Object, java.lang.Object, java.lang.Object, java.lang.Object, java.lang.Object, java.lang.Object, java.lang.Object, java.lang.Object, java.lang.Object, java.lang.Object, java.lang.Object, java.lang.Object, java.lang.Object, java.lang.Obj
Event: 28.477 Thread 0x000001fd04e8d450 Exception <a 'java/lang/NoSuchMethodError'{0x00000000e7ca6740}: 'java.lang.Object java.lang.invoke.DirectMethodHandle$Holder.invokeStatic(java.lang.Object, java.lang.Object, java.lang.Object, java.lang.Object, java.lang.Object, java.lang.Object, java.lang.Object, java.lang.Object, java.lang.Object, java.lang.Object, java.lang.Object, java.lang.Object, java.lang.Object, java.lang.Object, java.lang.Object, java.lang.Object, java.lang.Object, java.lang.Object, java.lang.Object, java.lang.Object, java.lang.Obj
Event: 28.485 Thread 0x000001fd04e8d450 Exception <a 'java/lang/NoSuchMethodError'{0x00000000e7cd6f78}: 'java.lang.Object java.lang.invoke.DirectMethodHandle$Holder.invokeStatic(java.lang.Object, java.lang.Object, java.lang.Object, java.lang.Object, java.lang.Object, java.lang.Object, java.lang.Object, java.lang.Object, java.lang.Object, java.lang.Object, java.lang.Object, java.lang.Object, java.lang.Object, java.lang.Object, java.lang.Object, java.lang.Object, java.lang.Object, java.lang.Object, java.lang.Object, java.lang.Object, java.lang.Obj
Event: 28.490 Thread 0x000001fd04e8d450 Exception <a 'java/lang/NoSuchMethodError'{0x00000000e7b09f80}: 'java.lang.Object java.lang.invoke.DirectMethodHandle$Holder.invokeStatic(java.lang.Object, java.lang.Object, java.lang.Object, java.lang.Object, java.lang.Object, java.lang.Object, java.lang.Object, java.lang.Object, java.lang.Object, java.lang.Object, java.lang.Object, java.lang.Object, java.lang.Object, java.lang.Object, java.lang.Object, java.lang.Object, java.lang.Object, java.lang.Object, java.lang.Object, java.lang.Object, java.lang.Obj
Event: 28.502 Thread 0x000001fd04e8d450 Exception <a 'java/lang/OutOfMemoryError'{0x00000000e7b61250}> (0x00000000e7b61250) 
thrown [s\open\src\hotspot\share\prims\jni.cpp, line 539]
Event: 28.504 Thread 0x000001fd04e8d450 Exception <a 'java/lang/IncompatibleClassChangeError'{0x00000000e7b626e8}: Found class java.lang.Object, but interface was expected> (0x00000000e7b626e8) 
thrown [s\open\src\hotspot\share\interpreter\linkResolver.cpp, line 840]

ZGC Phase Switch (0 events):
No events

VM Operations (20 events):
Event: 21.860 Executing VM operation: HandshakeAllThreads (Deoptimize)
Event: 21.860 Executing VM operation: HandshakeAllThreads (Deoptimize) done
Event: 22.048 Executing VM operation: HandshakeAllThreads (Deoptimize)
Event: 22.048 Executing VM operation: HandshakeAllThreads (Deoptimize) done
Event: 22.225 Executing VM operation: HandshakeAllThreads (Deoptimize)
Event: 22.225 Executing VM operation: HandshakeAllThreads (Deoptimize) done
Event: 22.225 Executing VM operation: Cleanup
Event: 22.225 Executing VM operation: Cleanup done
Event: 22.851 Executing VM operation: HandshakeAllThreads (Deoptimize)
Event: 22.851 Executing VM operation: HandshakeAllThreads (Deoptimize) done
Event: 23.858 Executing VM operation: Cleanup
Event: 23.858 Executing VM operation: Cleanup done
Event: 24.865 Executing VM operation: Cleanup
Event: 24.865 Executing VM operation: Cleanup done
Event: 25.834 Executing VM operation: HandshakeAllThreads (Deoptimize)
Event: 25.835 Executing VM operation: HandshakeAllThreads (Deoptimize) done
Event: 26.841 Executing VM operation: Cleanup
Event: 26.841 Executing VM operation: Cleanup done
Event: 27.852 Executing VM operation: Cleanup
Event: 27.865 Executing VM operation: Cleanup done

Events (20 events):
Event: 1.974 Thread 0x000001fd699c1df0 Thread exited: 0x000001fd699c1df0
Event: 3.364 Thread 0x000001fd69acc380 Thread added: 0x000001fd69acc380
Event: 3.609 Thread 0x000001fd69acc380 Thread exited: 0x000001fd69acc380
Event: 5.820 Thread 0x000001fd7f0bdb50 Thread added: 0x000001fd7f0bdb50
Event: 6.167 Thread 0x000001fd7f0bdb50 Thread exited: 0x000001fd7f0bdb50
Event: 21.223 Thread 0x000001fd04ed14f0 Thread added: 0x000001fd04ed14f0
Event: 22.285 Thread 0x000001fd044bb440 Thread added: 0x000001fd044bb440
Event: 22.753 Thread 0x000001fd7f171ff0 Thread added: 0x000001fd7f171ff0
Event: 23.290 Thread 0x000001fd042c13e0 Thread added: 0x000001fd042c13e0
Event: 23.335 Thread 0x000001fd042c1a50 Thread added: 0x000001fd042c1a50
Event: 24.488 Thread 0x000001fd04e3ec30 Thread added: 0x000001fd04e3ec30
Event: 24.522 Thread 0x000001fd04e8d450 Thread added: 0x000001fd04e8d450
Event: 24.555 Thread 0x000001fd04e8f520 Thread added: 0x000001fd04e8f520
Event: 24.563 Thread 0x000001fd04e8e170 Thread added: 0x000001fd04e8e170
Event: 24.569 Thread 0x000001fd04e8c0a0 Thread added: 0x000001fd04e8c0a0
Event: 25.835 Thread 0x000001fd04e8c730 Thread added: 0x000001fd04e8c730
Event: 25.850 Thread 0x000001fd04e8cdc0 Thread added: 0x000001fd04e8cdc0
Event: 25.981 Thread 0x000001fd05188a90 Thread added: 0x000001fd05188a90
Event: 26.001 Thread 0x000001fd04e8dae0 Thread added: 0x000001fd04e8dae0
Event: 27.269 Thread 0x000001fd05188a90 Thread exited: 0x000001fd05188a90


Dynamic libraries:
0x00007ff699370000 - 0x00007ff699380000 	C:\Program Files\Java\jdk-21\bin\java.exe
0x00007ffe573b0000 - 0x00007ffe575a8000 	C:\Windows\SYSTEM32\ntdll.dll
0x00007ffe572a0000 - 0x00007ffe57362000 	C:\Windows\System32\KERNEL32.DLL
0x00007ffe54db0000 - 0x00007ffe550a6000 	C:\Windows\System32\KERNELBASE.dll
0x00007ffe55140000 - 0x00007ffe55240000 	C:\Windows\System32\ucrtbase.dll
0x00007ffe3bde0000 - 0x00007ffe3bdfb000 	C:\Program Files\Java\jdk-21\bin\VCRUNTIME140.dll
0x00007ffe3b550000 - 0x00007ffe3b569000 	C:\Program Files\Java\jdk-21\bin\jli.dll
0x00007ffe55640000 - 0x00007ffe556f1000 	C:\Windows\System32\ADVAPI32.dll
0x00007ffe56b00000 - 0x00007ffe56b9e000 	C:\Windows\System32\msvcrt.dll
0x00007ffe55a90000 - 0x00007ffe55b2f000 	C:\Windows\System32\sechost.dll
0x00007ffe56880000 - 0x00007ffe569a3000 	C:\Windows\System32\RPCRT4.dll
0x00007ffe54c00000 - 0x00007ffe54c27000 	C:\Windows\System32\bcrypt.dll
0x00007ffe56650000 - 0x00007ffe567ed000 	C:\Windows\System32\USER32.dll
0x00007ffe55240000 - 0x00007ffe55262000 	C:\Windows\System32\win32u.dll
0x00007ffe56ad0000 - 0x00007ffe56afb000 	C:\Windows\System32\GDI32.dll
0x00007ffe54a40000 - 0x00007ffe54b59000 	C:\Windows\System32\gdi32full.dll
0x00007ffe54b60000 - 0x00007ffe54bfd000 	C:\Windows\System32\msvcp_win.dll
0x00007ffe3e3d0000 - 0x00007ffe3e66a000 	C:\Windows\WinSxS\amd64_microsoft.windows.common-controls_6595b64144ccf1df_6.0.19041.5915_none_60b4b9d171f9c7c7\COMCTL32.dll
0x00007ffe49970000 - 0x00007ffe4997a000 	C:\Windows\SYSTEM32\VERSION.dll
0x00007ffe55a60000 - 0x00007ffe55a8f000 	C:\Windows\System32\IMM32.DLL
0x00007ffe4cc00000 - 0x00007ffe4cc0c000 	C:\Program Files\Java\jdk-21\bin\vcruntime140_1.dll
0x00007ffe13770000 - 0x00007ffe137fe000 	C:\Program Files\Java\jdk-21\bin\msvcp140.dll
0x00007ffda16a0000 - 0x00007ffda23ad000 	C:\Program Files\Java\jdk-21\bin\server\jvm.dll
0x00007ffe56a60000 - 0x00007ffe56acb000 	C:\Windows\System32\WS2_32.dll
0x00007ffe547f0000 - 0x00007ffe5483b000 	C:\Windows\SYSTEM32\POWRPROF.dll
0x00007ffe39300000 - 0x00007ffe39327000 	C:\Windows\SYSTEM32\WINMM.dll
0x00007ffe547d0000 - 0x00007ffe547e2000 	C:\Windows\SYSTEM32\UMPDC.dll
0x00007ffe53250000 - 0x00007ffe53262000 	C:\Windows\SYSTEM32\kernel.appcore.dll
0x00007ffe46030000 - 0x00007ffe4603a000 	C:\Program Files\Java\jdk-21\bin\jimage.dll
0x00007ffe4f750000 - 0x00007ffe4f951000 	C:\Windows\SYSTEM32\DBGHELP.DLL
0x00007ffe34d40000 - 0x00007ffe34d74000 	C:\Windows\SYSTEM32\dbgcore.DLL
0x00007ffe550b0000 - 0x00007ffe55132000 	C:\Windows\System32\bcryptPrimitives.dll
0x00007ffe45930000 - 0x00007ffe4593f000 	C:\Program Files\Java\jdk-21\bin\instrument.dll
0x00007ffe3b370000 - 0x00007ffe3b38f000 	C:\Program Files\Java\jdk-21\bin\java.dll
0x00007ffe55b90000 - 0x00007ffe562fe000 	C:\Windows\System32\SHELL32.dll
0x00007ffe4f960000 - 0x00007ffe50104000 	C:\Windows\SYSTEM32\windows.storage.dll
0x00007ffe55700000 - 0x00007ffe55a53000 	C:\Windows\System32\combase.dll
0x00007ffe54400000 - 0x00007ffe5442b000 	C:\Windows\SYSTEM32\Wldp.dll
0x00007ffe56ba0000 - 0x00007ffe56c6d000 	C:\Windows\System32\OLEAUT32.dll
0x00007ffe569b0000 - 0x00007ffe56a5d000 	C:\Windows\System32\SHCORE.dll
0x00007ffe55b30000 - 0x00007ffe55b8b000 	C:\Windows\System32\shlwapi.dll
0x00007ffe54970000 - 0x00007ffe54994000 	C:\Windows\SYSTEM32\profapi.dll
0x00007ffdf41c0000 - 0x00007ffdf4297000 	C:\Program Files\Java\jdk-21\bin\jsvml.dll
0x00007ffe2a7c0000 - 0x00007ffe2a7d8000 	C:\Program Files\Java\jdk-21\bin\zip.dll
0x00007ffe45870000 - 0x00007ffe45880000 	C:\Program Files\Java\jdk-21\bin\net.dll
0x00007ffe48400000 - 0x00007ffe4850a000 	C:\Windows\SYSTEM32\WINHTTP.dll
0x00007ffe54160000 - 0x00007ffe541ca000 	C:\Windows\system32\mswsock.dll
0x00007ffe1a150000 - 0x00007ffe1a166000 	C:\Program Files\Java\jdk-21\bin\nio.dll
0x00007ffe3f410000 - 0x00007ffe3f420000 	C:\Program Files\Java\jdk-21\bin\verify.dll
0x00007ffe3bee0000 - 0x00007ffe3bf07000 	C:\Users\Youbitech\.gradle\native\1def1411415f61bf3af743bc5b6707747c0891f09f0c88961ee8f79bc544acac\windows-amd64\native-platform.dll
0x00007ffe19d60000 - 0x00007ffe19dd8000 	C:\Users\Youbitech\.gradle\native\0.2.7\x86_64-windows-gnu\gradle-fileevents.dll
0x00007ffe3c160000 - 0x00007ffe3c16a000 	C:\Program Files\Java\jdk-21\bin\management.dll
0x00007ffe3c0d0000 - 0x00007ffe3c0db000 	C:\Program Files\Java\jdk-21\bin\management_ext.dll
0x00007ffe555d0000 - 0x00007ffe555d8000 	C:\Windows\System32\PSAPI.DLL
0x00007ffe53e40000 - 0x00007ffe53e7b000 	C:\Windows\SYSTEM32\IPHLPAPI.DLL
0x00007ffe57290000 - 0x00007ffe57298000 	C:\Windows\System32\NSI.dll
0x00007ffe3b770000 - 0x00007ffe3b779000 	C:\Program Files\Java\jdk-21\bin\extnet.dll
0x00007ffe54350000 - 0x00007ffe54368000 	C:\Windows\SYSTEM32\CRYPTSP.dll
0x00007ffe53a80000 - 0x00007ffe53ab8000 	C:\Windows\system32\rsaenh.dll
0x00007ffe548f0000 - 0x00007ffe5491e000 	C:\Windows\SYSTEM32\USERENV.dll
0x00007ffe54370000 - 0x00007ffe5437c000 	C:\Windows\SYSTEM32\CRYPTBASE.dll
0x00007ffe2d1f0000 - 0x00007ffe2d1fe000 	C:\Program Files\Java\jdk-21\bin\sunmscapi.dll
0x00007ffe55270000 - 0x00007ffe553cd000 	C:\Windows\System32\CRYPT32.dll
0x00007ffe54470000 - 0x00007ffe54497000 	C:\Windows\SYSTEM32\ncrypt.dll
0x00007ffe54430000 - 0x00007ffe5446b000 	C:\Windows\SYSTEM32\NTASN1.dll
0x00007ffe13b30000 - 0x00007ffe13b37000 	C:\Windows\system32\wshunix.dll

dbghelp: loaded successfully - version: 4.0.5 - missing functions: none
symbol engine: initialized successfully - sym options: 0x614 - pdb path: .;C:\Program Files\Java\jdk-21\bin;C:\Windows\SYSTEM32;C:\Windows\WinSxS\amd64_microsoft.windows.common-controls_6595b64144ccf1df_6.0.19041.5915_none_60b4b9d171f9c7c7;C:\Program Files\Java\jdk-21\bin\server;C:\Users\Youbitech\.gradle\native\1def1411415f61bf3af743bc5b6707747c0891f09f0c88961ee8f79bc544acac\windows-amd64;C:\Users\Youbitech\.gradle\native\0.2.7\x86_64-windows-gnu

VM Arguments:
jvm_args: --add-opens=java.base/java.lang=ALL-UNNAMED --add-opens=java.base/java.lang.invoke=ALL-UNNAMED --add-opens=java.base/java.util=ALL-UNNAMED --add-opens=java.prefs/java.util.prefs=ALL-UNNAMED --add-exports=jdk.compiler/com.sun.tools.javac.api=ALL-UNNAMED --add-exports=jdk.compiler/com.sun.tools.javac.util=ALL-UNNAMED --add-opens=java.base/java.util=ALL-UNNAMED --add-opens=java.prefs/java.util.prefs=ALL-UNNAMED --add-opens=java.base/java.nio.charset=ALL-UNNAMED --add-opens=java.base/java.net=ALL-UNNAMED --add-opens=java.base/java.util.concurrent.atomic=ALL-UNNAMED --add-opens=java.xml/javax.xml.namespace=ALL-UNNAMED -XX:MaxMetaspaceSize=384m -XX:+HeapDumpOnOutOfMemoryError -Xms256m -Xmx512m -Dfile.encoding=windows-1252 -Duser.country=FR -Duser.language=fr -Duser.variant -javaagent:C:\Users\Youbitech\.gradle\wrapper\dists\gradle-8.14.3-bin\cv11ve7ro1n3o1j4so8xd9n66\gradle-8.14.3\lib\agents\gradle-instrumentation-agent-8.14.3.jar 
java_command: org.gradle.launcher.daemon.bootstrap.GradleDaemon 8.14.3
java_class_path (initial): C:\Users\Youbitech\.gradle\wrapper\dists\gradle-8.14.3-bin\cv11ve7ro1n3o1j4so8xd9n66\gradle-8.14.3\lib\gradle-daemon-main-8.14.3.jar
Launcher Type: SUN_STANDARD

[Global flags]
     intx CICompilerCount                          = 3                                         {product} {ergonomic}
   size_t CompressedClassSpaceSize                 = 335544320                                 {product} {ergonomic}
     uint ConcGCThreads                            = 1                                         {product} {ergonomic}
     uint G1ConcRefinementThreads                  = 4                                         {product} {ergonomic}
   size_t G1HeapRegionSize                         = 1048576                                   {product} {ergonomic}
    uintx GCDrainStackTargetSize                   = 64                                        {product} {ergonomic}
     bool HeapDumpOnOutOfMemoryError               = true                                   {manageable} {command line}
   size_t InitialHeapSize                          = 268435456                                 {product} {command line}
   size_t MarkStackSize                            = 4194304                                   {product} {ergonomic}
   size_t MaxHeapSize                              = 536870912                                 {product} {command line}
   size_t MaxMetaspaceSize                         = 402653184                                 {product} {command line}
   size_t MaxNewSize                               = 321912832                                 {product} {ergonomic}
   size_t MinHeapDeltaBytes                        = 1048576                                   {product} {ergonomic}
   size_t MinHeapSize                              = 268435456                                 {product} {command line}
    uintx NonNMethodCodeHeapSize                   = 5832780                                {pd product} {ergonomic}
    uintx NonProfiledCodeHeapSize                  = 122912730                              {pd product} {ergonomic}
    uintx ProfiledCodeHeapSize                     = 122912730                              {pd product} {ergonomic}
    uintx ReservedCodeCacheSize                    = 251658240                              {pd product} {ergonomic}
     bool SegmentedCodeCache                       = true                                      {product} {ergonomic}
   size_t SoftMaxHeapSize                          = 536870912                              {manageable} {ergonomic}
     bool UseCompressedOops                        = true                           {product lp64_product} {ergonomic}
     bool UseG1GC                                  = true                                      {product} {ergonomic}
     bool UseLargePagesIndividualAllocation        = false                                  {pd product} {ergonomic}

Logging:
Log output configuration:
 #0: stdout all=warning uptime,level,tags foldmultilines=false
 #1: stderr all=off uptime,level,tags foldmultilines=false

Environment Variables:
PATH=C:\Program Files (x86)\VMware\VMware Workstation\bin\;C:\Users\Youbitech\Desktop\bin;C:\Program Files\Common Files\Oracle\Java\javapath;C:\Program Files\Python311\Scripts\;C:\Program Files\Python311\;C:\Windows\system32;C:\Windows;C:\Windows\System32\Wbem;C:\Windows\System32\WindowsPowerShell\v1.0\;C:\Windows\System32\OpenSSH\;C:\Program Files\Java\jdk-21\bin;C:\Program Files\Git\cmd;C:\Program Files\nodejs\;C:\Program Files\nodejs;C:\Program Files\Microsoft SQL Server\150\Tools\Binn\;C:\Program Files\Microsoft SQL Server\Client SDK\ODBC\170\Tools\Binn\;C:\Program Files\dotnet\;C:\Sparke\spark-3.5.5-bin-hadoop3\bin;C:\Java\openlogic-openjdk-8u432-b06-windows-x64\openlogic-openjdk-8u432-b06-windows-x64\bin;C:\hadoop\hadoop-3.2.0\bin;;C:\Program Files\Docker\Docker\resources\bin;C:\Program Files (x86)\Windows Kits\10\Windows Performance Toolkit\;C:\Users\Youbitech\AppData\Local\Programs\Python\Python39\Scripts\;C:\Users\Youbitech\AppData\Local\Programs\Python\Python39\;C:\Users\Youbitech\AppData\Local\Programs\Python\Launcher\;C:\Users\Youbitech\AppData\Local\Microsoft\WindowsApps;C:\Program Files\JetBrains\PyCharm Community Edition 2023.3.5\bin;;C:\Users\Youbitech\AppData\Local\Programs\Microsoft VS Code\bin;C:\Users\Youbitech\AppData\Local\Programs\Python\Python39\Scripts;C:\Users\Youbitech\AppData\Roaming\npm;C:\Program Files\JetBrains\IntelliJ IDEA 2025.1.3\bin;;C:\Users\Youbitech\AppData\Local\GitHubDesktop\bin;C:\Users\Youbitech\.dotnet\tools;C:\Users\Youbitech\AMPL;C:\Users\Youbitech\AMPL\solvers;C:\src\flutter\bin;C:\Users\Youbitech\Downloads\xamp\php;
USERNAME=Youbitech
OS=Windows_NT
PROCESSOR_IDENTIFIER=Intel64 Family 6 Model 78 Stepping 3, GenuineIntel
TMP=C:\Users\YOUBIT~1\AppData\Local\Temp
TEMP=C:\Users\YOUBIT~1\AppData\Local\Temp




Periodic native trim disabled

---------------  S Y S T E M  ---------------

OS:
 Windows 10 , 64 bit Build 19041 (10.0.19041.5915)
OS uptime: 1 days 18:33 hours

CPU: total 4 (initial active 4) (2 cores per cpu, 2 threads per core) family 6 model 78 stepping 3 microcode 0xcc, cx8, cmov, fxsr, ht, mmx, 3dnowpref, sse, sse2, sse3, ssse3, sse4.1, sse4.2, popcnt, lzcnt, tsc, tscinvbit, avx, avx2, aes, erms, clmul, bmi1, bmi2, adx, fma, vzeroupper, clflush, clflushopt, rdtscp, f16c
Processor Information for processor 0
  Max Mhz: 2592, Current Mhz: 2492, Mhz Limit: 2488
Processor Information for processor 1
  Max Mhz: 2592, Current Mhz: 1495, Mhz Limit: 2488
Processor Information for processor 2
  Max Mhz: 2592, Current Mhz: 2492, Mhz Limit: 2488
Processor Information for processor 3
  Max Mhz: 2592, Current Mhz: 2492, Mhz Limit: 2488

Memory: 4k page, system-wide physical 16264M (671M free)
TotalPageFile size 26582M (AvailPageFile size 1M)
current process WorkingSet (physical memory assigned to process): 250M, peak: 250M
current process commit charge ("private bytes"): 409M, peak: 416M

vm_info: Java HotSpot(TM) 64-Bit Server VM (21.0.3+7-LTS-152) for windows-amd64 JRE (21.0.3+7-LTS-152), built on 2024-03-11T17:42:26Z by "mach5one" with MS VC++ 17.6 (VS2022)

END.
