#
# There is insufficient memory for the Java Runtime Environment to continue.
# Native memory allocation (malloc) failed to allocate 2151088 bytes for Chunk::new
# Possible reasons:
#   The system is out of physical RAM or swap space
#   The process is running with CompressedOops enabled, and the Java Heap may be blocking the growth of the native heap
# Possible solutions:
#   Reduce memory load on the system
#   Increase physical memory or swap space
#   Check if swap backing store is full
#   Decrease Java heap size (-Xmx/-Xms)
#   Decrease number of Java threads
#   Decrease Java thread stack sizes (-Xss)
#   Set larger code cache with -XX:ReservedCodeCacheSize=
#   JVM is running with Unscaled Compressed Oops mode in which the Java heap is
#     placed in the first 4GB address space. The Java Heap base address is the
#     maximum limit for the native heap growth. Please use -XX:HeapBaseMinAddress
#     to set the Java Heap base and to place the Java Heap above 4GB virtual address.
# This output file may be truncated or incomplete.
#
#  Out of Memory Error (arena.cpp:168), pid=7756, tid=8576
#
# JRE version: Java(TM) SE Runtime Environment (21.0.3+7) (build 21.0.3+7-LTS-152)
# Java VM: Java HotSpot(TM) 64-Bit Server VM (21.0.3+7-LTS-152, mixed mode, sharing, tiered, compressed oops, compressed class ptrs, g1 gc, windows-amd64)
# No core dump will be written. Minidumps are not enabled by default on client versions of Windows
#

---------------  S U M M A R Y ------------

Command Line: --add-opens=java.base/java.lang=ALL-UNNAMED --add-opens=java.base/java.lang.invoke=ALL-UNNAMED --add-opens=java.base/java.util=ALL-UNNAMED --add-opens=java.prefs/java.util.prefs=ALL-UNNAMED --add-exports=jdk.compiler/com.sun.tools.javac.api=ALL-UNNAMED --add-exports=jdk.compiler/com.sun.tools.javac.util=ALL-UNNAMED --add-opens=java.base/java.util=ALL-UNNAMED --add-opens=java.prefs/java.util.prefs=ALL-UNNAMED --add-opens=java.base/java.nio.charset=ALL-UNNAMED --add-opens=java.base/java.net=ALL-UNNAMED --add-opens=java.base/java.util.concurrent.atomic=ALL-UNNAMED --add-opens=java.xml/javax.xml.namespace=ALL-UNNAMED -XX:MaxMetaspaceSize=384m -XX:+HeapDumpOnOutOfMemoryError -Xms256m -Xmx512m -Dfile.encoding=windows-1252 -Duser.country=FR -Duser.language=fr -Duser.variant -javaagent:C:\Users\Youbitech\.gradle\wrapper\dists\gradle-8.14.3-bin\cv11ve7ro1n3o1j4so8xd9n66\gradle-8.14.3\lib\agents\gradle-instrumentation-agent-8.14.3.jar org.gradle.launcher.daemon.bootstrap.GradleDaemon 8.14.3

Host: Intel(R) Core(TM) i7-6500U CPU @ 2.50GHz, 4 cores, 15G,  Windows 10 , 64 bit Build 19041 (10.0.19041.5915)
Time: Thu Aug 14 16:45:05 2025 Paris, Madrid (heure duild 19041 (10.0.19041.5915) elapsed time: 22.998724 seconds (0d 0h 0m 22s)

---------------  T H R E A D  ---------------

Current thread (0x0000023efc5cdec0):  JavaThread "C2 CompilerThread0" daemon [_thread_in_native, id=8576, stack(0x000000e0ac500000,0x000000e0ac600000) (1024K)]


Current CompileTask:
C2:  22998 4259   !   4       java.lang.ClassLoader::loadClass (121 bytes)

Stack: [0x000000e0ac500000,0x000000e0ac600000]
Native frames: (J=compiled Java code, j=interpreted, Vv=VM code, C=native code)
V  [jvm.dll+0x6c63b9]
V  [jvm.dll+0x84fa11]
V  [jvm.dll+0x851f3e]
V  [jvm.dll+0x852613]
V  [jvm.dll+0x27cd46]
V  [jvm.dll+0xc4aad]
V  [jvm.dll+0xc4fe3]
V  [jvm.dll+0x3b1d5c]
V  [jvm.dll+0x1df2d9]
V  [jvm.dll+0x245c92]
V  [jvm.dll+0x24511f]
V  [jvm.dll+0x1c689e]
V  [jvm.dll+0x254609]
V  [jvm.dll+0x252b9a]
V  [jvm.dll+0x3eb056]
V  [jvm.dll+0x7f9ffb]
V  [jvm.dll+0x6c4a9d]
C  [ucrtbase.dll+0x21bb2]
C  [KERNEL32.DLL+0x17374]
C  [ntdll.dll+0x4cc91]


---------------  P R O C E S S  ---------------

Threads class SMR info:
_java_thread_list=0x0000023e99c20cf0, length=36, elements={
0x0000023ee2240820, 0x0000023efc5bde50, 0x0000023efc5bef20, 0x0000023efc5c30c0,
0x0000023efc5c4ce0, 0x0000023efc5c5ee0, 0x0000023efc5c7290, 0x0000023efc5cdec0,
0x0000023efc5cecc0, 0x0000023efc587e60, 0x0000023efc9b3960, 0x0000023efe187000,
0x0000023efd7352b0, 0x0000023efca18e60, 0x0000023efd48b820, 0x0000023efca194d0,
0x0000023efe06e9e0, 0x0000023efd471760, 0x0000023efd46f000, 0x0000023efd471df0,
0x0000023efd4710d0, 0x0000023efd472480, 0x0000023efd46f690, 0x0000023efd46fd20,
0x0000023efd4703b0, 0x0000023e9949f170, 0x0000023e9949ddc0, 0x0000023e994a2c80,
0x0000023e994a0520, 0x0000023e994a25f0, 0x0000023e9949d730, 0x0000023e9949eae0,
0x0000023e994a3310, 0x0000023e9949f800, 0x0000023e994a39a0, 0x0000023efc9b98f0
}

Java Threads: ( => current thread )
  0x0000023ee2240820 JavaThread "main"                              [_thread_blocked, id=980, stack(0x000000e0ab700000,0x000000e0ab800000) (1024K)]
  0x0000023efc5bde50 JavaThread "Reference Handler"          daemon [_thread_blocked, id=12008, stack(0x000000e0abf00000,0x000000e0ac000000) (1024K)]
  0x0000023efc5bef20 JavaThread "Finalizer"                  daemon [_thread_blocked, id=18856, stack(0x000000e0ac000000,0x000000e0ac100000) (1024K)]
  0x0000023efc5c30c0 JavaThread "Signal Dispatcher"          daemon [_thread_blocked, id=22320, stack(0x000000e0ac100000,0x000000e0ac200000) (1024K)]
  0x0000023efc5c4ce0 JavaThread "Attach Listener"            daemon [_thread_blocked, id=21884, stack(0x000000e0ac200000,0x000000e0ac300000) (1024K)]
  0x0000023efc5c5ee0 JavaThread "Service Thread"             daemon [_thread_blocked, id=23240, stack(0x000000e0ac300000,0x000000e0ac400000) (1024K)]
  0x0000023efc5c7290 JavaThread "Monitor Deflation Thread"   daemon [_thread_blocked, id=8396, stack(0x000000e0ac400000,0x000000e0ac500000) (1024K)]
=>0x0000023efc5cdec0 JavaThread "C2 CompilerThread0"         daemon [_thread_in_native, id=8576, stack(0x000000e0ac500000,0x000000e0ac600000) (1024K)]
  0x0000023efc5cecc0 JavaThread "C1 CompilerThread0"         daemon [_thread_blocked, id=22724, stack(0x000000e0ac600000,0x000000e0ac700000) (1024K)]
  0x0000023efc587e60 JavaThread "Common-Cleaner"             daemon [_thread_blocked, id=16340, stack(0x000000e0ac700000,0x000000e0ac800000) (1024K)]
  0x0000023efc9b3960 JavaThread "Notification Thread"        daemon [_thread_blocked, id=12292, stack(0x000000e0ac800000,0x000000e0ac900000) (1024K)]
  0x0000023efe187000 JavaThread "Daemon health stats"               [_thread_blocked, id=18552, stack(0x000000e0ac900000,0x000000e0aca00000) (1024K)]
  0x0000023efd7352b0 JavaThread "Incoming local TCP Connector on port 56217"        [_thread_in_native, id=8912, stack(0x000000e0acd00000,0x000000e0ace00000) (1024K)]
  0x0000023efca18e60 JavaThread "Daemon periodic checks"            [_thread_blocked, id=9892, stack(0x000000e0ace00000,0x000000e0acf00000) (1024K)]
  0x0000023efd48b820 JavaThread "Daemon"                            [_thread_blocked, id=19756, stack(0x000000e0acf00000,0x000000e0ad000000) (1024K)]
  0x0000023efca194d0 JavaThread "Handler for socket connection from /127.0.0.1:56217 to /127.0.0.1:56218"        [_thread_in_native, id=22256, stack(0x000000e0ad000000,0x000000e0ad100000) (1024K)]
  0x0000023efe06e9e0 JavaThread "Cancel handler"                    [_thread_blocked, id=4356, stack(0x000000e0ad100000,0x000000e0ad200000) (1024K)]
  0x0000023efd471760 JavaThread "Daemon worker"                     [_thread_in_vm, id=10840, stack(0x000000e0ad200000,0x000000e0ad300000) (1024K)]
  0x0000023efd46f000 JavaThread "Asynchronous log dispatcher for DefaultDaemonConnection: socket connection from /127.0.0.1:56217 to /127.0.0.1:56218"        [_thread_blocked, id=9236, stack(0x000000e0ad300000,0x000000e0ad400000) (1024K)]
  0x0000023efd471df0 JavaThread "Stdin handler"                     [_thread_blocked, id=17548, stack(0x000000e0ad400000,0x000000e0ad500000) (1024K)]
  0x0000023efd4710d0 JavaThread "Daemon client event forwarder"        [_thread_blocked, id=432, stack(0x000000e0ad500000,0x000000e0ad600000) (1024K)]
  0x0000023efd472480 JavaThread "Cache worker for journal cache (C:\Users\Youbitech\.gradle\caches\journal-1)"        [_thread_blocked, id=19844, stack(0x000000e0ad600000,0x000000e0ad700000) (1024K)]
  0x0000023efd46f690 JavaThread "File lock request listener"        [_thread_in_native, id=12044, stack(0x000000e0ad700000,0x000000e0ad800000) (1024K)]
  0x0000023efd46fd20 JavaThread "Cache worker for file hash cache (C:\Users\Youbitech\.gradle\caches\8.14.3\fileHashes)"        [_thread_blocked, id=5532, stack(0x000000e0ad800000,0x000000e0ad900000) (1024K)]
  0x0000023efd4703b0 JavaThread "File lock release action executor"        [_thread_blocked, id=23524, stack(0x000000e0ada00000,0x000000e0adb00000) (1024K)]
  0x0000023e9949f170 JavaThread "Cache worker for file hash cache (C:\TP\Park informatique\.gradle\8.14.3\fileHashes)"        [_thread_blocked, id=17708, stack(0x000000e0adb00000,0x000000e0adc00000) (1024K)]
  0x0000023e9949ddc0 JavaThread "Cache worker for Build Output Cleanup Cache (C:\TP\Park informatique\.gradle\buildOutputCleanup)"        [_thread_blocked, id=12584, stack(0x000000e0adc00000,0x000000e0add00000) (1024K)]
  0x0000023e994a2c80 JavaThread "File watcher server"        daemon [_thread_in_native, id=9612, stack(0x000000e0ad900000,0x000000e0ada00000) (1024K)]
  0x0000023e994a0520 JavaThread "File watcher consumer"      daemon [_thread_blocked, id=1804, stack(0x000000e0add00000,0x000000e0ade00000) (1024K)]
  0x0000023e994a25f0 JavaThread "jar transforms"                    [_thread_blocked, id=23452, stack(0x000000e0adf00000,0x000000e0ae000000) (1024K)]
  0x0000023e9949d730 JavaThread "jar transforms Thread 2"           [_thread_blocked, id=5396, stack(0x000000e0ade00000,0x000000e0adf00000) (1024K)]
  0x0000023e9949eae0 JavaThread "Cache worker for checksums cache (C:\TP\Park informatique\.gradle\8.14.3\checksums)"        [_thread_blocked, id=20004, stack(0x000000e0ae000000,0x000000e0ae100000) (1024K)]
  0x0000023e994a3310 JavaThread "Cache worker for file content cache (C:\Users\Youbitech\.gradle\caches\8.14.3\fileContent)"        [_thread_blocked, id=8040, stack(0x000000e0ae100000,0x000000e0ae200000) (1024K)]
  0x0000023e9949f800 JavaThread "jar transforms Thread 3"           [_thread_blocked, id=23056, stack(0x000000e0ae200000,0x000000e0ae300000) (1024K)]
  0x0000023e994a39a0 JavaThread "jar transforms Thread 4"           [_thread_blocked, id=18460, stack(0x000000e0ae300000,0x000000e0ae400000) (1024K)]
  0x0000023efc9b98f0 JavaThread "C2 CompilerThread1"         daemon [_thread_blocked, id=15720, stack(0x000000e0ae400000,0x000000e0ae500000) (1024K)]
Total: 36

Other Threads:
  0x0000023efc59f130 VMThread "VM Thread"                           [id=22288, stack(0x000000e0abe00000,0x000000e0abf00000) (1024K)]
  0x0000023efc586b30 WatcherThread "VM Periodic Task Thread"        [id=17452, stack(0x000000e0abd00000,0x000000e0abe00000) (1024K)]
  0x0000023ee226b7d0 WorkerThread "GC Thread#0"                     [id=22128, stack(0x000000e0ab800000,0x000000e0ab900000) (1024K)]
  0x0000023efcb2e7c0 WorkerThread "GC Thread#1"                     [id=23424, stack(0x000000e0aca00000,0x000000e0acb00000) (1024K)]
  0x0000023efcb2eb60 WorkerThread "GC Thread#2"                     [id=17296, stack(0x000000e0acb00000,0x000000e0acc00000) (1024K)]
  0x0000023efcb52030 WorkerThread "GC Thread#3"                     [id=23100, stack(0x000000e0acc00000,0x000000e0acd00000) (1024K)]
  0x0000023ee22706c0 ConcurrentGCThread "G1 Main Marker"            [id=10676, stack(0x000000e0ab900000,0x000000e0aba00000) (1024K)]
  0x0000023ee2271280 WorkerThread "G1 Conc#0"                       [id=11640, stack(0x000000e0aba00000,0x000000e0abb00000) (1024K)]
  0x0000023efc45e120 ConcurrentGCThread "G1 Refine#0"               [id=22324, stack(0x000000e0abb00000,0x000000e0abc00000) (1024K)]
  0x0000023efc45fbb0 ConcurrentGCThread "G1 Service"                [id=18496, stack(0x000000e0abc00000,0x000000e0abd00000) (1024K)]
Total: 10

Threads with active compile tasks:
C2 CompilerThread0    23074 4259   !   4       java.lang.ClassLoader::loadClass (121 bytes)
C1 CompilerThread0    23074 4424       3       org.objectweb.asm.SymbolTable::addConstant (314 bytes)
Total: 2

VM state: not at safepoint (normal execution)

VM Mutex/Monitor currently owned by a thread: None

Heap address: 0x00000000e0000000, size: 512 MB, Compressed Oops mode: 32-bit

CDS archive(s) mapped at: [0x0000023e80000000-0x0000023e80c90000-0x0000023e80c90000), size 13172736, SharedBaseAddress: 0x0000023e80000000, ArchiveRelocationMode: 1.
Compressed class space mapped at: 0x0000023e81000000-0x0000023e95000000, reserved size: 335544320
Narrow klass base: 0x0000023e80000000, Narrow klass shift: 0, Narrow klass range: 0x100000000

GC Precious Log:
 CardTable entry size: 512
 Card Set container configuration: InlinePtr #cards 5 size 8 Array Of Cards #cards 12 size 40 Howl #buckets 4 coarsen threshold 1843 Howl Bitmap #cards 512 size 80 coarsen threshold 460 Card regions per heap region 1 cards per card region 2048
 CPUs: 4 total, 4 available
 Memory: 16264M
 Large Page Support: Disabled
 NUMA Support: Disabled
 Compressed Oops: Enabled (32-bit)
 Heap Region Size: 1M
 Heap Min Capacity: 256M
 Heap Initial Capacity: 256M
 Heap Max Capacity: 512M
 Pre-touch: Disabled
 Parallel Workers: 4
 Concurrent Workers: 1
 Concurrent Refinement Workers: 4
 Periodic GC: Disabled

Heap:
 garbage-first heap   total 262144K, used 43359K [0x00000000e0000000, 0x0000000100000000)
  region size 1024K, 21 young (21504K), 10 survivors (10240K)
 Metaspace       used 35902K, committed 36992K, reserved 393216K
  class space    used 5013K, committed 5568K, reserved 327680K

Heap Regions: E=young(eden), S=young(survivor), O=old, HS=humongous(starts), HC=humongous(continues), CS=collection set, F=free, TAMS=top-at-mark-start, PB=parsable bottom
|   0|0x00000000e0000000, 0x00000000e0100000, 0x00000000e0100000|100%|HS|  |TAMS 0x00000000e0000000| PB 0x00000000e0000000| Complete 
|   1|0x00000000e0100000, 0x00000000e0200000, 0x00000000e0200000|100%|HC|  |TAMS 0x00000000e0100000| PB 0x00000000e0100000| Complete 
|   2|0x00000000e0200000, 0x00000000e0300000, 0x00000000e0300000|100%|HC|  |TAMS 0x00000000e0200000| PB 0x00000000e0200000| Complete 
|   3|0x00000000e0300000, 0x00000000e0400000, 0x00000000e0400000|100%| O|  |TAMS 0x00000000e0300000| PB 0x00000000e0300000| Untracked 
|   4|0x00000000e0400000, 0x00000000e0500000, 0x00000000e0500000|100%| O|  |TAMS 0x00000000e0400000| PB 0x00000000e0400000| Untracked 
|   5|0x00000000e0500000, 0x00000000e0600000, 0x00000000e0600000|100%| O|  |TAMS 0x00000000e0500000| PB 0x00000000e0500000| Untracked 
|   6|0x00000000e0600000, 0x00000000e0700000, 0x00000000e0700000|100%|HS|  |TAMS 0x00000000e0600000| PB 0x00000000e0600000| Complete 
|   7|0x00000000e0700000, 0x00000000e0800000, 0x00000000e0800000|100%| O|  |TAMS 0x00000000e0700000| PB 0x00000000e0700000| Untracked 
|   8|0x00000000e0800000, 0x00000000e0900000, 0x00000000e0900000|100%| O|  |TAMS 0x00000000e0800000| PB 0x00000000e0800000| Untracked 
|   9|0x00000000e0900000, 0x00000000e0a00000, 0x00000000e0a00000|100%| O|  |TAMS 0x00000000e0900000| PB 0x00000000e0900000| Untracked 
|  10|0x00000000e0a00000, 0x00000000e0b00000, 0x00000000e0b00000|100%| O|  |TAMS 0x00000000e0a00000| PB 0x00000000e0a00000| Untracked 
|  11|0x00000000e0b00000, 0x00000000e0c00000, 0x00000000e0c00000|100%| O|  |TAMS 0x00000000e0b00000| PB 0x00000000e0b00000| Untracked 
|  12|0x00000000e0c00000, 0x00000000e0d00000, 0x00000000e0d00000|100%| O|  |TAMS 0x00000000e0c00000| PB 0x00000000e0c00000| Untracked 
|  13|0x00000000e0d00000, 0x00000000e0e00000, 0x00000000e0e00000|100%| O|  |TAMS 0x00000000e0d00000| PB 0x00000000e0d00000| Untracked 
|  14|0x00000000e0e00000, 0x00000000e0f00000, 0x00000000e0f00000|100%| O|  |TAMS 0x00000000e0e00000| PB 0x00000000e0e00000| Untracked 
|  15|0x00000000e0f00000, 0x00000000e1000000, 0x00000000e1000000|100%| O|Cm|TAMS 0x00000000e0f00000| PB 0x00000000e0f00000| Complete 
|  16|0x00000000e1000000, 0x00000000e1100000, 0x00000000e1100000|100%| O|  |TAMS 0x00000000e1000000| PB 0x00000000e1000000| Untracked 
|  17|0x00000000e1100000, 0x00000000e1200000, 0x00000000e1200000|100%| O|  |TAMS 0x00000000e1100000| PB 0x00000000e1100000| Untracked 
|  18|0x00000000e1200000, 0x00000000e1300000, 0x00000000e1300000|100%| O|  |TAMS 0x00000000e1200000| PB 0x00000000e1200000| Untracked 
|  19|0x00000000e1300000, 0x00000000e1400000, 0x00000000e1400000|100%| O|  |TAMS 0x00000000e1300000| PB 0x00000000e1300000| Untracked 
|  20|0x00000000e1400000, 0x00000000e1500000, 0x00000000e1500000|100%| O|  |TAMS 0x00000000e1400000| PB 0x00000000e1400000| Untracked 
|  21|0x00000000e1500000, 0x00000000e1600000, 0x00000000e1600000|100%| O|  |TAMS 0x00000000e1500000| PB 0x00000000e1500000| Untracked 
|  22|0x00000000e1600000, 0x00000000e16e1c00, 0x00000000e1700000| 88%| O|  |TAMS 0x00000000e1600000| PB 0x00000000e1600000| Untracked 
|  23|0x00000000e1700000, 0x00000000e1700000, 0x00000000e1800000|  0%| F|  |TAMS 0x00000000e1700000| PB 0x00000000e1700000| Untracked 
|  24|0x00000000e1800000, 0x00000000e1800000, 0x00000000e1900000|  0%| F|  |TAMS 0x00000000e1800000| PB 0x00000000e1800000| Untracked 
|  25|0x00000000e1900000, 0x00000000e1900000, 0x00000000e1a00000|  0%| F|  |TAMS 0x00000000e1900000| PB 0x00000000e1900000| Untracked 
|  26|0x00000000e1a00000, 0x00000000e1a00000, 0x00000000e1b00000|  0%| F|  |TAMS 0x00000000e1a00000| PB 0x00000000e1a00000| Untracked 
|  27|0x00000000e1b00000, 0x00000000e1b00000, 0x00000000e1c00000|  0%| F|  |TAMS 0x00000000e1b00000| PB 0x00000000e1b00000| Untracked 
|  28|0x00000000e1c00000, 0x00000000e1c00000, 0x00000000e1d00000|  0%| F|  |TAMS 0x00000000e1c00000| PB 0x00000000e1c00000| Untracked 
|  29|0x00000000e1d00000, 0x00000000e1d00000, 0x00000000e1e00000|  0%| F|  |TAMS 0x00000000e1d00000| PB 0x00000000e1d00000| Untracked 
|  30|0x00000000e1e00000, 0x00000000e1e00000, 0x00000000e1f00000|  0%| F|  |TAMS 0x00000000e1e00000| PB 0x00000000e1e00000| Untracked 
|  31|0x00000000e1f00000, 0x00000000e1f00000, 0x00000000e2000000|  0%| F|  |TAMS 0x00000000e1f00000| PB 0x00000000e1f00000| Untracked 
|  32|0x00000000e2000000, 0x00000000e2000000, 0x00000000e2100000|  0%| F|  |TAMS 0x00000000e2000000| PB 0x00000000e2000000| Untracked 
|  33|0x00000000e2100000, 0x00000000e2100000, 0x00000000e2200000|  0%| F|  |TAMS 0x00000000e2100000| PB 0x00000000e2100000| Untracked 
|  34|0x00000000e2200000, 0x00000000e2200000, 0x00000000e2300000|  0%| F|  |TAMS 0x00000000e2200000| PB 0x00000000e2200000| Untracked 
|  35|0x00000000e2300000, 0x00000000e2300000, 0x00000000e2400000|  0%| F|  |TAMS 0x00000000e2300000| PB 0x00000000e2300000| Untracked 
|  36|0x00000000e2400000, 0x00000000e2400000, 0x00000000e2500000|  0%| F|  |TAMS 0x00000000e2400000| PB 0x00000000e2400000| Untracked 
|  37|0x00000000e2500000, 0x00000000e2500000, 0x00000000e2600000|  0%| F|  |TAMS 0x00000000e2500000| PB 0x00000000e2500000| Untracked 
|  38|0x00000000e2600000, 0x00000000e2600000, 0x00000000e2700000|  0%| F|  |TAMS 0x00000000e2600000| PB 0x00000000e2600000| Untracked 
|  39|0x00000000e2700000, 0x00000000e2700000, 0x00000000e2800000|  0%| F|  |TAMS 0x00000000e2700000| PB 0x00000000e2700000| Untracked 
|  40|0x00000000e2800000, 0x00000000e2800000, 0x00000000e2900000|  0%| F|  |TAMS 0x00000000e2800000| PB 0x00000000e2800000| Untracked 
|  41|0x00000000e2900000, 0x00000000e2900000, 0x00000000e2a00000|  0%| F|  |TAMS 0x00000000e2900000| PB 0x00000000e2900000| Untracked 
|  42|0x00000000e2a00000, 0x00000000e2a00000, 0x00000000e2b00000|  0%| F|  |TAMS 0x00000000e2a00000| PB 0x00000000e2a00000| Untracked 
|  43|0x00000000e2b00000, 0x00000000e2b00000, 0x00000000e2c00000|  0%| F|  |TAMS 0x00000000e2b00000| PB 0x00000000e2b00000| Untracked 
|  44|0x00000000e2c00000, 0x00000000e2c00000, 0x00000000e2d00000|  0%| F|  |TAMS 0x00000000e2c00000| PB 0x00000000e2c00000| Untracked 
|  45|0x00000000e2d00000, 0x00000000e2d00000, 0x00000000e2e00000|  0%| F|  |TAMS 0x00000000e2d00000| PB 0x00000000e2d00000| Untracked 
|  46|0x00000000e2e00000, 0x00000000e2e00000, 0x00000000e2f00000|  0%| F|  |TAMS 0x00000000e2e00000| PB 0x00000000e2e00000| Untracked 
|  47|0x00000000e2f00000, 0x00000000e2f00000, 0x00000000e3000000|  0%| F|  |TAMS 0x00000000e2f00000| PB 0x00000000e2f00000| Untracked 
|  48|0x00000000e3000000, 0x00000000e3000000, 0x00000000e3100000|  0%| F|  |TAMS 0x00000000e3000000| PB 0x00000000e3000000| Untracked 
|  49|0x00000000e3100000, 0x00000000e3100000, 0x00000000e3200000|  0%| F|  |TAMS 0x00000000e3100000| PB 0x00000000e3100000| Untracked 
|  50|0x00000000e3200000, 0x00000000e3200000, 0x00000000e3300000|  0%| F|  |TAMS 0x00000000e3200000| PB 0x00000000e3200000| Untracked 
|  51|0x00000000e3300000, 0x00000000e3300000, 0x00000000e3400000|  0%| F|  |TAMS 0x00000000e3300000| PB 0x00000000e3300000| Untracked 
|  52|0x00000000e3400000, 0x00000000e3400000, 0x00000000e3500000|  0%| F|  |TAMS 0x00000000e3400000| PB 0x00000000e3400000| Untracked 
|  53|0x00000000e3500000, 0x00000000e3500000, 0x00000000e3600000|  0%| F|  |TAMS 0x00000000e3500000| PB 0x00000000e3500000| Untracked 
|  54|0x00000000e3600000, 0x00000000e3600000, 0x00000000e3700000|  0%| F|  |TAMS 0x00000000e3600000| PB 0x00000000e3600000| Untracked 
|  55|0x00000000e3700000, 0x00000000e3700000, 0x00000000e3800000|  0%| F|  |TAMS 0x00000000e3700000| PB 0x00000000e3700000| Untracked 
|  56|0x00000000e3800000, 0x00000000e3800000, 0x00000000e3900000|  0%| F|  |TAMS 0x00000000e3800000| PB 0x00000000e3800000| Untracked 
|  57|0x00000000e3900000, 0x00000000e3900000, 0x00000000e3a00000|  0%| F|  |TAMS 0x00000000e3900000| PB 0x00000000e3900000| Untracked 
|  58|0x00000000e3a00000, 0x00000000e3a00000, 0x00000000e3b00000|  0%| F|  |TAMS 0x00000000e3a00000| PB 0x00000000e3a00000| Untracked 
|  59|0x00000000e3b00000, 0x00000000e3b00000, 0x00000000e3c00000|  0%| F|  |TAMS 0x00000000e3b00000| PB 0x00000000e3b00000| Untracked 
|  60|0x00000000e3c00000, 0x00000000e3c00000, 0x00000000e3d00000|  0%| F|  |TAMS 0x00000000e3c00000| PB 0x00000000e3c00000| Untracked 
|  61|0x00000000e3d00000, 0x00000000e3d00000, 0x00000000e3e00000|  0%| F|  |TAMS 0x00000000e3d00000| PB 0x00000000e3d00000| Untracked 
|  62|0x00000000e3e00000, 0x00000000e3e00000, 0x00000000e3f00000|  0%| F|  |TAMS 0x00000000e3e00000| PB 0x00000000e3e00000| Untracked 
|  63|0x00000000e3f00000, 0x00000000e3f00000, 0x00000000e4000000|  0%| F|  |TAMS 0x00000000e3f00000| PB 0x00000000e3f00000| Untracked 
|  64|0x00000000e4000000, 0x00000000e4000000, 0x00000000e4100000|  0%| F|  |TAMS 0x00000000e4000000| PB 0x00000000e4000000| Untracked 
|  65|0x00000000e4100000, 0x00000000e4100000, 0x00000000e4200000|  0%| F|  |TAMS 0x00000000e4100000| PB 0x00000000e4100000| Untracked 
|  66|0x00000000e4200000, 0x00000000e4200000, 0x00000000e4300000|  0%| F|  |TAMS 0x00000000e4200000| PB 0x00000000e4200000| Untracked 
|  67|0x00000000e4300000, 0x00000000e4300000, 0x00000000e4400000|  0%| F|  |TAMS 0x00000000e4300000| PB 0x00000000e4300000| Untracked 
|  68|0x00000000e4400000, 0x00000000e4400000, 0x00000000e4500000|  0%| F|  |TAMS 0x00000000e4400000| PB 0x00000000e4400000| Untracked 
|  69|0x00000000e4500000, 0x00000000e4500000, 0x00000000e4600000|  0%| F|  |TAMS 0x00000000e4500000| PB 0x00000000e4500000| Untracked 
|  70|0x00000000e4600000, 0x00000000e4600000, 0x00000000e4700000|  0%| F|  |TAMS 0x00000000e4600000| PB 0x00000000e4600000| Untracked 
|  71|0x00000000e4700000, 0x00000000e4700000, 0x00000000e4800000|  0%| F|  |TAMS 0x00000000e4700000| PB 0x00000000e4700000| Untracked 
|  72|0x00000000e4800000, 0x00000000e4800000, 0x00000000e4900000|  0%| F|  |TAMS 0x00000000e4800000| PB 0x00000000e4800000| Untracked 
|  73|0x00000000e4900000, 0x00000000e4900000, 0x00000000e4a00000|  0%| F|  |TAMS 0x00000000e4900000| PB 0x00000000e4900000| Untracked 
|  74|0x00000000e4a00000, 0x00000000e4a00000, 0x00000000e4b00000|  0%| F|  |TAMS 0x00000000e4a00000| PB 0x00000000e4a00000| Untracked 
|  75|0x00000000e4b00000, 0x00000000e4b00000, 0x00000000e4c00000|  0%| F|  |TAMS 0x00000000e4b00000| PB 0x00000000e4b00000| Untracked 
|  76|0x00000000e4c00000, 0x00000000e4c00000, 0x00000000e4d00000|  0%| F|  |TAMS 0x00000000e4c00000| PB 0x00000000e4c00000| Untracked 
|  77|0x00000000e4d00000, 0x00000000e4d00000, 0x00000000e4e00000|  0%| F|  |TAMS 0x00000000e4d00000| PB 0x00000000e4d00000| Untracked 
|  78|0x00000000e4e00000, 0x00000000e4e00000, 0x00000000e4f00000|  0%| F|  |TAMS 0x00000000e4e00000| PB 0x00000000e4e00000| Untracked 
|  79|0x00000000e4f00000, 0x00000000e4f00000, 0x00000000e5000000|  0%| F|  |TAMS 0x00000000e4f00000| PB 0x00000000e4f00000| Untracked 
|  80|0x00000000e5000000, 0x00000000e5000000, 0x00000000e5100000|  0%| F|  |TAMS 0x00000000e5000000| PB 0x00000000e5000000| Untracked 
|  81|0x00000000e5100000, 0x00000000e5100000, 0x00000000e5200000|  0%| F|  |TAMS 0x00000000e5100000| PB 0x00000000e5100000| Untracked 
|  82|0x00000000e5200000, 0x00000000e5200000, 0x00000000e5300000|  0%| F|  |TAMS 0x00000000e5200000| PB 0x00000000e5200000| Untracked 
|  83|0x00000000e5300000, 0x00000000e5300000, 0x00000000e5400000|  0%| F|  |TAMS 0x00000000e5300000| PB 0x00000000e5300000| Untracked 
|  84|0x00000000e5400000, 0x00000000e5400000, 0x00000000e5500000|  0%| F|  |TAMS 0x00000000e5400000| PB 0x00000000e5400000| Untracked 
|  85|0x00000000e5500000, 0x00000000e5500000, 0x00000000e5600000|  0%| F|  |TAMS 0x00000000e5500000| PB 0x00000000e5500000| Untracked 
|  86|0x00000000e5600000, 0x00000000e5600000, 0x00000000e5700000|  0%| F|  |TAMS 0x00000000e5600000| PB 0x00000000e5600000| Untracked 
|  87|0x00000000e5700000, 0x00000000e5700000, 0x00000000e5800000|  0%| F|  |TAMS 0x00000000e5700000| PB 0x00000000e5700000| Untracked 
|  88|0x00000000e5800000, 0x00000000e5800000, 0x00000000e5900000|  0%| F|  |TAMS 0x00000000e5800000| PB 0x00000000e5800000| Untracked 
|  89|0x00000000e5900000, 0x00000000e5900000, 0x00000000e5a00000|  0%| F|  |TAMS 0x00000000e5900000| PB 0x00000000e5900000| Untracked 
|  90|0x00000000e5a00000, 0x00000000e5a00000, 0x00000000e5b00000|  0%| F|  |TAMS 0x00000000e5a00000| PB 0x00000000e5a00000| Untracked 
|  91|0x00000000e5b00000, 0x00000000e5b00000, 0x00000000e5c00000|  0%| F|  |TAMS 0x00000000e5b00000| PB 0x00000000e5b00000| Untracked 
|  92|0x00000000e5c00000, 0x00000000e5c00000, 0x00000000e5d00000|  0%| F|  |TAMS 0x00000000e5c00000| PB 0x00000000e5c00000| Untracked 
|  93|0x00000000e5d00000, 0x00000000e5d00000, 0x00000000e5e00000|  0%| F|  |TAMS 0x00000000e5d00000| PB 0x00000000e5d00000| Untracked 
|  94|0x00000000e5e00000, 0x00000000e5e00000, 0x00000000e5f00000|  0%| F|  |TAMS 0x00000000e5e00000| PB 0x00000000e5e00000| Untracked 
|  95|0x00000000e5f00000, 0x00000000e5f00000, 0x00000000e6000000|  0%| F|  |TAMS 0x00000000e5f00000| PB 0x00000000e5f00000| Untracked 
|  96|0x00000000e6000000, 0x00000000e6000000, 0x00000000e6100000|  0%| F|  |TAMS 0x00000000e6000000| PB 0x00000000e6000000| Untracked 
|  97|0x00000000e6100000, 0x00000000e6100000, 0x00000000e6200000|  0%| F|  |TAMS 0x00000000e6100000| PB 0x00000000e6100000| Untracked 
|  98|0x00000000e6200000, 0x00000000e6200000, 0x00000000e6300000|  0%| F|  |TAMS 0x00000000e6200000| PB 0x00000000e6200000| Untracked 
|  99|0x00000000e6300000, 0x00000000e6300000, 0x00000000e6400000|  0%| F|  |TAMS 0x00000000e6300000| PB 0x00000000e6300000| Untracked 
| 100|0x00000000e6400000, 0x00000000e6400000, 0x00000000e6500000|  0%| F|  |TAMS 0x00000000e6400000| PB 0x00000000e6400000| Untracked 
| 101|0x00000000e6500000, 0x00000000e6500000, 0x00000000e6600000|  0%| F|  |TAMS 0x00000000e6500000| PB 0x00000000e6500000| Untracked 
| 102|0x00000000e6600000, 0x00000000e6600000, 0x00000000e6700000|  0%| F|  |TAMS 0x00000000e6600000| PB 0x00000000e6600000| Untracked 
| 103|0x00000000e6700000, 0x00000000e6700000, 0x00000000e6800000|  0%| F|  |TAMS 0x00000000e6700000| PB 0x00000000e6700000| Untracked 
| 104|0x00000000e6800000, 0x00000000e6800000, 0x00000000e6900000|  0%| F|  |TAMS 0x00000000e6800000| PB 0x00000000e6800000| Untracked 
| 105|0x00000000e6900000, 0x00000000e6900000, 0x00000000e6a00000|  0%| F|  |TAMS 0x00000000e6900000| PB 0x00000000e6900000| Untracked 
| 106|0x00000000e6a00000, 0x00000000e6a00000, 0x00000000e6b00000|  0%| F|  |TAMS 0x00000000e6a00000| PB 0x00000000e6a00000| Untracked 
| 107|0x00000000e6b00000, 0x00000000e6b00000, 0x00000000e6c00000|  0%| F|  |TAMS 0x00000000e6b00000| PB 0x00000000e6b00000| Untracked 
| 108|0x00000000e6c00000, 0x00000000e6c00000, 0x00000000e6d00000|  0%| F|  |TAMS 0x00000000e6c00000| PB 0x00000000e6c00000| Untracked 
| 109|0x00000000e6d00000, 0x00000000e6d00000, 0x00000000e6e00000|  0%| F|  |TAMS 0x00000000e6d00000| PB 0x00000000e6d00000| Untracked 
| 110|0x00000000e6e00000, 0x00000000e6e00000, 0x00000000e6f00000|  0%| F|  |TAMS 0x00000000e6e00000| PB 0x00000000e6e00000| Untracked 
| 111|0x00000000e6f00000, 0x00000000e6f00000, 0x00000000e7000000|  0%| F|  |TAMS 0x00000000e6f00000| PB 0x00000000e6f00000| Untracked 
| 112|0x00000000e7000000, 0x00000000e7000000, 0x00000000e7100000|  0%| F|  |TAMS 0x00000000e7000000| PB 0x00000000e7000000| Untracked 
| 113|0x00000000e7100000, 0x00000000e7100000, 0x00000000e7200000|  0%| F|  |TAMS 0x00000000e7100000| PB 0x00000000e7100000| Untracked 
| 114|0x00000000e7200000, 0x00000000e7200000, 0x00000000e7300000|  0%| F|  |TAMS 0x00000000e7200000| PB 0x00000000e7200000| Untracked 
| 115|0x00000000e7300000, 0x00000000e7300000, 0x00000000e7400000|  0%| F|  |TAMS 0x00000000e7300000| PB 0x00000000e7300000| Untracked 
| 116|0x00000000e7400000, 0x00000000e7400000, 0x00000000e7500000|  0%| F|  |TAMS 0x00000000e7400000| PB 0x00000000e7400000| Untracked 
| 117|0x00000000e7500000, 0x00000000e7500000, 0x00000000e7600000|  0%| F|  |TAMS 0x00000000e7500000| PB 0x00000000e7500000| Untracked 
| 118|0x00000000e7600000, 0x00000000e7600000, 0x00000000e7700000|  0%| F|  |TAMS 0x00000000e7600000| PB 0x00000000e7600000| Untracked 
| 119|0x00000000e7700000, 0x00000000e7700000, 0x00000000e7800000|  0%| F|  |TAMS 0x00000000e7700000| PB 0x00000000e7700000| Untracked 
| 120|0x00000000e7800000, 0x00000000e7800000, 0x00000000e7900000|  0%| F|  |TAMS 0x00000000e7800000| PB 0x00000000e7800000| Untracked 
| 121|0x00000000e7900000, 0x00000000e7900000, 0x00000000e7a00000|  0%| F|  |TAMS 0x00000000e7900000| PB 0x00000000e7900000| Untracked 
| 122|0x00000000e7a00000, 0x00000000e7a00000, 0x00000000e7b00000|  0%| F|  |TAMS 0x00000000e7a00000| PB 0x00000000e7a00000| Untracked 
| 123|0x00000000e7b00000, 0x00000000e7b00000, 0x00000000e7c00000|  0%| F|  |TAMS 0x00000000e7b00000| PB 0x00000000e7b00000| Untracked 
| 124|0x00000000e7c00000, 0x00000000e7c00000, 0x00000000e7d00000|  0%| F|  |TAMS 0x00000000e7c00000| PB 0x00000000e7c00000| Untracked 
| 125|0x00000000e7d00000, 0x00000000e7d00000, 0x00000000e7e00000|  0%| F|  |TAMS 0x00000000e7d00000| PB 0x00000000e7d00000| Untracked 
| 126|0x00000000e7e00000, 0x00000000e7e00000, 0x00000000e7f00000|  0%| F|  |TAMS 0x00000000e7e00000| PB 0x00000000e7e00000| Untracked 
| 127|0x00000000e7f00000, 0x00000000e7f00000, 0x00000000e8000000|  0%| F|  |TAMS 0x00000000e7f00000| PB 0x00000000e7f00000| Untracked 
| 128|0x00000000e8000000, 0x00000000e8000000, 0x00000000e8100000|  0%| F|  |TAMS 0x00000000e8000000| PB 0x00000000e8000000| Untracked 
| 129|0x00000000e8100000, 0x00000000e8100000, 0x00000000e8200000|  0%| F|  |TAMS 0x00000000e8100000| PB 0x00000000e8100000| Untracked 
| 130|0x00000000e8200000, 0x00000000e8200000, 0x00000000e8300000|  0%| F|  |TAMS 0x00000000e8200000| PB 0x00000000e8200000| Untracked 
| 131|0x00000000e8300000, 0x00000000e8300000, 0x00000000e8400000|  0%| F|  |TAMS 0x00000000e8300000| PB 0x00000000e8300000| Untracked 
| 132|0x00000000e8400000, 0x00000000e8400000, 0x00000000e8500000|  0%| F|  |TAMS 0x00000000e8400000| PB 0x00000000e8400000| Untracked 
| 133|0x00000000e8500000, 0x00000000e8500000, 0x00000000e8600000|  0%| F|  |TAMS 0x00000000e8500000| PB 0x00000000e8500000| Untracked 
| 134|0x00000000e8600000, 0x00000000e8600000, 0x00000000e8700000|  0%| F|  |TAMS 0x00000000e8600000| PB 0x00000000e8600000| Untracked 
| 135|0x00000000e8700000, 0x00000000e8700000, 0x00000000e8800000|  0%| F|  |TAMS 0x00000000e8700000| PB 0x00000000e8700000| Untracked 
| 136|0x00000000e8800000, 0x00000000e8800000, 0x00000000e8900000|  0%| F|  |TAMS 0x00000000e8800000| PB 0x00000000e8800000| Untracked 
| 137|0x00000000e8900000, 0x00000000e8900000, 0x00000000e8a00000|  0%| F|  |TAMS 0x00000000e8900000| PB 0x00000000e8900000| Untracked 
| 138|0x00000000e8a00000, 0x00000000e8a00000, 0x00000000e8b00000|  0%| F|  |TAMS 0x00000000e8a00000| PB 0x00000000e8a00000| Untracked 
| 139|0x00000000e8b00000, 0x00000000e8b00000, 0x00000000e8c00000|  0%| F|  |TAMS 0x00000000e8b00000| PB 0x00000000e8b00000| Untracked 
| 140|0x00000000e8c00000, 0x00000000e8c00000, 0x00000000e8d00000|  0%| F|  |TAMS 0x00000000e8c00000| PB 0x00000000e8c00000| Untracked 
| 141|0x00000000e8d00000, 0x00000000e8d76190, 0x00000000e8e00000| 46%| S|CS|TAMS 0x00000000e8d00000| PB 0x00000000e8d00000| Complete 
| 142|0x00000000e8e00000, 0x00000000e8f00000, 0x00000000e8f00000|100%| S|CS|TAMS 0x00000000e8e00000| PB 0x00000000e8e00000| Complete 
| 143|0x00000000e8f00000, 0x00000000e9000000, 0x00000000e9000000|100%| S|CS|TAMS 0x00000000e8f00000| PB 0x00000000e8f00000| Complete 
| 144|0x00000000e9000000, 0x00000000e9100000, 0x00000000e9100000|100%| S|CS|TAMS 0x00000000e9000000| PB 0x00000000e9000000| Complete 
| 145|0x00000000e9100000, 0x00000000e9200000, 0x00000000e9200000|100%| S|CS|TAMS 0x00000000e9100000| PB 0x00000000e9100000| Complete 
| 146|0x00000000e9200000, 0x00000000e9300000, 0x00000000e9300000|100%| S|CS|TAMS 0x00000000e9200000| PB 0x00000000e9200000| Complete 
| 147|0x00000000e9300000, 0x00000000e9400000, 0x00000000e9400000|100%| S|CS|TAMS 0x00000000e9300000| PB 0x00000000e9300000| Complete 
| 148|0x00000000e9400000, 0x00000000e9500000, 0x00000000e9500000|100%| S|CS|TAMS 0x00000000e9400000| PB 0x00000000e9400000| Complete 
| 149|0x00000000e9500000, 0x00000000e9600000, 0x00000000e9600000|100%| S|CS|TAMS 0x00000000e9500000| PB 0x00000000e9500000| Complete 
| 150|0x00000000e9600000, 0x00000000e9700000, 0x00000000e9700000|100%| S|CS|TAMS 0x00000000e9600000| PB 0x00000000e9600000| Complete 
| 151|0x00000000e9700000, 0x00000000e9700000, 0x00000000e9800000|  0%| F|  |TAMS 0x00000000e9700000| PB 0x00000000e9700000| Untracked 
| 152|0x00000000e9800000, 0x00000000e9800000, 0x00000000e9900000|  0%| F|  |TAMS 0x00000000e9800000| PB 0x00000000e9800000| Untracked 
| 153|0x00000000e9900000, 0x00000000e9900000, 0x00000000e9a00000|  0%| F|  |TAMS 0x00000000e9900000| PB 0x00000000e9900000| Untracked 
| 154|0x00000000e9a00000, 0x00000000e9a00000, 0x00000000e9b00000|  0%| F|  |TAMS 0x00000000e9a00000| PB 0x00000000e9a00000| Untracked 
| 155|0x00000000e9b00000, 0x00000000e9b00000, 0x00000000e9c00000|  0%| F|  |TAMS 0x00000000e9b00000| PB 0x00000000e9b00000| Untracked 
| 156|0x00000000e9c00000, 0x00000000e9c00000, 0x00000000e9d00000|  0%| F|  |TAMS 0x00000000e9c00000| PB 0x00000000e9c00000| Untracked 
| 157|0x00000000e9d00000, 0x00000000e9d00000, 0x00000000e9e00000|  0%| F|  |TAMS 0x00000000e9d00000| PB 0x00000000e9d00000| Untracked 
| 158|0x00000000e9e00000, 0x00000000e9e00000, 0x00000000e9f00000|  0%| F|  |TAMS 0x00000000e9e00000| PB 0x00000000e9e00000| Untracked 
| 159|0x00000000e9f00000, 0x00000000e9f00000, 0x00000000ea000000|  0%| F|  |TAMS 0x00000000e9f00000| PB 0x00000000e9f00000| Untracked 
| 160|0x00000000ea000000, 0x00000000ea000000, 0x00000000ea100000|  0%| F|  |TAMS 0x00000000ea000000| PB 0x00000000ea000000| Untracked 
| 161|0x00000000ea100000, 0x00000000ea100000, 0x00000000ea200000|  0%| F|  |TAMS 0x00000000ea100000| PB 0x00000000ea100000| Untracked 
| 162|0x00000000ea200000, 0x00000000ea200000, 0x00000000ea300000|  0%| F|  |TAMS 0x00000000ea200000| PB 0x00000000ea200000| Untracked 
| 163|0x00000000ea300000, 0x00000000ea300000, 0x00000000ea400000|  0%| F|  |TAMS 0x00000000ea300000| PB 0x00000000ea300000| Untracked 
| 164|0x00000000ea400000, 0x00000000ea400000, 0x00000000ea500000|  0%| F|  |TAMS 0x00000000ea400000| PB 0x00000000ea400000| Untracked 
| 165|0x00000000ea500000, 0x00000000ea500000, 0x00000000ea600000|  0%| F|  |TAMS 0x00000000ea500000| PB 0x00000000ea500000| Untracked 
| 166|0x00000000ea600000, 0x00000000ea600000, 0x00000000ea700000|  0%| F|  |TAMS 0x00000000ea600000| PB 0x00000000ea600000| Untracked 
| 167|0x00000000ea700000, 0x00000000ea700000, 0x00000000ea800000|  0%| F|  |TAMS 0x00000000ea700000| PB 0x00000000ea700000| Untracked 
| 168|0x00000000ea800000, 0x00000000ea800000, 0x00000000ea900000|  0%| F|  |TAMS 0x00000000ea800000| PB 0x00000000ea800000| Untracked 
| 169|0x00000000ea900000, 0x00000000ea900000, 0x00000000eaa00000|  0%| F|  |TAMS 0x00000000ea900000| PB 0x00000000ea900000| Untracked 
| 170|0x00000000eaa00000, 0x00000000eaa00000, 0x00000000eab00000|  0%| F|  |TAMS 0x00000000eaa00000| PB 0x00000000eaa00000| Untracked 
| 171|0x00000000eab00000, 0x00000000eab00000, 0x00000000eac00000|  0%| F|  |TAMS 0x00000000eab00000| PB 0x00000000eab00000| Untracked 
| 172|0x00000000eac00000, 0x00000000eac00000, 0x00000000ead00000|  0%| F|  |TAMS 0x00000000eac00000| PB 0x00000000eac00000| Untracked 
| 173|0x00000000ead00000, 0x00000000ead00000, 0x00000000eae00000|  0%| F|  |TAMS 0x00000000ead00000| PB 0x00000000ead00000| Untracked 
| 174|0x00000000eae00000, 0x00000000eae00000, 0x00000000eaf00000|  0%| F|  |TAMS 0x00000000eae00000| PB 0x00000000eae00000| Untracked 
| 175|0x00000000eaf00000, 0x00000000eaf00000, 0x00000000eb000000|  0%| F|  |TAMS 0x00000000eaf00000| PB 0x00000000eaf00000| Untracked 
| 176|0x00000000eb000000, 0x00000000eb000000, 0x00000000eb100000|  0%| F|  |TAMS 0x00000000eb000000| PB 0x00000000eb000000| Untracked 
| 177|0x00000000eb100000, 0x00000000eb100000, 0x00000000eb200000|  0%| F|  |TAMS 0x00000000eb100000| PB 0x00000000eb100000| Untracked 
| 178|0x00000000eb200000, 0x00000000eb200000, 0x00000000eb300000|  0%| F|  |TAMS 0x00000000eb200000| PB 0x00000000eb200000| Untracked 
| 179|0x00000000eb300000, 0x00000000eb300000, 0x00000000eb400000|  0%| F|  |TAMS 0x00000000eb300000| PB 0x00000000eb300000| Untracked 
| 180|0x00000000eb400000, 0x00000000eb400000, 0x00000000eb500000|  0%| F|  |TAMS 0x00000000eb400000| PB 0x00000000eb400000| Untracked 
| 181|0x00000000eb500000, 0x00000000eb500000, 0x00000000eb600000|  0%| F|  |TAMS 0x00000000eb500000| PB 0x00000000eb500000| Untracked 
| 182|0x00000000eb600000, 0x00000000eb600000, 0x00000000eb700000|  0%| F|  |TAMS 0x00000000eb600000| PB 0x00000000eb600000| Untracked 
| 183|0x00000000eb700000, 0x00000000eb700000, 0x00000000eb800000|  0%| F|  |TAMS 0x00000000eb700000| PB 0x00000000eb700000| Untracked 
| 184|0x00000000eb800000, 0x00000000eb800000, 0x00000000eb900000|  0%| F|  |TAMS 0x00000000eb800000| PB 0x00000000eb800000| Untracked 
| 185|0x00000000eb900000, 0x00000000eb900000, 0x00000000eba00000|  0%| F|  |TAMS 0x00000000eb900000| PB 0x00000000eb900000| Untracked 
| 186|0x00000000eba00000, 0x00000000eba00000, 0x00000000ebb00000|  0%| F|  |TAMS 0x00000000eba00000| PB 0x00000000eba00000| Untracked 
| 187|0x00000000ebb00000, 0x00000000ebb00000, 0x00000000ebc00000|  0%| F|  |TAMS 0x00000000ebb00000| PB 0x00000000ebb00000| Untracked 
| 188|0x00000000ebc00000, 0x00000000ebc00000, 0x00000000ebd00000|  0%| F|  |TAMS 0x00000000ebc00000| PB 0x00000000ebc00000| Untracked 
| 189|0x00000000ebd00000, 0x00000000ebd00000, 0x00000000ebe00000|  0%| F|  |TAMS 0x00000000ebd00000| PB 0x00000000ebd00000| Untracked 
| 190|0x00000000ebe00000, 0x00000000ebe00000, 0x00000000ebf00000|  0%| F|  |TAMS 0x00000000ebe00000| PB 0x00000000ebe00000| Untracked 
| 191|0x00000000ebf00000, 0x00000000ebf00000, 0x00000000ec000000|  0%| F|  |TAMS 0x00000000ebf00000| PB 0x00000000ebf00000| Untracked 
| 192|0x00000000ec000000, 0x00000000ec000000, 0x00000000ec100000|  0%| F|  |TAMS 0x00000000ec000000| PB 0x00000000ec000000| Untracked 
| 193|0x00000000ec100000, 0x00000000ec100000, 0x00000000ec200000|  0%| F|  |TAMS 0x00000000ec100000| PB 0x00000000ec100000| Untracked 
| 194|0x00000000ec200000, 0x00000000ec200000, 0x00000000ec300000|  0%| F|  |TAMS 0x00000000ec200000| PB 0x00000000ec200000| Untracked 
| 195|0x00000000ec300000, 0x00000000ec300000, 0x00000000ec400000|  0%| F|  |TAMS 0x00000000ec300000| PB 0x00000000ec300000| Untracked 
| 196|0x00000000ec400000, 0x00000000ec400000, 0x00000000ec500000|  0%| F|  |TAMS 0x00000000ec400000| PB 0x00000000ec400000| Untracked 
| 197|0x00000000ec500000, 0x00000000ec500000, 0x00000000ec600000|  0%| F|  |TAMS 0x00000000ec500000| PB 0x00000000ec500000| Untracked 
| 198|0x00000000ec600000, 0x00000000ec600000, 0x00000000ec700000|  0%| F|  |TAMS 0x00000000ec600000| PB 0x00000000ec600000| Untracked 
| 199|0x00000000ec700000, 0x00000000ec700000, 0x00000000ec800000|  0%| F|  |TAMS 0x00000000ec700000| PB 0x00000000ec700000| Untracked 
| 200|0x00000000ec800000, 0x00000000ec800000, 0x00000000ec900000|  0%| F|  |TAMS 0x00000000ec800000| PB 0x00000000ec800000| Untracked 
| 201|0x00000000ec900000, 0x00000000ec900000, 0x00000000eca00000|  0%| F|  |TAMS 0x00000000ec900000| PB 0x00000000ec900000| Untracked 
| 202|0x00000000eca00000, 0x00000000eca00000, 0x00000000ecb00000|  0%| F|  |TAMS 0x00000000eca00000| PB 0x00000000eca00000| Untracked 
| 203|0x00000000ecb00000, 0x00000000ecb00000, 0x00000000ecc00000|  0%| F|  |TAMS 0x00000000ecb00000| PB 0x00000000ecb00000| Untracked 
| 204|0x00000000ecc00000, 0x00000000ecc00000, 0x00000000ecd00000|  0%| F|  |TAMS 0x00000000ecc00000| PB 0x00000000ecc00000| Untracked 
| 205|0x00000000ecd00000, 0x00000000ecd00000, 0x00000000ece00000|  0%| F|  |TAMS 0x00000000ecd00000| PB 0x00000000ecd00000| Untracked 
| 206|0x00000000ece00000, 0x00000000ece00000, 0x00000000ecf00000|  0%| F|  |TAMS 0x00000000ece00000| PB 0x00000000ece00000| Untracked 
| 207|0x00000000ecf00000, 0x00000000ecf00000, 0x00000000ed000000|  0%| F|  |TAMS 0x00000000ecf00000| PB 0x00000000ecf00000| Untracked 
| 208|0x00000000ed000000, 0x00000000ed000000, 0x00000000ed100000|  0%| F|  |TAMS 0x00000000ed000000| PB 0x00000000ed000000| Untracked 
| 209|0x00000000ed100000, 0x00000000ed100000, 0x00000000ed200000|  0%| F|  |TAMS 0x00000000ed100000| PB 0x00000000ed100000| Untracked 
| 210|0x00000000ed200000, 0x00000000ed200000, 0x00000000ed300000|  0%| F|  |TAMS 0x00000000ed200000| PB 0x00000000ed200000| Untracked 
| 211|0x00000000ed300000, 0x00000000ed300000, 0x00000000ed400000|  0%| F|  |TAMS 0x00000000ed300000| PB 0x00000000ed300000| Untracked 
| 212|0x00000000ed400000, 0x00000000ed400000, 0x00000000ed500000|  0%| F|  |TAMS 0x00000000ed400000| PB 0x00000000ed400000| Untracked 
| 213|0x00000000ed500000, 0x00000000ed500000, 0x00000000ed600000|  0%| F|  |TAMS 0x00000000ed500000| PB 0x00000000ed500000| Untracked 
| 214|0x00000000ed600000, 0x00000000ed600000, 0x00000000ed700000|  0%| F|  |TAMS 0x00000000ed600000| PB 0x00000000ed600000| Untracked 
| 215|0x00000000ed700000, 0x00000000ed700000, 0x00000000ed800000|  0%| F|  |TAMS 0x00000000ed700000| PB 0x00000000ed700000| Untracked 
| 216|0x00000000ed800000, 0x00000000ed800000, 0x00000000ed900000|  0%| F|  |TAMS 0x00000000ed800000| PB 0x00000000ed800000| Untracked 
| 217|0x00000000ed900000, 0x00000000ed900000, 0x00000000eda00000|  0%| F|  |TAMS 0x00000000ed900000| PB 0x00000000ed900000| Untracked 
| 218|0x00000000eda00000, 0x00000000eda00000, 0x00000000edb00000|  0%| F|  |TAMS 0x00000000eda00000| PB 0x00000000eda00000| Untracked 
| 219|0x00000000edb00000, 0x00000000edb00000, 0x00000000edc00000|  0%| F|  |TAMS 0x00000000edb00000| PB 0x00000000edb00000| Untracked 
| 220|0x00000000edc00000, 0x00000000edc00000, 0x00000000edd00000|  0%| F|  |TAMS 0x00000000edc00000| PB 0x00000000edc00000| Untracked 
| 221|0x00000000edd00000, 0x00000000edd00000, 0x00000000ede00000|  0%| F|  |TAMS 0x00000000edd00000| PB 0x00000000edd00000| Untracked 
| 222|0x00000000ede00000, 0x00000000ede00000, 0x00000000edf00000|  0%| F|  |TAMS 0x00000000ede00000| PB 0x00000000ede00000| Untracked 
| 223|0x00000000edf00000, 0x00000000edf00000, 0x00000000ee000000|  0%| F|  |TAMS 0x00000000edf00000| PB 0x00000000edf00000| Untracked 
| 224|0x00000000ee000000, 0x00000000ee000000, 0x00000000ee100000|  0%| F|  |TAMS 0x00000000ee000000| PB 0x00000000ee000000| Untracked 
| 225|0x00000000ee100000, 0x00000000ee100000, 0x00000000ee200000|  0%| F|  |TAMS 0x00000000ee100000| PB 0x00000000ee100000| Untracked 
| 226|0x00000000ee200000, 0x00000000ee200000, 0x00000000ee300000|  0%| F|  |TAMS 0x00000000ee200000| PB 0x00000000ee200000| Untracked 
| 227|0x00000000ee300000, 0x00000000ee300000, 0x00000000ee400000|  0%| F|  |TAMS 0x00000000ee300000| PB 0x00000000ee300000| Untracked 
| 228|0x00000000ee400000, 0x00000000ee400000, 0x00000000ee500000|  0%| F|  |TAMS 0x00000000ee400000| PB 0x00000000ee400000| Untracked 
| 229|0x00000000ee500000, 0x00000000ee500000, 0x00000000ee600000|  0%| F|  |TAMS 0x00000000ee500000| PB 0x00000000ee500000| Untracked 
| 230|0x00000000ee600000, 0x00000000ee600000, 0x00000000ee700000|  0%| F|  |TAMS 0x00000000ee600000| PB 0x00000000ee600000| Untracked 
| 231|0x00000000ee700000, 0x00000000ee700000, 0x00000000ee800000|  0%| F|  |TAMS 0x00000000ee700000| PB 0x00000000ee700000| Untracked 
| 232|0x00000000ee800000, 0x00000000ee800000, 0x00000000ee900000|  0%| F|  |TAMS 0x00000000ee800000| PB 0x00000000ee800000| Untracked 
| 233|0x00000000ee900000, 0x00000000ee900000, 0x00000000eea00000|  0%| F|  |TAMS 0x00000000ee900000| PB 0x00000000ee900000| Untracked 
| 234|0x00000000eea00000, 0x00000000eea00000, 0x00000000eeb00000|  0%| F|  |TAMS 0x00000000eea00000| PB 0x00000000eea00000| Untracked 
| 235|0x00000000eeb00000, 0x00000000eeb00000, 0x00000000eec00000|  0%| F|  |TAMS 0x00000000eeb00000| PB 0x00000000eeb00000| Untracked 
| 236|0x00000000eec00000, 0x00000000eec00000, 0x00000000eed00000|  0%| F|  |TAMS 0x00000000eec00000| PB 0x00000000eec00000| Untracked 
| 237|0x00000000eed00000, 0x00000000eed00000, 0x00000000eee00000|  0%| F|  |TAMS 0x00000000eed00000| PB 0x00000000eed00000| Untracked 
| 238|0x00000000eee00000, 0x00000000eee00000, 0x00000000eef00000|  0%| F|  |TAMS 0x00000000eee00000| PB 0x00000000eee00000| Untracked 
| 239|0x00000000eef00000, 0x00000000eef00000, 0x00000000ef000000|  0%| F|  |TAMS 0x00000000eef00000| PB 0x00000000eef00000| Untracked 
| 240|0x00000000ef000000, 0x00000000ef000000, 0x00000000ef100000|  0%| F|  |TAMS 0x00000000ef000000| PB 0x00000000ef000000| Untracked 
| 241|0x00000000ef100000, 0x00000000ef100000, 0x00000000ef200000|  0%| F|  |TAMS 0x00000000ef100000| PB 0x00000000ef100000| Untracked 
| 242|0x00000000ef200000, 0x00000000ef200000, 0x00000000ef300000|  0%| F|  |TAMS 0x00000000ef200000| PB 0x00000000ef200000| Untracked 
| 243|0x00000000ef300000, 0x00000000ef300000, 0x00000000ef400000|  0%| F|  |TAMS 0x00000000ef300000| PB 0x00000000ef300000| Untracked 
| 244|0x00000000ef400000, 0x00000000ef400000, 0x00000000ef500000|  0%| F|  |TAMS 0x00000000ef400000| PB 0x00000000ef400000| Untracked 
| 245|0x00000000ef500000, 0x00000000ef582fc0, 0x00000000ef600000| 51%| E|  |TAMS 0x00000000ef500000| PB 0x00000000ef500000| Complete 
| 246|0x00000000ef600000, 0x00000000ef700000, 0x00000000ef700000|100%| E|CS|TAMS 0x00000000ef600000| PB 0x00000000ef600000| Complete 
| 247|0x00000000ef700000, 0x00000000ef800000, 0x00000000ef800000|100%| E|CS|TAMS 0x00000000ef700000| PB 0x00000000ef700000| Complete 
| 248|0x00000000ef800000, 0x00000000ef900000, 0x00000000ef900000|100%| E|CS|TAMS 0x00000000ef800000| PB 0x00000000ef800000| Complete 
| 249|0x00000000ef900000, 0x00000000efa00000, 0x00000000efa00000|100%| E|CS|TAMS 0x00000000ef900000| PB 0x00000000ef900000| Complete 
| 250|0x00000000efa00000, 0x00000000efb00000, 0x00000000efb00000|100%| E|CS|TAMS 0x00000000efa00000| PB 0x00000000efa00000| Complete 
| 251|0x00000000efb00000, 0x00000000efc00000, 0x00000000efc00000|100%| E|CS|TAMS 0x00000000efb00000| PB 0x00000000efb00000| Complete 
| 252|0x00000000efc00000, 0x00000000efd00000, 0x00000000efd00000|100%| E|CS|TAMS 0x00000000efc00000| PB 0x00000000efc00000| Complete 
| 253|0x00000000efd00000, 0x00000000efe00000, 0x00000000efe00000|100%| E|CS|TAMS 0x00000000efd00000| PB 0x00000000efd00000| Complete 
| 254|0x00000000efe00000, 0x00000000eff00000, 0x00000000eff00000|100%| E|CS|TAMS 0x00000000efe00000| PB 0x00000000efe00000| Complete 
| 255|0x00000000eff00000, 0x00000000f0000000, 0x00000000f0000000|100%| E|CS|TAMS 0x00000000eff00000| PB 0x00000000eff00000| Complete 

Card table byte_map: [0x0000023ef96c0000,0x0000023ef97c0000] _byte_map_base: 0x0000023ef8fc0000

Marking Bits: (CMBitMap*) 0x0000023ee226bde0
 Bits: [0x0000023ef97c0000, 0x0000023ef9fc0000)

Polling page: 0x0000023ee0120000

Metaspace:

Usage:
  Non-class:     30.17 MB used.
      Class:      4.90 MB used.
       Both:     35.06 MB used.

Virtual space:
  Non-class space:       64.00 MB reserved,      30.69 MB ( 48%) committed,  1 nodes.
      Class space:      320.00 MB reserved,       5.44 MB (  2%) committed,  1 nodes.
             Both:      384.00 MB reserved,      36.12 MB (  9%) committed. 

Chunk freelists:
   Non-Class:  1.25 MB
       Class:  10.41 MB
        Both:  11.66 MB

MaxMetaspaceSize: 384.00 MB
CompressedClassSpaceSize: 320.00 MB
Initial GC threshold: 21.00 MB
Current GC threshold: 59.06 MB
CDS: on
 - commit_granule_bytes: 65536.
 - commit_granule_words: 8192.
 - virtual_space_node_default_size: 8388608.
 - enlarge_chunks_in_place: 1.
 - use_allocation_guard: 0.


Internal statistics:

num_allocs_failed_limit: 6.
num_arena_births: 1794.
num_arena_deaths: 0.
num_vsnodes_births: 2.
num_vsnodes_deaths: 0.
num_space_committed: 578.
num_space_uncommitted: 0.
num_chunks_returned_to_freelist: 6.
num_chunks_taken_from_freelist: 3349.
num_chunk_merges: 6.
num_chunk_splits: 2158.
num_chunks_enlarged: 1317.
num_inconsistent_stats: 0.

CodeHeap 'non-profiled nmethods': size=120000Kb used=2210Kb max_used=2561Kb free=117790Kb
 bounds [0x0000023ef2190000, 0x0000023ef2420000, 0x0000023ef96c0000]
CodeHeap 'profiled nmethods': size=120000Kb used=7743Kb max_used=8625Kb free=112256Kb
 bounds [0x0000023eea6c0000, 0x0000023eeaf40000, 0x0000023ef1bf0000]
CodeHeap 'non-nmethods': size=5760Kb used=2681Kb max_used=2704Kb free=3078Kb
 bounds [0x0000023ef1bf0000, 0x0000023ef1ea0000, 0x0000023ef2190000]
 total_blobs=4748 nmethods=3925 adapters=726
 compilation: enabled
              stopped_count=0, restarted_count=0
 full_count=0

Compilation events (20 events):
Event: 22.886 Thread 0x0000023efc5cecc0 4410       3       org.gradle.internal.instantiation.generator.AbstractClassGenerator$PropertyMetadata::lambda$findAnnotation$1 (6 bytes)
Event: 22.886 Thread 0x0000023efc5cecc0 nmethod 4410 0x0000023eea72d690 code [0x0000023eea72d8e0, 0x0000023eea72e0f0]
Event: 22.886 Thread 0x0000023efc5cecc0 4411       3       org.gradle.internal.instantiation.generator.AbstractClassGenerator$PropertyMetadata::getterAnnotationOf (12 bytes)
Event: 22.888 Thread 0x0000023efc5cecc0 nmethod 4411 0x0000023eea725390 code [0x0000023eea7255c0, 0x0000023eea725d60]
Event: 22.888 Thread 0x0000023efc5cecc0 4414       3       org.objectweb.asm.Type::appendDescriptor (185 bytes)
Event: 22.889 Thread 0x0000023efc5cecc0 nmethod 4414 0x0000023eea796190 code [0x0000023eea796480, 0x0000023eea7970a8]
Event: 22.889 Thread 0x0000023efc5cecc0 4416       3       org.objectweb.asm.Frame::setInputFrameFromDescriptor (175 bytes)
Event: 22.890 Thread 0x0000023efc5cecc0 nmethod 4416 0x0000023eea864190 code [0x0000023eea8643c0, 0x0000023eea864b90]
Event: 22.890 Thread 0x0000023efc5cecc0 4415       3       org.objectweb.asm.Type::getInternalName (12 bytes)
Event: 22.891 Thread 0x0000023efc5cecc0 nmethod 4415 0x0000023eea80ce90 code [0x0000023eea80d060, 0x0000023eea80d278]
Event: 22.891 Thread 0x0000023efc5cecc0 4417       3       org.objectweb.asm.ByteVector::put11 (52 bytes)
Event: 22.891 Thread 0x0000023efc5cecc0 nmethod 4417 0x0000023eeaaa6110 code [0x0000023eeaaa62c0, 0x0000023eeaaa64d0]
Event: 22.891 Thread 0x0000023efc5cecc0 4413       3       org.gradle.model.internal.asm.ClassVisitorScope::publicMethod (11 bytes)
Event: 22.891 Thread 0x0000023efc5cecc0 nmethod 4413 0x0000023eea7b9d10 code [0x0000023eea7b9ec0, 0x0000023eea7ba020]
Event: 22.891 Thread 0x0000023efc5cecc0 4412       1       org.gradle.internal.instantiation.generator.AsmBackedClassGenerator$ClassBuilderImpl::access$4100 (5 bytes)
Event: 22.892 Thread 0x0000023efc5cecc0 nmethod 4412 0x0000023ef2299e90 code [0x0000023ef229a020, 0x0000023ef229a0d0]
Event: 22.894 Thread 0x0000023efc9b98f0 nmethod 4397 0x0000023ef219be10 code [0x0000023ef219c080, 0x0000023ef219cca0]
Event: 22.894 Thread 0x0000023efc9b98f0 4400       4       jdk.internal.org.objectweb.asm.SymbolTable::addType (81 bytes)
Event: 22.903 Thread 0x0000023efc9b98f0 nmethod 4400 0x0000023ef21aeb10 code [0x0000023ef21aece0, 0x0000023ef21af190]
Event: 22.903 Thread 0x0000023efc9b98f0 4418       4       jdk.internal.org.objectweb.asm.Frame::setInputFrameFromDescriptor (175 bytes)

GC Heap History (10 events):
Event: 1.132 GC heap before
{Heap before GC invocations=0 (full 0):
 garbage-first heap   total 262144K, used 12288K [0x00000000e0000000, 0x0000000100000000)
  region size 1024K, 13 young (13312K), 0 survivors (0K)
 Metaspace       used 821K, committed 960K, reserved 393216K
  class space    used 67K, committed 128K, reserved 327680K
}
Event: 1.136 GC heap after
{Heap after GC invocations=1 (full 0):
 garbage-first heap   total 262144K, used 1312K [0x00000000e0000000, 0x0000000100000000)
  region size 1024K, 2 young (2048K), 2 survivors (2048K)
 Metaspace       used 821K, committed 960K, reserved 393216K
  class space    used 67K, committed 128K, reserved 327680K
}
Event: 2.314 GC heap before
{Heap before GC invocations=1 (full 0):
 garbage-first heap   total 262144K, used 28960K [0x00000000e0000000, 0x0000000100000000)
  region size 1024K, 27 young (27648K), 2 survivors (2048K)
 Metaspace       used 3372K, committed 3584K, reserved 393216K
  class space    used 428K, committed 512K, reserved 327680K
}
Event: 2.320 GC heap after
{Heap after GC invocations=2 (full 0):
 garbage-first heap   total 262144K, used 10147K [0x00000000e0000000, 0x0000000100000000)
  region size 1024K, 4 young (4096K), 4 survivors (4096K)
 Metaspace       used 3372K, committed 3584K, reserved 393216K
  class space    used 428K, committed 512K, reserved 327680K
}
Event: 14.049 GC heap before
{Heap before GC invocations=2 (full 0):
 garbage-first heap   total 262144K, used 164771K [0x00000000e0000000, 0x0000000100000000)
  region size 1024K, 153 young (156672K), 4 survivors (4096K)
 Metaspace       used 19839K, committed 20480K, reserved 393216K
  class space    used 2854K, committed 3136K, reserved 327680K
}
Event: 14.079 GC heap after
{Heap after GC invocations=3 (full 0):
 garbage-first heap   total 262144K, used 23027K [0x00000000e0000000, 0x0000000100000000)
  region size 1024K, 16 young (16384K), 16 survivors (16384K)
 Metaspace       used 19839K, committed 20480K, reserved 393216K
  class space    used 2854K, committed 3136K, reserved 327680K
}
Event: 14.641 GC heap before
{Heap before GC invocations=3 (full 0):
 garbage-first heap   total 262144K, used 33267K [0x00000000e0000000, 0x0000000100000000)
  region size 1024K, 27 young (27648K), 16 survivors (16384K)
 Metaspace       used 20914K, committed 21504K, reserved 393216K
  class space    used 3038K, committed 3328K, reserved 327680K
}
Event: 14.664 GC heap after
{Heap after GC invocations=4 (full 0):
 garbage-first heap   total 262144K, used 25479K [0x00000000e0000000, 0x0000000100000000)
  region size 1024K, 2 young (2048K), 2 survivors (2048K)
 Metaspace       used 20914K, committed 21504K, reserved 393216K
  class space    used 3038K, committed 3328K, reserved 327680K
}
Event: 22.216 GC heap before
{Heap before GC invocations=5 (full 0):
 garbage-first heap   total 262144K, used 134023K [0x00000000e0000000, 0x0000000100000000)
  region size 1024K, 105 young (107520K), 2 survivors (2048K)
 Metaspace       used 34945K, committed 35968K, reserved 393216K
  class space    used 4861K, committed 5376K, reserved 327680K
}
Event: 22.229 GC heap after
{Heap after GC invocations=6 (full 0):
 garbage-first heap   total 262144K, used 33119K [0x00000000e0000000, 0x0000000100000000)
  region size 1024K, 10 young (10240K), 10 survivors (10240K)
 Metaspace       used 34945K, committed 35968K, reserved 393216K
  class space    used 4861K, committed 5376K, reserved 327680K
}

Dll operation events (15 events):
Event: 0.029 Loaded shared library C:\Program Files\Java\jdk-21\bin\java.dll
Event: 0.154 Loaded shared library C:\Program Files\Java\jdk-21\bin\jsvml.dll
Event: 0.486 Loaded shared library C:\Program Files\Java\jdk-21\bin\zip.dll
Event: 0.517 Loaded shared library C:\Program Files\Java\jdk-21\bin\instrument.dll
Event: 0.536 Loaded shared library C:\Program Files\Java\jdk-21\bin\net.dll
Event: 0.546 Loaded shared library C:\Program Files\Java\jdk-21\bin\nio.dll
Event: 0.579 Loaded shared library C:\Program Files\Java\jdk-21\bin\zip.dll
Event: 1.323 Loaded shared library C:\Program Files\Java\jdk-21\bin\jimage.dll
Event: 1.814 Loaded shared library C:\Program Files\Java\jdk-21\bin\verify.dll
Event: 2.015 Loaded shared library C:\Users\Youbitech\.gradle\native\1def1411415f61bf3af743bc5b6707747c0891f09f0c88961ee8f79bc544acac\windows-amd64\native-platform.dll
Event: 2.033 Loaded shared library C:\Users\Youbitech\.gradle\native\0.2.7\x86_64-windows-gnu\gradle-fileevents.dll
Event: 6.021 Loaded shared library C:\Program Files\Java\jdk-21\bin\management.dll
Event: 6.034 Loaded shared library C:\Program Files\Java\jdk-21\bin\management_ext.dll
Event: 7.267 Loaded shared library C:\Program Files\Java\jdk-21\bin\extnet.dll
Event: 8.221 Loaded shared library C:\Program Files\Java\jdk-21\bin\sunmscapi.dll

Deoptimization events (20 events):
Event: 22.801 Thread 0x0000023efd471760 Uncommon trap: trap_request=0xffffffde fr.pc=0x0000023ef22b52b4 relative=0x00000000000002d4
Event: 22.801 Thread 0x0000023efd471760 Uncommon trap: reason=class_check action=maybe_recompile pc=0x0000023ef22b52b4 method=java.util.Collections$SetFromMap.remove(Ljava/lang/Object;)Z @ 5 c2
Event: 22.801 Thread 0x0000023efd471760 DEOPT PACKING pc=0x0000023ef22b52b4 sp=0x000000e0ad2fb360
Event: 22.801 Thread 0x0000023efd471760 DEOPT UNPACKING pc=0x0000023ef1c446a2 sp=0x000000e0ad2fb348 mode 2
Event: 22.806 Thread 0x0000023efd471760 Uncommon trap: trap_request=0xffffff45 fr.pc=0x0000023ef21c6e04 relative=0x0000000000000064
Event: 22.806 Thread 0x0000023efd471760 Uncommon trap: reason=unstable_if action=reinterpret pc=0x0000023ef21c6e04 method=java.net.URI.match(CJJ)Z @ 19 c2
Event: 22.806 Thread 0x0000023efd471760 DEOPT PACKING pc=0x0000023ef21c6e04 sp=0x000000e0ad2faa70
Event: 22.806 Thread 0x0000023efd471760 DEOPT UNPACKING pc=0x0000023ef1c446a2 sp=0x000000e0ad2faa00 mode 2
Event: 22.806 Thread 0x0000023efd471760 Uncommon trap: trap_request=0xffffff45 fr.pc=0x0000023ef2216540 relative=0x0000000000000300
Event: 22.806 Thread 0x0000023efd471760 Uncommon trap: reason=unstable_if action=reinterpret pc=0x0000023ef2216540 method=java.net.URI.match(CJJ)Z @ 19 c2
Event: 22.806 Thread 0x0000023efd471760 DEOPT PACKING pc=0x0000023ef2216540 sp=0x000000e0ad2fa9a0
Event: 22.806 Thread 0x0000023efd471760 DEOPT UNPACKING pc=0x0000023ef1c446a2 sp=0x000000e0ad2fa890 mode 2
Event: 22.823 Thread 0x0000023efd471760 Uncommon trap: trap_request=0xffffff45 fr.pc=0x0000023ef23bcd3c relative=0x000000000000031c
Event: 22.823 Thread 0x0000023efd471760 Uncommon trap: reason=unstable_if action=reinterpret pc=0x0000023ef23bcd3c method=java.util.HashMap.putVal(ILjava/lang/Object;Ljava/lang/Object;ZZ)Ljava/lang/Object; @ 162 c2
Event: 22.823 Thread 0x0000023efd471760 DEOPT PACKING pc=0x0000023ef23bcd3c sp=0x000000e0ad2fa590
Event: 22.823 Thread 0x0000023efd471760 DEOPT UNPACKING pc=0x0000023ef1c446a2 sp=0x000000e0ad2fa4a0 mode 2
Event: 22.904 Thread 0x0000023efd471760 Uncommon trap: trap_request=0xffffffde fr.pc=0x0000023ef23eeb1c relative=0x000000000000007c
Event: 22.904 Thread 0x0000023efd471760 Uncommon trap: reason=class_check action=maybe_recompile pc=0x0000023ef23eeb1c method=java.util.stream.StreamOpFlag.fromCharacteristics(Ljava/util/Spliterator;)I @ 14 c2
Event: 22.904 Thread 0x0000023efd471760 DEOPT PACKING pc=0x0000023ef23eeb1c sp=0x000000e0ad2fa5f0
Event: 22.904 Thread 0x0000023efd471760 DEOPT UNPACKING pc=0x0000023ef1c446a2 sp=0x000000e0ad2fa588 mode 2

Classes loaded (20 events):
Event: 21.567 Loading class java/lang/invoke/BoundMethodHandle$Species_LI
Event: 21.567 Loading class java/lang/invoke/BoundMethodHandle$Species_LI done
Event: 22.202 Loading class sun/reflect/MagicAccessorImpl
Event: 22.202 Loading class sun/reflect/MagicAccessorImpl done
Event: 22.287 Loading class sun/reflect/generics/tree/IntSignature
Event: 22.287 Loading class sun/reflect/generics/tree/IntSignature done
Event: 22.287 Loading class sun/reflect/generics/tree/ArrayTypeSignature
Event: 22.287 Loading class sun/reflect/generics/tree/ArrayTypeSignature done
Event: 22.307 Loading class com/sun/beans/finder/MethodFinder
Event: 22.308 Loading class com/sun/beans/finder/AbstractFinder
Event: 22.308 Loading class com/sun/beans/finder/AbstractFinder done
Event: 22.308 Loading class com/sun/beans/finder/MethodFinder done
Event: 22.308 Loading class com/sun/beans/finder/MethodFinder$1
Event: 22.308 Loading class com/sun/beans/finder/MethodFinder$1 done
Event: 22.308 Loading class com/sun/beans/finder/FinderUtils
Event: 22.308 Loading class com/sun/beans/finder/FinderUtils done
Event: 22.788 Loading class java/lang/invoke/SerializedLambda
Event: 22.788 Loading class java/lang/invoke/SerializedLambda done
Event: 22.904 Loading class java/util/BitSet$1BitSetSpliterator
Event: 22.904 Loading class java/util/BitSet$1BitSetSpliterator done

Classes unloaded (0 events):
No events

Classes redefined (0 events):
No events

Internal exceptions (20 events):
Event: 21.566 Thread 0x0000023efd471760 Implicit null exception at 0x0000023ef22e5711 to 0x0000023ef22e59b0
Event: 21.567 Thread 0x0000023efd471760 Exception <a 'java/lang/NoSuchMethodError'{0x00000000e9ccd160}: 'int java.lang.invoke.DirectMethodHandle$Holder.invokeSpecial(java.lang.Object, java.lang.Object, java.lang.Object, int)'> (0x00000000e9ccd160) 
thrown [s\open\src\hotspot\share\interpreter\linkResolver.cpp, line 773]
Event: 21.569 Thread 0x0000023efd471760 Exception <a 'java/lang/NoSuchMethodError'{0x00000000e9cde3a8}: 'java.lang.Object java.lang.invoke.DirectMethodHandle$Holder.invokeStatic(java.lang.Object, java.lang.Object, java.lang.Object, java.lang.Object, int)'> (0x00000000e9cde3a8) 
thrown [s\open\src\hotspot\share\interpreter\linkResolver.cpp, line 773]
Event: 21.570 Thread 0x0000023efd471760 Exception <a 'java/lang/NoSuchMethodError'{0x00000000e9ce6a70}: 'java.lang.Object java.lang.invoke.DirectMethodHandle$Holder.invokeSpecial(java.lang.Object, java.lang.Object, java.lang.Object, java.lang.Object, int)'> (0x00000000e9ce6a70) 
thrown [s\open\src\hotspot\share\interpreter\linkResolver.cpp, line 773]
Event: 21.811 Thread 0x0000023efd471760 Exception <a 'java/lang/ClassNotFoundException'{0x00000000e9a4a340}: org/gradle/invocation/DefaultGradle_DecoratedBeanInfo> (0x00000000e9a4a340) 
thrown [s\open\src\hotspot\share\classfile\systemDictionary.cpp, line 312]
Event: 21.814 Thread 0x0000023efd471760 Exception <a 'java/lang/ClassNotFoundException'{0x00000000e9a57930}: org/gradle/invocation/DefaultGradleBeanInfo> (0x00000000e9a57930) 
thrown [s\open\src\hotspot\share\classfile\systemDictionary.cpp, line 312]
Event: 21.816 Thread 0x0000023efd471760 Exception <a 'java/lang/ClassNotFoundException'{0x00000000e9a654b0}: org/gradle/api/internal/project/AbstractPluginAwareBeanInfo> (0x00000000e9a654b0) 
thrown [s\open\src\hotspot\share\classfile\systemDictionary.cpp, line 312]
Event: 21.818 Thread 0x0000023efd471760 Exception <a 'java/lang/ClassNotFoundException'{0x00000000e9a73080}: org/gradle/api/internal/project/AbstractPluginAwareCustomizer> (0x00000000e9a73080) 
thrown [s\open\src\hotspot\share\classfile\systemDictionary.cpp, line 312]
Event: 21.822 Thread 0x0000023efd471760 Exception <a 'java/lang/ClassNotFoundException'{0x00000000e9a87548}: org/gradle/invocation/DefaultGradleCustomizer> (0x00000000e9a87548) 
thrown [s\open\src\hotspot\share\classfile\systemDictionary.cpp, line 312]
Event: 21.844 Thread 0x0000023efd471760 Exception <a 'java/lang/ClassNotFoundException'{0x00000000e9acbe50}: org/gradle/invocation/DefaultGradle_DecoratedCustomizer> (0x00000000e9acbe50) 
thrown [s\open\src\hotspot\share\classfile\systemDictionary.cpp, line 312]
Event: 22.283 Thread 0x0000023efd471760 Exception <a 'java/lang/ClassNotFoundException'{0x00000000efd4df10}: groovy/lang/Closure$1BeanInfo> (0x00000000efd4df10) 
thrown [s\open\src\hotspot\share\classfile\systemDictionary.cpp, line 312]
Event: 22.285 Thread 0x0000023efd471760 Exception <a 'java/lang/ClassNotFoundException'{0x00000000efd5b218}: groovy/lang/ClosureBeanInfo> (0x00000000efd5b218) 
thrown [s\open\src\hotspot\share\classfile\systemDictionary.cpp, line 312]
Event: 22.286 Thread 0x0000023efd471760 Exception <a 'java/lang/ClassNotFoundException'{0x00000000efd68428}: groovy/lang/ClosureCustomizer> (0x00000000efd68428) 
thrown [s\open\src\hotspot\share\classfile\systemDictionary.cpp, line 312]
Event: 22.307 Thread 0x0000023efd471760 Exception <a 'java/lang/ClassNotFoundException'{0x00000000efdfe268}: groovy/lang/Closure$1Customizer> (0x00000000efdfe268) 
thrown [s\open\src\hotspot\share\classfile\systemDictionary.cpp, line 312]
Event: 22.702 Thread 0x0000023efd471760 Exception <a 'java/lang/ClassNotFoundException'{0x00000000efad1a58}: ijresolvers1_7cwlky2c1vy6e003d6wsfdstaBeanInfo> (0x00000000efad1a58) 
thrown [s\open\src\hotspot\share\classfile\systemDictionary.cpp, line 312]
Event: 22.703 Thread 0x0000023efd471760 Exception <a 'java/lang/ClassNotFoundException'{0x00000000efad7b98}: ijresolvers1_7cwlky2c1vy6e003d6wsfdstaCustomizer> (0x00000000efad7b98) 
thrown [s\open\src\hotspot\share\classfile\systemDictionary.cpp, line 312]
Event: 22.736 Thread 0x0000023efd471760 Exception <a 'java/lang/ClassNotFoundException'{0x00000000ef9c5e60}: org/gradle/execution/taskgraph/DefaultTaskExecutionGraphBeanInfo> (0x00000000ef9c5e60) 
thrown [s\open\src\hotspot\share\classfile\systemDictionary.cpp, line 312]
Event: 22.738 Thread 0x0000023efd471760 Exception <a 'java/lang/ClassNotFoundException'{0x00000000ef9d3b80}: org/gradle/execution/taskgraph/DefaultTaskExecutionGraphCustomizer> (0x00000000ef9d3b80) 
thrown [s\open\src\hotspot\share\classfile\systemDictionary.cpp, line 312]
Event: 22.798 Thread 0x0000023efd471760 Exception <a 'java/lang/ClassNotFoundException'{0x00000000ef8f87c8}: org/gradle/configuration/internal/DefaultListenerBuildOperationDecorator$BuildOperationEmittingClosureBeanInfo> (0x00000000ef8f87c8) 
thrown [s\open\src\hotspot\share\classfile\systemDictionary.cpp, line 312]
Event: 22.798 Thread 0x0000023efd471760 Exception <a 'java/lang/ClassNotFoundException'{0x00000000ef707888}: org/gradle/configuration/internal/DefaultListenerBuildOperationDecorator$BuildOperationEmittingClosureCustomizer> (0x00000000ef707888) 
thrown [s\open\src\hotspot\share\classfile\systemDictionary.cpp, line 312]

ZGC Phase Switch (0 events):
No events

VM Operations (20 events):
Event: 19.726 Executing VM operation: HandshakeAllThreads (Deoptimize)
Event: 19.726 Executing VM operation: HandshakeAllThreads (Deoptimize) done
Event: 19.810 Executing VM operation: HandshakeAllThreads (Deoptimize)
Event: 19.811 Executing VM operation: HandshakeAllThreads (Deoptimize) done
Event: 19.869 Executing VM operation: HandshakeAllThreads (Deoptimize)
Event: 19.869 Executing VM operation: HandshakeAllThreads (Deoptimize) done
Event: 20.081 Executing VM operation: HandshakeAllThreads (Deoptimize)
Event: 20.081 Executing VM operation: HandshakeAllThreads (Deoptimize) done
Event: 20.589 Executing VM operation: HandshakeAllThreads (Deoptimize)
Event: 20.590 Executing VM operation: HandshakeAllThreads (Deoptimize) done
Event: 20.590 Executing VM operation: Cleanup
Event: 20.590 Executing VM operation: Cleanup done
Event: 21.568 Executing VM operation: ICBufferFull
Event: 21.568 Executing VM operation: ICBufferFull done
Event: 22.216 Executing VM operation: CollectForMetadataAllocation (Metadata GC Threshold)
Event: 22.230 Executing VM operation: CollectForMetadataAllocation (Metadata GC Threshold) done
Event: 22.289 Executing VM operation: G1PauseRemark
Event: 22.302 Executing VM operation: G1PauseRemark done
Event: 22.319 Executing VM operation: G1PauseCleanup
Event: 22.319 Executing VM operation: G1PauseCleanup done

Events (20 events):
Event: 22.301 Thread 0x0000023efc59f130 flushing nmethod 0x0000023ef21b1190
Event: 22.301 Thread 0x0000023efc59f130 flushing nmethod 0x0000023ef21c9810
Event: 22.301 Thread 0x0000023efc59f130 flushing nmethod 0x0000023ef21c9490
Event: 22.301 Thread 0x0000023efc59f130 flushing nmethod 0x0000023ef21c2190
Event: 22.301 Thread 0x0000023efc59f130 flushing nmethod 0x0000023ef21aeb10
Event: 22.301 Thread 0x0000023efc59f130 flushing nmethod 0x0000023ef21c1110
Event: 22.301 Thread 0x0000023efc59f130 flushing nmethod 0x0000023ef219be10
Event: 22.301 Thread 0x0000023efc59f130 flushing nmethod 0x0000023ef21c0090
Event: 22.301 Thread 0x0000023efc59f130 flushing nmethod 0x0000023ef21b5310
Event: 22.301 Thread 0x0000023efc59f130 flushing nmethod 0x0000023ef21b4610
Event: 22.301 Thread 0x0000023efc59f130 flushing nmethod 0x0000023ef21b2710
Event: 22.301 Thread 0x0000023efc59f130 flushing nmethod 0x0000023ef21bc790
Event: 22.301 Thread 0x0000023efc59f130 flushing nmethod 0x0000023ef21bb310
Event: 22.301 Thread 0x0000023efc59f130 flushing nmethod 0x0000023ef21aca10
Event: 22.301 Thread 0x0000023efc59f130 flushing nmethod 0x0000023ef219fe10
Event: 22.301 Thread 0x0000023efc59f130 flushing nmethod 0x0000023ef2199090
Event: 22.301 Thread 0x0000023efc59f130 flushing nmethod 0x0000023ef219f390
Event: 22.613 Thread 0x0000023e9949f800 Thread added: 0x0000023e9949f800
Event: 22.649 Thread 0x0000023e994a39a0 Thread added: 0x0000023e994a39a0
Event: 22.817 Thread 0x0000023efc9b98f0 Thread added: 0x0000023efc9b98f0


Dynamic libraries:
0x00007ff699370000 - 0x00007ff699380000 	C:\Program Files\Java\jdk-21\bin\java.exe
0x00007ffe573b0000 - 0x00007ffe575a8000 	C:\Windows\SYSTEM32\ntdll.dll
0x00007ffe572a0000 - 0x00007ffe57362000 	C:\Windows\System32\KERNEL32.DLL
0x00007ffe54db0000 - 0x00007ffe550a6000 	C:\Windows\System32\KERNELBASE.dll
0x00007ffe55140000 - 0x00007ffe55240000 	C:\Windows\System32\ucrtbase.dll
0x00007ffe3bde0000 - 0x00007ffe3bdfb000 	C:\Program Files\Java\jdk-21\bin\VCRUNTIME140.dll
0x00007ffe3b550000 - 0x00007ffe3b569000 	C:\Program Files\Java\jdk-21\bin\jli.dll
0x00007ffe55640000 - 0x00007ffe556f1000 	C:\Windows\System32\ADVAPI32.dll
0x00007ffe56b00000 - 0x00007ffe56b9e000 	C:\Windows\System32\msvcrt.dll
0x00007ffe55a90000 - 0x00007ffe55b2f000 	C:\Windows\System32\sechost.dll
0x00007ffe56880000 - 0x00007ffe569a3000 	C:\Windows\System32\RPCRT4.dll
0x00007ffe54c00000 - 0x00007ffe54c27000 	C:\Windows\System32\bcrypt.dll
0x00007ffe56650000 - 0x00007ffe567ed000 	C:\Windows\System32\USER32.dll
0x00007ffe55240000 - 0x00007ffe55262000 	C:\Windows\System32\win32u.dll
0x00007ffe56ad0000 - 0x00007ffe56afb000 	C:\Windows\System32\GDI32.dll
0x00007ffe54a40000 - 0x00007ffe54b59000 	C:\Windows\System32\gdi32full.dll
0x00007ffe3e3d0000 - 0x00007ffe3e66a000 	C:\Windows\WinSxS\amd64_microsoft.windows.common-controls_6595b64144ccf1df_6.0.19041.5915_none_60b4b9d171f9c7c7\COMCTL32.dll
0x00007ffe54b60000 - 0x00007ffe54bfd000 	C:\Windows\System32\msvcp_win.dll
0x00007ffe49970000 - 0x00007ffe4997a000 	C:\Windows\SYSTEM32\VERSION.dll
0x00007ffe55a60000 - 0x00007ffe55a8f000 	C:\Windows\System32\IMM32.DLL
0x00007ffe4cc00000 - 0x00007ffe4cc0c000 	C:\Program Files\Java\jdk-21\bin\vcruntime140_1.dll
0x00007ffe13770000 - 0x00007ffe137fe000 	C:\Program Files\Java\jdk-21\bin\msvcp140.dll
0x00007ffda16a0000 - 0x00007ffda23ad000 	C:\Program Files\Java\jdk-21\bin\server\jvm.dll
0x00007ffe56a60000 - 0x00007ffe56acb000 	C:\Windows\System32\WS2_32.dll
0x00007ffe547f0000 - 0x00007ffe5483b000 	C:\Windows\SYSTEM32\POWRPROF.dll
0x00007ffe39300000 - 0x00007ffe39327000 	C:\Windows\SYSTEM32\WINMM.dll
0x00007ffe547d0000 - 0x00007ffe547e2000 	C:\Windows\SYSTEM32\UMPDC.dll
0x00007ffe53250000 - 0x00007ffe53262000 	C:\Windows\SYSTEM32\kernel.appcore.dll
0x00007ffe46030000 - 0x00007ffe4603a000 	C:\Program Files\Java\jdk-21\bin\jimage.dll
0x00007ffe4f750000 - 0x00007ffe4f951000 	C:\Windows\SYSTEM32\DBGHELP.DLL
0x00007ffe34d40000 - 0x00007ffe34d74000 	C:\Windows\SYSTEM32\dbgcore.DLL
0x00007ffe550b0000 - 0x00007ffe55132000 	C:\Windows\System32\bcryptPrimitives.dll
0x00007ffe45930000 - 0x00007ffe4593f000 	C:\Program Files\Java\jdk-21\bin\instrument.dll
0x00007ffe3b370000 - 0x00007ffe3b38f000 	C:\Program Files\Java\jdk-21\bin\java.dll
0x00007ffe55b90000 - 0x00007ffe562fe000 	C:\Windows\System32\SHELL32.dll
0x00007ffe4f960000 - 0x00007ffe50104000 	C:\Windows\SYSTEM32\windows.storage.dll
0x00007ffe55700000 - 0x00007ffe55a53000 	C:\Windows\System32\combase.dll
0x00007ffe54400000 - 0x00007ffe5442b000 	C:\Windows\SYSTEM32\Wldp.dll
0x00007ffe56ba0000 - 0x00007ffe56c6d000 	C:\Windows\System32\OLEAUT32.dll
0x00007ffe569b0000 - 0x00007ffe56a5d000 	C:\Windows\System32\SHCORE.dll
0x00007ffe55b30000 - 0x00007ffe55b8b000 	C:\Windows\System32\shlwapi.dll
0x00007ffe54970000 - 0x00007ffe54994000 	C:\Windows\SYSTEM32\profapi.dll
0x00007ffdf41c0000 - 0x00007ffdf4297000 	C:\Program Files\Java\jdk-21\bin\jsvml.dll
0x00007ffe2a7c0000 - 0x00007ffe2a7d8000 	C:\Program Files\Java\jdk-21\bin\zip.dll
0x00007ffe45870000 - 0x00007ffe45880000 	C:\Program Files\Java\jdk-21\bin\net.dll
0x00007ffe48400000 - 0x00007ffe4850a000 	C:\Windows\SYSTEM32\WINHTTP.dll
0x00007ffe54160000 - 0x00007ffe541ca000 	C:\Windows\system32\mswsock.dll
0x00007ffe1a150000 - 0x00007ffe1a166000 	C:\Program Files\Java\jdk-21\bin\nio.dll
0x00007ffe3f410000 - 0x00007ffe3f420000 	C:\Program Files\Java\jdk-21\bin\verify.dll
0x00007ffe3bee0000 - 0x00007ffe3bf07000 	C:\Users\Youbitech\.gradle\native\1def1411415f61bf3af743bc5b6707747c0891f09f0c88961ee8f79bc544acac\windows-amd64\native-platform.dll
0x00007ffe19d60000 - 0x00007ffe19dd8000 	C:\Users\Youbitech\.gradle\native\0.2.7\x86_64-windows-gnu\gradle-fileevents.dll
0x00007ffe3c160000 - 0x00007ffe3c16a000 	C:\Program Files\Java\jdk-21\bin\management.dll
0x00007ffe3c0d0000 - 0x00007ffe3c0db000 	C:\Program Files\Java\jdk-21\bin\management_ext.dll
0x00007ffe555d0000 - 0x00007ffe555d8000 	C:\Windows\System32\PSAPI.DLL
0x00007ffe53e40000 - 0x00007ffe53e7b000 	C:\Windows\SYSTEM32\IPHLPAPI.DLL
0x00007ffe57290000 - 0x00007ffe57298000 	C:\Windows\System32\NSI.dll
0x00007ffe3b770000 - 0x00007ffe3b779000 	C:\Program Files\Java\jdk-21\bin\extnet.dll
0x00007ffe54350000 - 0x00007ffe54368000 	C:\Windows\SYSTEM32\CRYPTSP.dll
0x00007ffe53a80000 - 0x00007ffe53ab8000 	C:\Windows\system32\rsaenh.dll
0x00007ffe548f0000 - 0x00007ffe5491e000 	C:\Windows\SYSTEM32\USERENV.dll
0x00007ffe54370000 - 0x00007ffe5437c000 	C:\Windows\SYSTEM32\CRYPTBASE.dll
0x00007ffe2d1f0000 - 0x00007ffe2d1fe000 	C:\Program Files\Java\jdk-21\bin\sunmscapi.dll
0x00007ffe55270000 - 0x00007ffe553cd000 	C:\Windows\System32\CRYPT32.dll
0x00007ffe54470000 - 0x00007ffe54497000 	C:\Windows\SYSTEM32\ncrypt.dll
0x00007ffe54430000 - 0x00007ffe5446b000 	C:\Windows\SYSTEM32\NTASN1.dll
0x00007ffe13b30000 - 0x00007ffe13b37000 	C:\Windows\system32\wshunix.dll

dbghelp: loaded successfully - version: 4.0.5 - missing functions: none
symbol engine: initialized successfully - sym options: 0x614 - pdb path: .;C:\Program Files\Java\jdk-21\bin;C:\Windows\SYSTEM32;C:\Windows\WinSxS\amd64_microsoft.windows.common-controls_6595b64144ccf1df_6.0.19041.5915_none_60b4b9d171f9c7c7;C:\Program Files\Java\jdk-21\bin\server;C:\Users\Youbitech\.gradle\native\1def1411415f61bf3af743bc5b6707747c0891f09f0c88961ee8f79bc544acac\windows-amd64;C:\Users\Youbitech\.gradle\native\0.2.7\x86_64-windows-gnu

VM Arguments:
jvm_args: --add-opens=java.base/java.lang=ALL-UNNAMED --add-opens=java.base/java.lang.invoke=ALL-UNNAMED --add-opens=java.base/java.util=ALL-UNNAMED --add-opens=java.prefs/java.util.prefs=ALL-UNNAMED --add-exports=jdk.compiler/com.sun.tools.javac.api=ALL-UNNAMED --add-exports=jdk.compiler/com.sun.tools.javac.util=ALL-UNNAMED --add-opens=java.base/java.util=ALL-UNNAMED --add-opens=java.prefs/java.util.prefs=ALL-UNNAMED --add-opens=java.base/java.nio.charset=ALL-UNNAMED --add-opens=java.base/java.net=ALL-UNNAMED --add-opens=java.base/java.util.concurrent.atomic=ALL-UNNAMED --add-opens=java.xml/javax.xml.namespace=ALL-UNNAMED -XX:MaxMetaspaceSize=384m -XX:+HeapDumpOnOutOfMemoryError -Xms256m -Xmx512m -Dfile.encoding=windows-1252 -Duser.country=FR -Duser.language=fr -Duser.variant -javaagent:C:\Users\Youbitech\.gradle\wrapper\dists\gradle-8.14.3-bin\cv11ve7ro1n3o1j4so8xd9n66\gradle-8.14.3\lib\agents\gradle-instrumentation-agent-8.14.3.jar 
java_command: org.gradle.launcher.daemon.bootstrap.GradleDaemon 8.14.3
java_class_path (initial): C:\Users\Youbitech\.gradle\wrapper\dists\gradle-8.14.3-bin\cv11ve7ro1n3o1j4so8xd9n66\gradle-8.14.3\lib\gradle-daemon-main-8.14.3.jar
Launcher Type: SUN_STANDARD

[Global flags]
     intx CICompilerCount                          = 3                                         {product} {ergonomic}
   size_t CompressedClassSpaceSize                 = 335544320                                 {product} {ergonomic}
     uint ConcGCThreads                            = 1                                         {product} {ergonomic}
     uint G1ConcRefinementThreads                  = 4                                         {product} {ergonomic}
   size_t G1HeapRegionSize                         = 1048576                                   {product} {ergonomic}
    uintx GCDrainStackTargetSize                   = 64                                        {product} {ergonomic}
     bool HeapDumpOnOutOfMemoryError               = true                                   {manageable} {command line}
   size_t InitialHeapSize                          = 268435456                                 {product} {command line}
   size_t MarkStackSize                            = 4194304                                   {product} {ergonomic}
   size_t MaxHeapSize                              = 536870912                                 {product} {command line}
   size_t MaxMetaspaceSize                         = 402653184                                 {product} {command line}
   size_t MaxNewSize                               = 321912832                                 {product} {ergonomic}
   size_t MinHeapDeltaBytes                        = 1048576                                   {product} {ergonomic}
   size_t MinHeapSize                              = 268435456                                 {product} {command line}
    uintx NonNMethodCodeHeapSize                   = 5832780                                {pd product} {ergonomic}
    uintx NonProfiledCodeHeapSize                  = 122912730                              {pd product} {ergonomic}
    uintx ProfiledCodeHeapSize                     = 122912730                              {pd product} {ergonomic}
    uintx ReservedCodeCacheSize                    = 251658240                              {pd product} {ergonomic}
     bool SegmentedCodeCache                       = true                                      {product} {ergonomic}
   size_t SoftMaxHeapSize                          = 536870912                              {manageable} {ergonomic}
     bool UseCompressedOops                        = true                           {product lp64_product} {ergonomic}
     bool UseG1GC                                  = true                                      {product} {ergonomic}
     bool UseLargePagesIndividualAllocation        = false                                  {pd product} {ergonomic}

Logging:
Log output configuration:
 #0: stdout all=warning uptime,level,tags foldmultilines=false
 #1: stderr all=off uptime,level,tags foldmultilines=false

Environment Variables:
PATH=C:\Program Files (x86)\VMware\VMware Workstation\bin\;C:\Users\Youbitech\Desktop\bin;C:\Program Files\Common Files\Oracle\Java\javapath;C:\Program Files\Python311\Scripts\;C:\Program Files\Python311\;C:\Windows\system32;C:\Windows;C:\Windows\System32\Wbem;C:\Windows\System32\WindowsPowerShell\v1.0\;C:\Windows\System32\OpenSSH\;C:\Program Files\Java\jdk-21\bin;C:\Program Files\Git\cmd;C:\Program Files\nodejs\;C:\Program Files\nodejs;C:\Program Files\Microsoft SQL Server\150\Tools\Binn\;C:\Program Files\Microsoft SQL Server\Client SDK\ODBC\170\Tools\Binn\;C:\Program Files\dotnet\;C:\Sparke\spark-3.5.5-bin-hadoop3\bin;C:\Java\openlogic-openjdk-8u432-b06-windows-x64\openlogic-openjdk-8u432-b06-windows-x64\bin;C:\hadoop\hadoop-3.2.0\bin;;C:\Program Files\Docker\Docker\resources\bin;C:\Program Files (x86)\Windows Kits\10\Windows Performance Toolkit\;C:\Users\Youbitech\AppData\Local\Programs\Python\Python39\Scripts\;C:\Users\Youbitech\AppData\Local\Programs\Python\Python39\;C:\Users\Youbitech\AppData\Local\Programs\Python\Launcher\;C:\Users\Youbitech\AppData\Local\Microsoft\WindowsApps;C:\Program Files\JetBrains\PyCharm Community Edition 2023.3.5\bin;;C:\Users\Youbitech\AppData\Local\Programs\Microsoft VS Code\bin;C:\Users\Youbitech\AppData\Local\Programs\Python\Python39\Scripts;C:\Users\Youbitech\AppData\Roaming\npm;C:\Program Files\JetBrains\IntelliJ IDEA 2025.1.3\bin;;C:\Users\Youbitech\AppData\Local\GitHubDesktop\bin;C:\Users\Youbitech\.dotnet\tools;C:\Users\Youbitech\AMPL;C:\Users\Youbitech\AMPL\solvers;C:\src\flutter\bin;C:\Users\Youbitech\Downloads\xamp\php;
USERNAME=Youbitech
OS=Windows_NT
PROCESSOR_IDENTIFIER=Intel64 Family 6 Model 78 Stepping 3, GenuineIntel
TMP=C:\Users\YOUBIT~1\AppData\Local\Temp
TEMP=C:\Users\YOUBIT~1\AppData\Local\Temp




Periodic native trim disabled

---------------  S Y S T E M  ---------------

OS:
 Windows 10 , 64 bit Build 19041 (10.0.19041.5915)
OS uptime: 1 days 18:33 hours

CPU: total 4 (initial active 4) (2 cores per cpu, 2 threads per core) family 6 model 78 stepping 3 microcode 0xcc, cx8, cmov, fxsr, ht, mmx, 3dnowpref, sse, sse2, sse3, ssse3, sse4.1, sse4.2, popcnt, lzcnt, tsc, tscinvbit, avx, avx2, aes, erms, clmul, bmi1, bmi2, adx, fma, vzeroupper, clflush, clflushopt, rdtscp, f16c
Processor Information for all 4 processors :
  Max Mhz: 2592, Current Mhz: 2492, Mhz Limit: 2488

Memory: 4k page, system-wide physical 16264M (613M free)
TotalPageFile size 26582M (AvailPageFile size 22M)
current process WorkingSet (physical memory assigned to process): 344M, peak: 347M
current process commit charge ("private bytes"): 445M, peak: 447M

vm_info: Java HotSpot(TM) 64-Bit Server VM (21.0.3+7-LTS-152) for windows-amd64 JRE (21.0.3+7-LTS-152), built on 2024-03-11T17:42:26Z by "mach5one" with MS VC++ 17.6 (VS2022)

END.
