#
# There is insufficient memory for the Java Runtime Environment to continue.
# Native memory allocation (malloc) failed to allocate 600656 bytes for Chunk::new
# Possible reasons:
#   The system is out of physical RAM or swap space
#   The process is running with CompressedOops enabled, and the Java Heap may be blocking the growth of the native heap
# Possible solutions:
#   Reduce memory load on the system
#   Increase physical memory or swap space
#   Check if swap backing store is full
#   Decrease Java heap size (-Xmx/-Xms)
#   Decrease number of Java threads
#   Decrease Java thread stack sizes (-Xss)
#   Set larger code cache with -XX:ReservedCodeCacheSize=
#   JVM is running with Unscaled Compressed Oops mode in which the Java heap is
#     placed in the first 4GB address space. The Java Heap base address is the
#     maximum limit for the native heap growth. Please use -XX:HeapBaseMinAddress
#     to set the Java Heap base and to place the Java Heap above 4GB virtual address.
# This output file may be truncated or incomplete.
#
#  Out of Memory Error (arena.cpp:168), pid=11132, tid=14616
#
# JRE version: Java(TM) SE Runtime Environment (21.0.3+7) (build 21.0.3+7-LTS-152)
# Java VM: Java HotSpot(TM) 64-Bit Server VM (21.0.3+7-LTS-152, mixed mode, sharing, tiered, compressed oops, compressed class ptrs, g1 gc, windows-amd64)
# No core dump will be written. Minidumps are not enabled by default on client versions of Windows
#

---------------  S U M M A R Y ------------

Command Line: --add-opens=java.base/java.lang=ALL-UNNAMED --add-opens=java.base/java.lang.invoke=ALL-UNNAMED --add-opens=java.base/java.util=ALL-UNNAMED --add-opens=java.prefs/java.util.prefs=ALL-UNNAMED --add-exports=jdk.compiler/com.sun.tools.javac.api=ALL-UNNAMED --add-exports=jdk.compiler/com.sun.tools.javac.util=ALL-UNNAMED --add-opens=java.base/java.util=ALL-UNNAMED --add-opens=java.prefs/java.util.prefs=ALL-UNNAMED --add-opens=java.base/java.nio.charset=ALL-UNNAMED --add-opens=java.base/java.net=ALL-UNNAMED --add-opens=java.base/java.util.concurrent.atomic=ALL-UNNAMED --add-opens=java.xml/javax.xml.namespace=ALL-UNNAMED -XX:MaxMetaspaceSize=384m -XX:+HeapDumpOnOutOfMemoryError -Xms256m -Xmx512m -Dfile.encoding=windows-1252 -Duser.country=FR -Duser.language=fr -Duser.variant -javaagent:C:\Users\Youbitech\.gradle\wrapper\dists\gradle-8.14.3-bin\cv11ve7ro1n3o1j4so8xd9n66\gradle-8.14.3\lib\agents\gradle-instrumentation-agent-8.14.3.jar org.gradle.launcher.daemon.bootstrap.GradleDaemon 8.14.3

Host: Intel(R) Core(TM) i7-6500U CPU @ 2.50GHz, 4 cores, 15G,  Windows 10 , 64 bit Build 19041 (10.0.19041.5915)
Time: Thu Aug 14 16:53:21 2025 Paris, Madrid (heure duild 19041 (10.0.19041.5915) elapsed time: 255.044152 seconds (0d 0h 4m 15s)

---------------  T H R E A D  ---------------

Current thread (0x00000188bcf386d0):  JavaThread "C2 CompilerThread0" daemon [_thread_in_native, id=14616, stack(0x00000026e4b00000,0x00000026e4c00000) (1024K)]


Current CompileTask:
C2: 255044 12691   !   4       org.gradle.internal.instantiation.generator.DependencyInjectingInstantiator::doCreate (64 bytes)

Stack: [0x00000026e4b00000,0x00000026e4c00000]
Native frames: (J=compiled Java code, j=interpreted, Vv=VM code, C=native code)
V  [jvm.dll+0x6c63b9]
V  [jvm.dll+0x84fa11]
V  [jvm.dll+0x851f3e]
V  [jvm.dll+0x852613]
V  [jvm.dll+0x27cd46]
V  [jvm.dll+0xc4aad]
V  [jvm.dll+0xc4fe3]
V  [jvm.dll+0x3b1d22]
V  [jvm.dll+0x37e485]
V  [jvm.dll+0x37d8fa]
V  [jvm.dll+0x245b40]
V  [jvm.dll+0x24511f]
V  [jvm.dll+0x1c689e]
V  [jvm.dll+0x254609]
V  [jvm.dll+0x252b9a]
V  [jvm.dll+0x3eb056]
V  [jvm.dll+0x7f9ffb]
V  [jvm.dll+0x6c4a9d]
C  [ucrtbase.dll+0x21bb2]
C  [KERNEL32.DLL+0x17374]
C  [ntdll.dll+0x4cc91]


---------------  P R O C E S S  ---------------

Threads class SMR info:
_java_thread_list=0x00000188d7fe8de0, length=84, elements={
0x00000188a2baf560, 0x00000188bcf30d20, 0x00000188bcf31b90, 0x00000188bcf35a20,
0x00000188bcf36480, 0x00000188bcf36ee0, 0x00000188bcf37940, 0x00000188bcf386d0,
0x00000188bcf3eff0, 0x00000188bcef6620, 0x00000188d6319b70, 0x00000188d7c74900,
0x00000188d7d5f230, 0x00000188d7bbe620, 0x00000188d7de7460, 0x00000188d7de8180,
0x00000188d7de8ea0, 0x00000188d72b2a10, 0x00000188d72b8c80, 0x00000188d72b9310,
0x00000188d72b5e90, 0x00000188d72b6bb0, 0x00000188d72b4ae0, 0x00000188d72b7240,
0x00000188dabc7da0, 0x00000188dabc8ac0, 0x00000188dabc8430, 0x00000188d94f3da0,
0x00000188d72b4450, 0x00000188d72b5800, 0x00000188d72b78d0, 0x00000188d72b7f60,
0x00000188d72b85f0, 0x00000188d94f6500, 0x00000188d94f4430, 0x00000188d94f6b90,
0x00000188d94efc00, 0x00000188d94f4ac0, 0x00000188d94f5150, 0x00000188d94f0fb0,
0x00000188d94f0920, 0x00000188d94f57e0, 0x00000188d94f1640, 0x00000188d94f1cd0,
0x00000188d94f5e70, 0x00000188d94f29f0, 0x00000188d94f3710, 0x00000188d94f3080,
0x00000188d94f7220, 0x00000188d94f0290, 0x00000188d94f2360, 0x00000188da3ef5b0,
0x00000188da3ed4e0, 0x00000188da3eef20, 0x00000188da3ee890, 0x00000188da3ece50,
0x00000188da3ea060, 0x00000188da3efc40, 0x00000188da3ead80, 0x00000188da3f02d0,
0x00000188da3edb70, 0x00000188da3ee200, 0x00000188da3f1680, 0x00000188da3ea6f0,
0x00000188da3f0960, 0x00000188da3eb410, 0x00000188da3ec130, 0x00000188da3f0ff0,
0x00000188da3ec7c0, 0x00000188d9b92830, 0x00000188d9b91b10, 0x00000188d9b8d2e0,
0x00000188d9b900d0, 0x00000188d9b91480, 0x00000188d9b8d970, 0x00000188d9b921a0,
0x00000188d9b8e000, 0x00000188d9b8ed20, 0x00000188d9b8e690, 0x00000188d9b8f3b0,
0x00000188d9b93550, 0x00000188d9b8fa40, 0x00000188d9b90760, 0x00000188d82b6870
}

Java Threads: ( => current thread )
  0x00000188a2baf560 JavaThread "main"                              [_thread_blocked, id=1732, stack(0x00000026e3d00000,0x00000026e3e00000) (1024K)]
  0x00000188bcf30d20 JavaThread "Reference Handler"          daemon [_thread_blocked, id=18564, stack(0x00000026e4500000,0x00000026e4600000) (1024K)]
  0x00000188bcf31b90 JavaThread "Finalizer"                  daemon [_thread_blocked, id=5772, stack(0x00000026e4600000,0x00000026e4700000) (1024K)]
  0x00000188bcf35a20 JavaThread "Signal Dispatcher"          daemon [_thread_blocked, id=13488, stack(0x00000026e4700000,0x00000026e4800000) (1024K)]
  0x00000188bcf36480 JavaThread "Attach Listener"            daemon [_thread_blocked, id=22488, stack(0x00000026e4800000,0x00000026e4900000) (1024K)]
  0x00000188bcf36ee0 JavaThread "Service Thread"             daemon [_thread_blocked, id=19752, stack(0x00000026e4900000,0x00000026e4a00000) (1024K)]
  0x00000188bcf37940 JavaThread "Monitor Deflation Thread"   daemon [_thread_blocked, id=7700, stack(0x00000026e4a00000,0x00000026e4b00000) (1024K)]
=>0x00000188bcf386d0 JavaThread "C2 CompilerThread0"         daemon [_thread_in_native, id=14616, stack(0x00000026e4b00000,0x00000026e4c00000) (1024K)]
  0x00000188bcf3eff0 JavaThread "C1 CompilerThread0"         daemon [_thread_in_native, id=18144, stack(0x00000026e4c00000,0x00000026e4d00000) (1024K)]
  0x00000188bcef6620 JavaThread "Common-Cleaner"             daemon [_thread_blocked, id=8632, stack(0x00000026e4d00000,0x00000026e4e00000) (1024K)]
  0x00000188d6319b70 JavaThread "Notification Thread"        daemon [_thread_blocked, id=1192, stack(0x00000026e4e00000,0x00000026e4f00000) (1024K)]
  0x00000188d7c74900 JavaThread "Daemon health stats"               [_thread_blocked, id=15344, stack(0x00000026e5200000,0x00000026e5300000) (1024K)]
  0x00000188d7d5f230 JavaThread "Incoming local TCP Connector on port 56321"        [_thread_in_native, id=23344, stack(0x00000026e5300000,0x00000026e5400000) (1024K)]
  0x00000188d7bbe620 JavaThread "Daemon periodic checks"            [_thread_blocked, id=13588, stack(0x00000026e5400000,0x00000026e5500000) (1024K)]
  0x00000188d7de7460 JavaThread "Cache worker for journal cache (C:\Users\Youbitech\.gradle\caches\journal-1)"        [_thread_blocked, id=16236, stack(0x00000026e5c00000,0x00000026e5d00000) (1024K)]
  0x00000188d7de8180 JavaThread "File lock request listener"        [_thread_in_native, id=16692, stack(0x00000026e5d00000,0x00000026e5e00000) (1024K)]
  0x00000188d7de8ea0 JavaThread "Cache worker for file hash cache (C:\Users\Youbitech\.gradle\caches\8.14.3\fileHashes)"        [_thread_blocked, id=21660, stack(0x00000026e5e00000,0x00000026e5f00000) (1024K)]
  0x00000188d72b2a10 JavaThread "File watcher server"        daemon [_thread_in_native, id=14844, stack(0x00000026e6100000,0x00000026e6200000) (1024K)]
  0x00000188d72b8c80 JavaThread "File watcher consumer"      daemon [_thread_blocked, id=13820, stack(0x00000026e6200000,0x00000026e6300000) (1024K)]
  0x00000188d72b9310 JavaThread "jar transforms"                    [_thread_blocked, id=18300, stack(0x00000026e6300000,0x00000026e6400000) (1024K)]
  0x00000188d72b5e90 JavaThread "jar transforms Thread 2"           [_thread_blocked, id=20884, stack(0x00000026e6400000,0x00000026e6500000) (1024K)]
  0x00000188d72b6bb0 JavaThread "Cache worker for file content cache (C:\Users\Youbitech\.gradle\caches\8.14.3\fileContent)"        [_thread_blocked, id=9220, stack(0x00000026e6700000,0x00000026e6800000) (1024K)]
  0x00000188d72b4ae0 JavaThread "jar transforms Thread 3"           [_thread_blocked, id=23124, stack(0x00000026e6500000,0x00000026e6600000) (1024K)]
  0x00000188d72b7240 JavaThread "jar transforms Thread 4"           [_thread_blocked, id=3872, stack(0x00000026e6800000,0x00000026e6900000) (1024K)]
  0x00000188dabc7da0 JavaThread "Memory manager"                    [_thread_blocked, id=1200, stack(0x00000026e7500000,0x00000026e7600000) (1024K)]
  0x00000188dabc8ac0 JavaThread "ForkJoinPool.commonPool-worker-1" daemon [_thread_blocked, id=22504, stack(0x00000026e7600000,0x00000026e7700000) (1024K)]
  0x00000188dabc8430 JavaThread "ForkJoinPool.commonPool-worker-2" daemon [_thread_blocked, id=18864, stack(0x00000026e7700000,0x00000026e7800000) (1024K)]
  0x00000188d94f3da0 JavaThread "Cache worker for Java compile cache (C:\Users\Youbitech\.gradle\caches\8.14.3\javaCompile)"        [_thread_blocked, id=12584, stack(0x00000026ea000000,0x00000026ea100000) (1024K)]
  0x00000188d72b4450 JavaThread "Daemon Thread 3"                   [_thread_blocked, id=18392, stack(0x00000026e3b00000,0x00000026e3c00000) (1024K)]
  0x00000188d72b5800 JavaThread "Handler for socket connection from /127.0.0.1:56321 to /127.0.0.1:56443"        [_thread_in_native, id=19400, stack(0x00000026e3c00000,0x00000026e3d00000) (1024K)]
  0x00000188d72b78d0 JavaThread "Daemon Thread 4"                   [_thread_blocked, id=17336, stack(0x00000026e5500000,0x00000026e5600000) (1024K)]
  0x00000188d72b7f60 JavaThread "Cancel handler"                    [_thread_blocked, id=19124, stack(0x00000026e5700000,0x00000026e5800000) (1024K)]
  0x00000188d72b85f0 JavaThread "Daemon worker Thread 3"            [_thread_in_vm, id=6952, stack(0x00000026e5800000,0x00000026e5900000) (1024K)]
  0x00000188d94f6500 JavaThread "VFS cleanup Thread 3"              [_thread_blocked, id=17148, stack(0x00000026e5a00000,0x00000026e5b00000) (1024K)]
  0x00000188d94f4430 JavaThread "Asynchronous log dispatcher for DefaultDaemonConnection: socket connection from /127.0.0.1:56321 to /127.0.0.1:56443"        [_thread_blocked, id=20876, stack(0x00000026e5600000,0x00000026e5700000) (1024K)]
  0x00000188d94f6b90 JavaThread "Stdin handler"                     [_thread_blocked, id=16076, stack(0x00000026e5900000,0x00000026e5a00000) (1024K)]
  0x00000188d94efc00 JavaThread "Daemon client event forwarder"        [_thread_blocked, id=20476, stack(0x00000026e5b00000,0x00000026e5c00000) (1024K)]
  0x00000188d94f4ac0 JavaThread "Cache worker for file hash cache (C:\TP\Park informatique\.gradle\8.14.3\fileHashes)"        [_thread_blocked, id=12620, stack(0x00000026e5f00000,0x00000026e6000000) (1024K)]
  0x00000188d94f5150 JavaThread "Cache worker for Build Output Cleanup Cache (C:\TP\Park informatique\.gradle\buildOutputCleanup)"        [_thread_blocked, id=4856, stack(0x00000026e6000000,0x00000026e6100000) (1024K)]
  0x00000188d94f0fb0 JavaThread "Cache worker for checksums cache (C:\TP\Park informatique\.gradle\8.14.3\checksums)"        [_thread_blocked, id=2772, stack(0x00000026e6600000,0x00000026e6700000) (1024K)]
  0x00000188d94f0920 JavaThread "Cache worker for cache directory md-supplier (C:\Users\Youbitech\.gradle\caches\8.14.3\md-supplier)"        [_thread_blocked, id=3620, stack(0x00000026e6900000,0x00000026e6a00000) (1024K)]
  0x00000188d94f57e0 JavaThread "Cache worker for cache directory md-rule (C:\Users\Youbitech\.gradle\caches\8.14.3\md-rule)"        [_thread_blocked, id=17044, stack(0x00000026e6a00000,0x00000026e6b00000) (1024K)]
  0x00000188d94f1640 JavaThread "Unconstrained build operations"        [_thread_blocked, id=23100, stack(0x00000026e6b00000,0x00000026e6c00000) (1024K)]
  0x00000188d94f1cd0 JavaThread "Unconstrained build operations Thread 2"        [_thread_blocked, id=17296, stack(0x00000026e6c00000,0x00000026e6d00000) (1024K)]
  0x00000188d94f5e70 JavaThread "Unconstrained build operations Thread 3"        [_thread_blocked, id=15376, stack(0x00000026e6d00000,0x00000026e6e00000) (1024K)]
  0x00000188d94f29f0 JavaThread "Unconstrained build operations Thread 4"        [_thread_blocked, id=21316, stack(0x00000026e6e00000,0x00000026e6f00000) (1024K)]
  0x00000188d94f3710 JavaThread "Unconstrained build operations Thread 5"        [_thread_blocked, id=21848, stack(0x00000026e6f00000,0x00000026e7000000) (1024K)]
  0x00000188d94f3080 JavaThread "Unconstrained build operations Thread 6"        [_thread_blocked, id=22720, stack(0x00000026e7000000,0x00000026e7100000) (1024K)]
  0x00000188d94f7220 JavaThread "ForkJoinPool.commonPool-worker-5" daemon [_thread_blocked, id=348, stack(0x00000026e7100000,0x00000026e7200000) (1024K)]
  0x00000188d94f0290 JavaThread "Unconstrained build operations Thread 7"        [_thread_blocked, id=4748, stack(0x00000026e7200000,0x00000026e7300000) (1024K)]
  0x00000188d94f2360 JavaThread "Unconstrained build operations Thread 8"        [_thread_blocked, id=13704, stack(0x00000026e7300000,0x00000026e7400000) (1024K)]
  0x00000188da3ef5b0 JavaThread "Unconstrained build operations Thread 9"        [_thread_blocked, id=2476, stack(0x00000026e7400000,0x00000026e7500000) (1024K)]
  0x00000188da3ed4e0 JavaThread "Unconstrained build operations Thread 10"        [_thread_blocked, id=17656, stack(0x00000026e7800000,0x00000026e7900000) (1024K)]
  0x00000188da3eef20 JavaThread "Unconstrained build operations Thread 11"        [_thread_blocked, id=22792, stack(0x00000026e7900000,0x00000026e7a00000) (1024K)]
  0x00000188da3ee890 JavaThread "Unconstrained build operations Thread 12"        [_thread_blocked, id=15872, stack(0x00000026e7a00000,0x00000026e7b00000) (1024K)]
  0x00000188da3ece50 JavaThread "Unconstrained build operations Thread 13"        [_thread_blocked, id=9600, stack(0x00000026e7b00000,0x00000026e7c00000) (1024K)]
  0x00000188da3ea060 JavaThread "Unconstrained build operations Thread 14"        [_thread_blocked, id=2360, stack(0x00000026e7c00000,0x00000026e7d00000) (1024K)]
  0x00000188da3efc40 JavaThread "Unconstrained build operations Thread 15"        [_thread_blocked, id=18408, stack(0x00000026e7d00000,0x00000026e7e00000) (1024K)]
  0x00000188da3ead80 JavaThread "Unconstrained build operations Thread 16"        [_thread_blocked, id=12184, stack(0x00000026e7e00000,0x00000026e7f00000) (1024K)]
  0x00000188da3f02d0 JavaThread "Unconstrained build operations Thread 17"        [_thread_blocked, id=17172, stack(0x00000026e7f00000,0x00000026e8000000) (1024K)]
  0x00000188da3edb70 JavaThread "Unconstrained build operations Thread 18"        [_thread_blocked, id=17104, stack(0x00000026e8000000,0x00000026e8100000) (1024K)]
  0x00000188da3ee200 JavaThread "Unconstrained build operations Thread 19"        [_thread_blocked, id=18480, stack(0x00000026e8100000,0x00000026e8200000) (1024K)]
  0x00000188da3f1680 JavaThread "Unconstrained build operations Thread 20"        [_thread_blocked, id=14744, stack(0x00000026e8200000,0x00000026e8300000) (1024K)]
  0x00000188da3ea6f0 JavaThread "Unconstrained build operations Thread 21"        [_thread_blocked, id=22144, stack(0x00000026e8300000,0x00000026e8400000) (1024K)]
  0x00000188da3f0960 JavaThread "Unconstrained build operations Thread 22"        [_thread_blocked, id=21068, stack(0x00000026e8400000,0x00000026e8500000) (1024K)]
  0x00000188da3eb410 JavaThread "Unconstrained build operations Thread 23"        [_thread_blocked, id=9728, stack(0x00000026e8500000,0x00000026e8600000) (1024K)]
  0x00000188da3ec130 JavaThread "Unconstrained build operations Thread 24"        [_thread_blocked, id=21012, stack(0x00000026e8600000,0x00000026e8700000) (1024K)]
  0x00000188da3f0ff0 JavaThread "Unconstrained build operations Thread 25"        [_thread_blocked, id=10472, stack(0x00000026e8700000,0x00000026e8800000) (1024K)]
  0x00000188da3ec7c0 JavaThread "Unconstrained build operations Thread 26"        [_thread_blocked, id=8992, stack(0x00000026e8800000,0x00000026e8900000) (1024K)]
  0x00000188d9b92830 JavaThread "Unconstrained build operations Thread 27"        [_thread_blocked, id=15356, stack(0x00000026e8900000,0x00000026e8a00000) (1024K)]
  0x00000188d9b91b10 JavaThread "Unconstrained build operations Thread 28"        [_thread_blocked, id=17576, stack(0x00000026e8a00000,0x00000026e8b00000) (1024K)]
  0x00000188d9b8d2e0 JavaThread "Unconstrained build operations Thread 29"        [_thread_blocked, id=19712, stack(0x00000026e8b00000,0x00000026e8c00000) (1024K)]
  0x00000188d9b900d0 JavaThread "Unconstrained build operations Thread 30"        [_thread_blocked, id=21788, stack(0x00000026e8c00000,0x00000026e8d00000) (1024K)]
  0x00000188d9b91480 JavaThread "Unconstrained build operations Thread 31"        [_thread_blocked, id=2336, stack(0x00000026e8d00000,0x00000026e8e00000) (1024K)]
  0x00000188d9b8d970 JavaThread "Unconstrained build operations Thread 32"        [_thread_blocked, id=21816, stack(0x00000026e8e00000,0x00000026e8f00000) (1024K)]
  0x00000188d9b921a0 JavaThread "Unconstrained build operations Thread 33"        [_thread_blocked, id=23320, stack(0x00000026e8f00000,0x00000026e9000000) (1024K)]
  0x00000188d9b8e000 JavaThread "Unconstrained build operations Thread 34"        [_thread_blocked, id=19280, stack(0x00000026e9000000,0x00000026e9100000) (1024K)]
  0x00000188d9b8ed20 JavaThread "Unconstrained build operations Thread 35"        [_thread_blocked, id=18660, stack(0x00000026e9100000,0x00000026e9200000) (1024K)]
  0x00000188d9b8e690 JavaThread "Unconstrained build operations Thread 36"        [_thread_blocked, id=3408, stack(0x00000026e9200000,0x00000026e9300000) (1024K)]
  0x00000188d9b8f3b0 JavaThread "Unconstrained build operations Thread 37"        [_thread_blocked, id=8048, stack(0x00000026e9300000,0x00000026e9400000) (1024K)]
  0x00000188d9b93550 JavaThread "Unconstrained build operations Thread 38"        [_thread_blocked, id=22732, stack(0x00000026e9400000,0x00000026e9500000) (1024K)]
  0x00000188d9b8fa40 JavaThread "Unconstrained build operations Thread 39"        [_thread_blocked, id=16344, stack(0x00000026e9500000,0x00000026e9600000) (1024K)]
  0x00000188d9b90760 JavaThread "Unconstrained build operations Thread 40"        [_thread_blocked, id=20736, stack(0x00000026e9600000,0x00000026e9700000) (1024K)]
  0x00000188d82b6870 JavaThread "C2 CompilerThread1"         daemon [_thread_in_native, id=23180, stack(0x00000026e9700000,0x00000026e9800000) (1024K)]
Total: 84

Other Threads:
  0x00000188bcf0eb50 VMThread "VM Thread"                           [id=11268, stack(0x00000026e4400000,0x00000026e4500000) (1024K)]
  0x00000188bcef56a0 WatcherThread "VM Periodic Task Thread"        [id=6872, stack(0x00000026e4300000,0x00000026e4400000) (1024K)]
  0x00000188a2bd9120 WorkerThread "GC Thread#0"                     [id=5656, stack(0x00000026e3e00000,0x00000026e3f00000) (1024K)]
  0x00000188d64183c0 WorkerThread "GC Thread#1"                     [id=21832, stack(0x00000026e4f00000,0x00000026e5000000) (1024K)]
  0x00000188d6418f70 WorkerThread "GC Thread#2"                     [id=636, stack(0x00000026e5000000,0x00000026e5100000) (1024K)]
  0x00000188d6419310 WorkerThread "GC Thread#3"                     [id=6760, stack(0x00000026e5100000,0x00000026e5200000) (1024K)]
  0x00000188a2bdf420 ConcurrentGCThread "G1 Main Marker"            [id=22248, stack(0x00000026e3f00000,0x00000026e4000000) (1024K)]
  0x00000188a2bdfe30 WorkerThread "G1 Conc#0"                       [id=18600, stack(0x00000026e4000000,0x00000026e4100000) (1024K)]
  0x00000188a2c7e280 ConcurrentGCThread "G1 Refine#0"               [id=23392, stack(0x00000026e4100000,0x00000026e4200000) (1024K)]
  0x00000188bcdcd120 ConcurrentGCThread "G1 Service"                [id=7052, stack(0x00000026e4200000,0x00000026e4300000) (1024K)]
Total: 10

Threads with active compile tasks:
C2 CompilerThread0   255115 12691   !   4       org.gradle.internal.instantiation.generator.DependencyInjectingInstantiator::doCreate (64 bytes)
C2 CompilerThread1   255115 12694       4       org.gradle.api.internal.attributes.DefaultAttributesFactory::doConcatIsolatable (80 bytes)
Total: 2

VM state: not at safepoint (normal execution)

VM Mutex/Monitor currently owned by a thread: None

Heap address: 0x00000000e0000000, size: 512 MB, Compressed Oops mode: 32-bit

CDS archive(s) mapped at: [0x00000188bd000000-0x00000188bdc90000-0x00000188bdc90000), size 13172736, SharedBaseAddress: 0x00000188bd000000, ArchiveRelocationMode: 1.
Compressed class space mapped at: 0x00000188be000000-0x00000188d2000000, reserved size: 335544320
Narrow klass base: 0x00000188bd000000, Narrow klass shift: 0, Narrow klass range: 0x100000000

GC Precious Log:
 CardTable entry size: 512
 Card Set container configuration: InlinePtr #cards 5 size 8 Array Of Cards #cards 12 size 40 Howl #buckets 4 coarsen threshold 1843 Howl Bitmap #cards 512 size 80 coarsen threshold 460 Card regions per heap region 1 cards per card region 2048
 CPUs: 4 total, 4 available
 Memory: 16264M
 Large Page Support: Disabled
 NUMA Support: Disabled
 Compressed Oops: Enabled (32-bit)
 Heap Region Size: 1M
 Heap Min Capacity: 256M
 Heap Initial Capacity: 256M
 Heap Max Capacity: 512M
 Pre-touch: Disabled
 Parallel Workers: 4
 Concurrent Workers: 1
 Concurrent Refinement Workers: 4
 Periodic GC: Disabled

Heap:
 garbage-first heap   total 262144K, used 148115K [0x00000000e0000000, 0x0000000100000000)
  region size 1024K, 87 young (89088K), 13 survivors (13312K)
 Metaspace       used 67293K, committed 69504K, reserved 393216K
  class space    used 9411K, committed 10496K, reserved 327680K

Heap Regions: E=young(eden), S=young(survivor), O=old, HS=humongous(starts), HC=humongous(continues), CS=collection set, F=free, TAMS=top-at-mark-start, PB=parsable bottom
|   0|0x00000000e0000000, 0x00000000e0100000, 0x00000000e0100000|100%|HS|  |TAMS 0x00000000e0000000| PB 0x00000000e0000000| Complete 
|   1|0x00000000e0100000, 0x00000000e0200000, 0x00000000e0200000|100%|HC|  |TAMS 0x00000000e0100000| PB 0x00000000e0100000| Complete 
|   2|0x00000000e0200000, 0x00000000e0300000, 0x00000000e0300000|100%|HC|  |TAMS 0x00000000e0200000| PB 0x00000000e0200000| Complete 
|   3|0x00000000e0300000, 0x00000000e0400000, 0x00000000e0400000|100%| O|  |TAMS 0x00000000e0300000| PB 0x00000000e0300000| Untracked 
|   4|0x00000000e0400000, 0x00000000e0500000, 0x00000000e0500000|100%| O|  |TAMS 0x00000000e0400000| PB 0x00000000e0400000| Untracked 
|   5|0x00000000e0500000, 0x00000000e0600000, 0x00000000e0600000|100%| O|  |TAMS 0x00000000e0500000| PB 0x00000000e0500000| Untracked 
|   6|0x00000000e0600000, 0x00000000e0700000, 0x00000000e0700000|100%|HS|  |TAMS 0x00000000e0600000| PB 0x00000000e0600000| Complete 
|   7|0x00000000e0700000, 0x00000000e0800000, 0x00000000e0800000|100%| O|  |TAMS 0x00000000e0700000| PB 0x00000000e0700000| Untracked 
|   8|0x00000000e0800000, 0x00000000e0900000, 0x00000000e0900000|100%| O|  |TAMS 0x00000000e0800000| PB 0x00000000e0800000| Untracked 
|   9|0x00000000e0900000, 0x00000000e0a00000, 0x00000000e0a00000|100%| O|  |TAMS 0x00000000e0900000| PB 0x00000000e0900000| Untracked 
|  10|0x00000000e0a00000, 0x00000000e0b00000, 0x00000000e0b00000|100%| O|  |TAMS 0x00000000e0a00000| PB 0x00000000e0a00000| Untracked 
|  11|0x00000000e0b00000, 0x00000000e0c00000, 0x00000000e0c00000|100%| O|  |TAMS 0x00000000e0b00000| PB 0x00000000e0b00000| Untracked 
|  12|0x00000000e0c00000, 0x00000000e0d00000, 0x00000000e0d00000|100%| O|  |TAMS 0x00000000e0c00000| PB 0x00000000e0c00000| Untracked 
|  13|0x00000000e0d00000, 0x00000000e0e00000, 0x00000000e0e00000|100%| O|  |TAMS 0x00000000e0d00000| PB 0x00000000e0d00000| Untracked 
|  14|0x00000000e0e00000, 0x00000000e0f00000, 0x00000000e0f00000|100%| O|  |TAMS 0x00000000e0e00000| PB 0x00000000e0e00000| Untracked 
|  15|0x00000000e0f00000, 0x00000000e1000000, 0x00000000e1000000|100%| O|  |TAMS 0x00000000e0f00000| PB 0x00000000e0f00000| Untracked 
|  16|0x00000000e1000000, 0x00000000e1100000, 0x00000000e1100000|100%| O|  |TAMS 0x00000000e1000000| PB 0x00000000e1000000| Untracked 
|  17|0x00000000e1100000, 0x00000000e1200000, 0x00000000e1200000|100%| O|  |TAMS 0x00000000e1100000| PB 0x00000000e1100000| Untracked 
|  18|0x00000000e1200000, 0x00000000e1300000, 0x00000000e1300000|100%| O|  |TAMS 0x00000000e1200000| PB 0x00000000e1200000| Untracked 
|  19|0x00000000e1300000, 0x00000000e1400000, 0x00000000e1400000|100%| O|  |TAMS 0x00000000e1300000| PB 0x00000000e1300000| Untracked 
|  20|0x00000000e1400000, 0x00000000e1500000, 0x00000000e1500000|100%| O|  |TAMS 0x00000000e1400000| PB 0x00000000e1400000| Untracked 
|  21|0x00000000e1500000, 0x00000000e1600000, 0x00000000e1600000|100%| O|  |TAMS 0x00000000e1500000| PB 0x00000000e1500000| Untracked 
|  22|0x00000000e1600000, 0x00000000e1700000, 0x00000000e1700000|100%| O|  |TAMS 0x00000000e1600000| PB 0x00000000e1600000| Untracked 
|  23|0x00000000e1700000, 0x00000000e1800000, 0x00000000e1800000|100%| O|  |TAMS 0x00000000e1700000| PB 0x00000000e1700000| Untracked 
|  24|0x00000000e1800000, 0x00000000e1900000, 0x00000000e1900000|100%| O|  |TAMS 0x00000000e1800000| PB 0x00000000e1800000| Untracked 
|  25|0x00000000e1900000, 0x00000000e1a00000, 0x00000000e1a00000|100%| O|  |TAMS 0x00000000e1900000| PB 0x00000000e1900000| Untracked 
|  26|0x00000000e1a00000, 0x00000000e1b00000, 0x00000000e1b00000|100%| O|  |TAMS 0x00000000e1a00000| PB 0x00000000e1a00000| Untracked 
|  27|0x00000000e1b00000, 0x00000000e1c00000, 0x00000000e1c00000|100%| O|  |TAMS 0x00000000e1b00000| PB 0x00000000e1b00000| Untracked 
|  28|0x00000000e1c00000, 0x00000000e1d00000, 0x00000000e1d00000|100%| O|  |TAMS 0x00000000e1c00000| PB 0x00000000e1c00000| Untracked 
|  29|0x00000000e1d00000, 0x00000000e1e00000, 0x00000000e1e00000|100%| O|  |TAMS 0x00000000e1d00000| PB 0x00000000e1d00000| Untracked 
|  30|0x00000000e1e00000, 0x00000000e1f00000, 0x00000000e1f00000|100%| O|  |TAMS 0x00000000e1e00000| PB 0x00000000e1e00000| Untracked 
|  31|0x00000000e1f00000, 0x00000000e2000000, 0x00000000e2000000|100%| O|  |TAMS 0x00000000e1f00000| PB 0x00000000e1f00000| Untracked 
|  32|0x00000000e2000000, 0x00000000e2100000, 0x00000000e2100000|100%| O|  |TAMS 0x00000000e2000000| PB 0x00000000e2000000| Untracked 
|  33|0x00000000e2100000, 0x00000000e2100000, 0x00000000e2200000|  0%| F|  |TAMS 0x00000000e2100000| PB 0x00000000e2100000| Untracked 
|  34|0x00000000e2200000, 0x00000000e2300000, 0x00000000e2300000|100%| O|  |TAMS 0x00000000e2200000| PB 0x00000000e2200000| Untracked 
|  35|0x00000000e2300000, 0x00000000e2400000, 0x00000000e2400000|100%| O|  |TAMS 0x00000000e2300000| PB 0x00000000e2300000| Untracked 
|  36|0x00000000e2400000, 0x00000000e2500000, 0x00000000e2500000|100%| O|  |TAMS 0x00000000e2400000| PB 0x00000000e2400000| Untracked 
|  37|0x00000000e2500000, 0x00000000e2600000, 0x00000000e2600000|100%| O|  |TAMS 0x00000000e2500000| PB 0x00000000e2500000| Untracked 
|  38|0x00000000e2600000, 0x00000000e2700000, 0x00000000e2700000|100%| O|  |TAMS 0x00000000e2600000| PB 0x00000000e2600000| Untracked 
|  39|0x00000000e2700000, 0x00000000e2800000, 0x00000000e2800000|100%| O|  |TAMS 0x00000000e2700000| PB 0x00000000e2700000| Untracked 
|  40|0x00000000e2800000, 0x00000000e2900000, 0x00000000e2900000|100%| O|  |TAMS 0x00000000e2800000| PB 0x00000000e2800000| Untracked 
|  41|0x00000000e2900000, 0x00000000e2a00000, 0x00000000e2a00000|100%| O|  |TAMS 0x00000000e2900000| PB 0x00000000e2900000| Untracked 
|  42|0x00000000e2a00000, 0x00000000e2b00000, 0x00000000e2b00000|100%| O|  |TAMS 0x00000000e2a00000| PB 0x00000000e2a00000| Untracked 
|  43|0x00000000e2b00000, 0x00000000e2c00000, 0x00000000e2c00000|100%| O|  |TAMS 0x00000000e2b00000| PB 0x00000000e2b00000| Untracked 
|  44|0x00000000e2c00000, 0x00000000e2d00000, 0x00000000e2d00000|100%| O|  |TAMS 0x00000000e2c00000| PB 0x00000000e2c00000| Untracked 
|  45|0x00000000e2d00000, 0x00000000e2e00000, 0x00000000e2e00000|100%| O|  |TAMS 0x00000000e2d00000| PB 0x00000000e2d00000| Untracked 
|  46|0x00000000e2e00000, 0x00000000e2f00000, 0x00000000e2f00000|100%| O|  |TAMS 0x00000000e2e00000| PB 0x00000000e2e00000| Untracked 
|  47|0x00000000e2f00000, 0x00000000e3000000, 0x00000000e3000000|100%| O|  |TAMS 0x00000000e2f00000| PB 0x00000000e2f00000| Untracked 
|  48|0x00000000e3000000, 0x00000000e3100000, 0x00000000e3100000|100%| O|  |TAMS 0x00000000e3000000| PB 0x00000000e3000000| Untracked 
|  49|0x00000000e3100000, 0x00000000e3200000, 0x00000000e3200000|100%| O|  |TAMS 0x00000000e3100000| PB 0x00000000e3100000| Untracked 
|  50|0x00000000e3200000, 0x00000000e3300000, 0x00000000e3300000|100%| O|  |TAMS 0x00000000e3200000| PB 0x00000000e3200000| Untracked 
|  51|0x00000000e3300000, 0x00000000e3400000, 0x00000000e3400000|100%| O|  |TAMS 0x00000000e3300000| PB 0x00000000e3300000| Untracked 
|  52|0x00000000e3400000, 0x00000000e3500000, 0x00000000e3500000|100%| O|  |TAMS 0x00000000e3400000| PB 0x00000000e3400000| Untracked 
|  53|0x00000000e3500000, 0x00000000e3600000, 0x00000000e3600000|100%| O|  |TAMS 0x00000000e3500000| PB 0x00000000e3500000| Untracked 
|  54|0x00000000e3600000, 0x00000000e3700000, 0x00000000e3700000|100%| O|  |TAMS 0x00000000e3600000| PB 0x00000000e3600000| Untracked 
|  55|0x00000000e3700000, 0x00000000e3800000, 0x00000000e3800000|100%| O|  |TAMS 0x00000000e3700000| PB 0x00000000e3700000| Untracked 
|  56|0x00000000e3800000, 0x00000000e3900000, 0x00000000e3900000|100%| O|  |TAMS 0x00000000e3800000| PB 0x00000000e3800000| Untracked 
|  57|0x00000000e3900000, 0x00000000e3a00000, 0x00000000e3a00000|100%| O|  |TAMS 0x00000000e3900000| PB 0x00000000e3900000| Untracked 
|  58|0x00000000e3a00000, 0x00000000e3b00000, 0x00000000e3b00000|100%| O|  |TAMS 0x00000000e3a00000| PB 0x00000000e3a00000| Untracked 
|  59|0x00000000e3b00000, 0x00000000e3c00000, 0x00000000e3c00000|100%| O|  |TAMS 0x00000000e3b00000| PB 0x00000000e3b00000| Untracked 
|  60|0x00000000e3c00000, 0x00000000e3ca4fd0, 0x00000000e3d00000| 64%| O|  |TAMS 0x00000000e3c00000| PB 0x00000000e3c00000| Untracked 
|  61|0x00000000e3d00000, 0x00000000e3d00000, 0x00000000e3e00000|  0%| F|  |TAMS 0x00000000e3d00000| PB 0x00000000e3d00000| Untracked 
|  62|0x00000000e3e00000, 0x00000000e3e00000, 0x00000000e3f00000|  0%| F|  |TAMS 0x00000000e3e00000| PB 0x00000000e3e00000| Untracked 
|  63|0x00000000e3f00000, 0x00000000e3f00000, 0x00000000e4000000|  0%| F|  |TAMS 0x00000000e3f00000| PB 0x00000000e3f00000| Untracked 
|  64|0x00000000e4000000, 0x00000000e4000000, 0x00000000e4100000|  0%| F|  |TAMS 0x00000000e4000000| PB 0x00000000e4000000| Untracked 
|  65|0x00000000e4100000, 0x00000000e4100000, 0x00000000e4200000|  0%| F|  |TAMS 0x00000000e4100000| PB 0x00000000e4100000| Untracked 
|  66|0x00000000e4200000, 0x00000000e4200000, 0x00000000e4300000|  0%| F|  |TAMS 0x00000000e4200000| PB 0x00000000e4200000| Untracked 
|  67|0x00000000e4300000, 0x00000000e4300000, 0x00000000e4400000|  0%| F|  |TAMS 0x00000000e4300000| PB 0x00000000e4300000| Untracked 
|  68|0x00000000e4400000, 0x00000000e4400000, 0x00000000e4500000|  0%| F|  |TAMS 0x00000000e4400000| PB 0x00000000e4400000| Untracked 
|  69|0x00000000e4500000, 0x00000000e4500000, 0x00000000e4600000|  0%| F|  |TAMS 0x00000000e4500000| PB 0x00000000e4500000| Untracked 
|  70|0x00000000e4600000, 0x00000000e4600000, 0x00000000e4700000|  0%| F|  |TAMS 0x00000000e4600000| PB 0x00000000e4600000| Untracked 
|  71|0x00000000e4700000, 0x00000000e4700000, 0x00000000e4800000|  0%| F|  
|  72|  0%| F|  
|  73|  0%| F|  
|  74

| 152|0x00000000e9800000, 0x00000000e9800000, 0x00000000e9900000|  0%| F|  |TAMS 0x00000000e9800000| PB 0x00000000e9800000| Untracked 
| 153|0x00000000e9900000, 0x00000000e9900000, 0x00000000e9a00000|  0%| F|  |TAMS 0x00000000e9900000| PB 0x00000000e9900000| Untracked 
| 154|0x00000000e9a00000, 0x00000000e9a00000, 0x00000000e9b00000|  0%| F|  |TAMS 0x00000000e9a00000| PB 0x00000000e9a00000| Untracked 
| 155|0x00000000e9b00000, 0x00000000e9b00000, 0x00000000e9c00000|  0%| F|  |TAMS 0x00000000e9b00000| PB 0x00000000e9b00000| Untracked 
| 156|0x00000000e9c00000, 0x00000000e9c00000, 0x00000000e9d00000|  0%| F|  |TAMS 0x00000000e9c00000| PB 0x00000000e9c00000| Untracked 
| 157|0x00000000e9d00000, 0x00000000e9d00000, 0x00000000e9e00000|  0%| F|  |TAMS 0x00000000e9d00000| PB 0x00000000e9d00000| Untracked 
| 158|0x00000000e9e00000, 0x00000000e9e00000, 0x00000000e9f00000|  0%| F|  |TAMS 0x00000000e9e00000| PB 0x00000000e9e00000| Untracked 
| 159|0x00000000e9f00000, 0x00000000e9f00000, 0x00000000ea000000|  0%| F|  |TAMS 0x00000000e9f00000| PB 0x00000000e9f00000| Untracked 
| 160|0x00000000ea000000, 0x00000000ea000000, 0x00000000ea100000|  0%| F|  |TAMS 0x00000000ea000000| PB 0x00000000ea000000| Untracked 
| 161|0x00000000ea100000, 0x00000000ea100000, 0x00000000ea200000|  0%| F|  |TAMS 0x00000000ea100000| PB 0x00000000ea100000| Untracked 
| 162|0x00000000ea200000, 0x00000000ea200000, 0x00000000ea300000|  0%| F|  |TAMS 0x00000000ea200000| PB 0x00000000ea200000| Untracked 
| 163|0x00000000ea300000, 0x00000000ea300000, 0x00000000ea400000|  0%| F|  |TAMS 0x00000000ea300000| PB 0x00000000ea300000| Untracked 
| 164|0x00000000ea400000, 0x00000000ea400000, 0x00000000ea500000|  0%| F|  |TAMS 0x00000000ea400000| PB 0x00000000ea400000| Untracked 
| 165|0x00000000ea500000, 0x00000000ea500000, 0x00000000ea600000|  0%| F|  |TAMS 0x00000000ea500000| PB 0x00000000ea500000| Untracked 
| 166|0x00000000ea600000, 0x00000000ea600000, 0x00000000ea700000|  0%| F|  |TAMS 0x00000000ea600000| PB 0x00000000ea600000| Untracked 
| 167|0x00000000ea700000, 0x00000000ea700000, 0x00000000ea800000|  0%| F|  |TAMS 0x00000000ea700000| PB 0x00000000ea700000| Untracked 
| 168|0x00000000ea800000, 0x00000000ea800000, 0x00000000ea900000|  0%| F|  |TAMS 0x00000000ea800000| PB 0x00000000ea800000| Untracked 
| 169|0x00000000ea900000, 0x00000000ea900000, 0x00000000eaa00000|  0%| F|  |TAMS 0x00000000ea900000| PB 0x00000000ea900000| Untracked 
| 170|0x00000000eaa00000, 0x00000000eaa00000, 0x00000000eab00000|  0%| F|  |TAMS 0x00000000eaa00000| PB 0x00000000eaa00000| Untracked 
| 171|0x00000000eab00000, 0x00000000eab00000, 0x00000000eac00000|  0%| F|  |TAMS 0x00000000eab00000| PB 0x00000000eab00000| Untracked 
| 172|0x00000000eac00000, 0x00000000eac00000, 0x00000000ead00000|  0%| F|  |TAMS 0x00000000eac00000| PB 0x00000000eac00000| Untracked 
| 173|0x00000000ead00000, 0x00000000ead00000, 0x00000000eae00000|  0%| F|  |TAMS 0x00000000ead00000| PB 0x00000000ead00000| Untracked 
| 174|0x00000000eae00000, 0x00000000eae00000, 0x00000000eaf00000|  0%| F|  |TAMS 0x00000000eae00000| PB 0x00000000eae00000| Untracked 
| 175|0x00000000eaf00000, 0x00000000eaf00000, 0x00000000eb000000|  0%| F|  |TAMS 0x00000000eaf00000| PB 0x00000000eaf00000| Untracked 
| 176|0x00000000eb000000, 0x00000000eb000000, 0x00000000eb100000|  0%| F|  |TAMS 0x00000000eb000000| PB 0x00000000eb000000| Untracked 
| 177|0x00000000eb100000, 0x00000000eb100000, 0x00000000eb200000|  0%| F|  |TAMS 0x00000000eb100000| PB 0x00000000eb100000| Untracked 
| 178|0x00000000eb200000, 0x00000000eb200000, 0x00000000eb300000|  0%| F|  |TAMS 0x00000000eb200000| PB 0x00000000eb200000| Untracked 
| 179|0x00000000eb300000, 0x00000000eb300000, 0x00000000eb400000|  0%| F|  |TAMS 0x00000000eb300000| PB 0x00000000eb300000| Untracked 
| 180|0x00000000eb400000, 0x00000000eb400000, 0x00000000eb500000|  0%| F|  |TAMS 0x00000000eb400000| PB 0x00000000eb400000| Untracked 
| 181|0x00000000eb500000, 0x00000000eb500000, 0x00000000eb600000|  0%| F|  |TAMS 0x00000000eb500000| PB 0x00000000eb500000| Untracked 
| 182|0x00000000eb600000, 0x00000000eb663cc0, 0x00000000eb700000| 38%| E|  |TAMS 0x00000000eb600000| PB 0x00000000eb600000| Complete 
| 183|0x00000000eb700000, 0x00000000eb800000, 0x00000000eb800000|100%| E|CS|TAMS 0x00000000eb700000| PB 0x00000000eb700000| Complete 
| 184|0x00000000eb800000, 0x00000000eb900000, 0x00000000eb900000|100%| E|CS|TAMS 0x00000000eb800000| PB 0x00000000eb800000| Complete 
| 185|0x00000000eb900000, 0x00000000eba00000, 0x00000000eba00000|100%| E|CS|TAMS 0x00000000eb900000| PB 0x00000000eb900000| Complete 
| 186|0x00000000eba00000, 0x00000000ebb00000, 0x00000000ebb00000|100%| E|CS|TAMS 0x00000000eba00000| PB 0x00000000eba00000| Complete 
| 187|0x00000000ebb00000, 0x00000000ebc00000, 0x00000000ebc00000|100%| E|CS|TAMS 0x00000000ebb00000| PB 0x00000000ebb00000| Complete 
| 188|0x00000000ebc00000, 0x00000000ebd00000, 0x00000000ebd00000|100%| E|CS|TAMS 0x00000000ebc00000| PB 0x00000000ebc00000| Complete 
| 189|0x00000000ebd00000, 0x00000000ebe00000, 0x00000000ebe00000|100%| E|CS|TAMS 0x00000000ebd00000| PB 0x00000000ebd00000| Complete 
| 190|0x00000000ebe00000, 0x00000000ebf00000, 0x00000000ebf00000|100%| E|CS|TAMS 0x00000000ebe00000| PB 0x00000000ebe00000| Complete 
| 191|0x00000000ebf00000, 0x00000000ec000000, 0x00000000ec000000|100%| E|CS|TAMS 0x00000000ebf00000| PB 0x00000000ebf00000| Complete 
| 192|0x00000000ec000000, 0x00000000ec100000, 0x00000000ec100000|100%| E|CS|TAMS 0x00000000ec000000| PB 0x00000000ec000000| Complete 
| 193|0x00000000ec100000, 0x00000000ec200000, 0x00000000ec200000|100%| E|CS|TAMS 0x00000000ec100000| PB 0x00000000ec100000| Complete 
| 194|0x00000000ec200000, 0x00000000ec300000, 0x00000000ec300000|100%| E|CS|TAMS 0x00000000ec200000| PB 0x00000000ec200000| Complete 
| 195|0x00000000ec300000, 0x00000000ec400000, 0x00000000ec400000|100%| E|CS|TAMS 0x00000000ec300000| PB 0x00000000ec300000| Complete 
| 196|0x00000000ec400000, 0x00000000ec500000, 0x00000000ec500000|100%| E|CS|TAMS 0x00000000ec400000| PB 0x00000000ec400000| Complete 
| 197|0x00000000ec500000, 0x00000000ec600000, 0x00000000ec600000|100%| E|CS|TAMS 0x00000000ec500000| PB 0x00000000ec500000| Complete 
| 198|0x00000000ec600000, 0x00000000ec700000, 0x00000000ec700000|100%| E|CS|TAMS 0x00000000ec600000| PB 0x00000000ec600000| Complete 
| 199|0x00000000ec700000, 0x00000000ec800000, 0x00000000ec800000|100%| E|CS|TAMS 0x00000000ec700000| PB 0x00000000ec700000| Complete 
| 200|0x00000000ec800000, 0x00000000ec900000, 0x00000000ec900000|100%| E|CS|TAMS 0x00000000ec800000| PB 0x00000000ec800000| Complete 
| 201|0x00000000ec900000, 0x00000000eca00000, 0x00000000eca00000|100%| E|CS|TAMS 0x00000000ec900000| PB 0x00000000ec900000| Complete 
| 202|0x00000000eca00000, 0x00000000ecb00000, 0x00000000ecb00000|100%| E|  |TAMS 0x00000000eca00000| PB 0x00000000eca00000| Complete 
| 203|0x00000000ecb00000, 0x00000000ecc00000, 0x00000000ecc00000|100%| E|CS|TAMS 0x00000000ecb00000| PB 0x00000000ecb00000| Complete 
| 204|0x00000000ecc00000, 0x00000000ecd00000, 0x00000000ecd00000|100%| E|CS|TAMS 0x00000000ecc00000| PB 0x00000000ecc00000| Complete 
| 205|0x00000000ecd00000, 0x00000000ece00000, 0x00000000ece00000|100%| E|CS|TAMS 0x00000000ecd00000| PB 0x00000000ecd00000| Complete 
| 206|0x00000000ece00000, 0x00000000ecf00000, 0x00000000ecf00000|100%| E|CS|TAMS 0x00000000ece00000| PB 0x00000000ece00000| Complete 
| 207|0x00000000ecf00000, 0x00000000ed000000, 0x00000000ed000000|100%| E|CS|TAMS 0x00000000ecf00000| PB 0x00000000ecf00000| Complete 
| 208|0x00000000ed000000, 0x00000000ed100000, 0x00000000ed100000|100%| E|CS|TAMS 0x00000000ed000000| PB 0x00000000ed000000| Complete 
| 209|0x00000000ed100000, 0x00000000ed200000, 0x00000000ed200000|100%| E|CS|TAMS 0x00000000ed100000| PB 0x00000000ed100000| Complete 
| 210|0x00000000ed200000, 0x00000000ed300000, 0x00000000ed300000|100%| E|CS|TAMS 0x00000000ed200000| PB 0x00000000ed200000| Complete 
| 211|0x00000000ed300000, 0x00000000ed400000, 0x00000000ed400000|100%| E|CS|TAMS 0x00000000ed300000| PB 0x00000000ed300000| Complete 
| 212|0x00000000ed400000, 0x00000000ed500000, 0x00000000ed500000|100%| E|CS|TAMS 0x00000000ed400000| PB 0x00000000ed400000| Complete 
| 213|0x00000000ed500000, 0x00000000ed600000, 0x00000000ed600000|100%| E|CS|TAMS 0x00000000ed500000| PB 0x00000000ed500000| Complete 
| 214|0x00000000ed600000, 0x00000000ed700000, 0x00000000ed700000|100%| E|CS|TAMS 0x00000000ed600000| PB 0x00000000ed600000| Complete 
| 215|0x00000000ed700000, 0x00000000ed800000, 0x00000000ed800000|100%| E|CS|TAMS 0x00000000ed700000| PB 0x00000000ed700000| Complete 
| 216|0x00000000ed800000, 0x00000000ed900000, 0x00000000ed900000|100%| E|CS|TAMS 0x00000000ed800000| PB 0x00000000ed800000| Complete 
| 217|0x00000000ed900000, 0x00000000eda00000, 0x00000000eda00000|100%| E|CS|TAMS 0x00000000ed900000| PB 0x00000000ed900000| Complete 
| 218|0x00000000eda00000, 0x00000000edb00000, 0x00000000edb00000|100%| E|CS|TAMS 0x00000000eda00000| PB 0x00000000eda00000| Complete 
| 219|0x00000000edb00000, 0x00000000edc00000, 0x00000000edc00000|100%| E|CS|TAMS 0x00000000edb00000| PB 0x00000000edb00000| Complete 
| 220|0x00000000edc00000, 0x00000000edd00000, 0x00000000edd00000|100%| E|CS|TAMS 0x00000000edc00000| PB 0x00000000edc00000| Complete 
| 221|0x00000000edd00000, 0x00000000ede00000, 0x00000000ede00000|100%| E|CS|TAMS 0x00000000edd00000| PB 0x00000000edd00000| Complete 
| 222|0x00000000ede00000, 0x00000000edf00000, 0x00000000edf00000|100%| E|CS|TAMS 0x00000000ede00000| PB 0x00000000ede00000| Complete 
| 223|0x00000000edf00000, 0x00000000ee000000, 0x00000000ee000000|100%| E|CS|TAMS 0x00000000edf00000| PB 0x00000000edf00000| Complete 
| 224|0x00000000ee000000, 0x00000000ee100000, 0x00000000ee100000|100%| E|CS|TAMS 0x00000000ee000000| PB 0x00000000ee000000| Complete 
| 225|0x00000000ee100000, 0x00000000ee200000, 0x00000000ee200000|100%| E|CS|TAMS 0x00000000ee100000| PB 0x00000000ee100000| Complete 
| 226|0x00000000ee200000, 0x00000000ee300000, 0x00000000ee300000|100%| E|CS|TAMS 0x00000000ee200000| PB 0x00000000ee200000| Complete 
| 227|0x00000000ee300000, 0x00000000ee400000, 0x00000000ee400000|100%| E|CS|TAMS 0x00000000ee300000| PB 0x00000000ee300000| Complete 
| 228|0x00000000ee400000, 0x00000000ee500000, 0x00000000ee500000|100%| E|CS|TAMS 0x00000000ee400000| PB 0x00000000ee400000| Complete 
| 229|0x00000000ee500000, 0x00000000ee600000, 0x00000000ee600000|100%| E|CS|TAMS 0x00000000ee500000| PB 0x00000000ee500000| Complete 
| 230|0x00000000ee600000, 0x00000000ee700000, 0x00000000ee700000|100%| E|CS|TAMS 0x00000000ee600000| PB 0x00000000ee600000| Complete 
| 231|0x00000000ee700000, 0x00000000ee800000, 0x00000000ee800000|100%| E|CS|TAMS 0x00000000ee700000| PB 0x00000000ee700000| Complete 
| 232|0x00000000ee800000, 0x00000000ee900000, 0x00000000ee900000|100%| E|CS|TAMS 0x00000000ee800000| PB 0x00000000ee800000| Complete 
| 233|0x00000000ee900000, 0x00000000eea00000, 0x00000000eea00000|100%| E|CS|TAMS 0x00000000ee900000| PB 0x00000000ee900000| Complete 
| 234|0x00000000eea00000, 0x00000000eeb00000, 0x00000000eeb00000|100%| E|CS|TAMS 0x00000000eea00000| PB 0x00000000eea00000| Complete 
| 235|0x00000000eeb00000, 0x00000000eec00000, 0x00000000eec00000|100%| E|CS|TAMS 0x00000000eeb00000| PB 0x00000000eeb00000| Complete 
| 236|0x00000000eec00000, 0x00000000eed00000, 0x00000000eed00000|100%| E|CS|TAMS 0x00000000eec00000| PB 0x00000000eec00000| Complete 
| 237|0x00000000eed00000, 0x00000000eee00000, 0x00000000eee00000|100%| E|CS|TAMS 0x00000000eed00000| PB 0x00000000eed00000| Complete 
| 238|0x00000000eee00000, 0x00000000eef00000, 0x00000000eef00000|100%| E|CS|TAMS 0x00000000eee00000| PB 0x00000000eee00000| Complete 
| 239|0x00000000eef00000, 0x00000000ef000000, 0x00000000ef000000|100%| E|CS|TAMS 0x00000000eef00000| PB 0x00000000eef00000| Complete 
| 240|0x00000000ef000000, 0x00000000ef100000, 0x00000000ef100000|100%| E|CS|TAMS 0x00000000ef000000| PB 0x00000000ef000000| Complete 
| 241|0x00000000ef100000, 0x00000000ef200000, 0x00000000ef200000|100%| E|CS|TAMS 0x00000000ef100000| PB 0x00000000ef100000| Complete 
| 242|0x00000000ef200000, 0x00000000ef300000, 0x00000000ef300000|100%| E|CS|TAMS 0x00000000ef200000| PB 0x00000000ef200000| Complete 
| 243|0x00000000ef300000, 0x00000000ef400000, 0x00000000ef400000|100%| E|CS|TAMS 0x00000000ef300000| PB 0x00000000ef300000| Complete 
| 244|0x00000000ef400000, 0x00000000ef500000, 0x00000000ef500000|100%| E|CS|TAMS 0x00000000ef400000| PB 0x00000000ef400000| Complete 
| 245|0x00000000ef500000, 0x00000000ef600000, 0x00000000ef600000|100%| E|CS|TAMS 0x00000000ef500000| PB 0x00000000ef500000| Complete 
| 246|0x00000000ef600000, 0x00000000ef700000, 0x00000000ef700000|100%| E|CS|TAMS 0x00000000ef600000| PB 0x00000000ef600000| Complete 
| 247|0x00000000ef700000, 0x00000000ef800000, 0x00000000ef800000|100%| E|CS|TAMS 0x00000000ef700000| PB 0x00000000ef700000| Complete 
| 248|0x00000000ef800000, 0x00000000ef900000, 0x00000000ef900000|100%| E|CS|TAMS 0x00000000ef800000| PB 0x00000000ef800000| Complete 
| 249|0x00000000ef900000, 0x00000000efa00000, 0x00000000efa00000|100%| E|CS|TAMS 0x00000000ef900000| PB 0x00000000ef900000| Complete 
| 250|0x00000000efa00000, 0x00000000efb00000, 0x00000000efb00000|100%| E|CS|TAMS 0x00000000efa00000| PB 0x00000000efa00000| Complete 
| 251|0x00000000efb00000, 0x00000000efc00000, 0x00000000efc00000|100%| E|CS|TAMS 0x00000000efb00000| PB 0x00000000efb00000| Complete 
| 252|0x00000000efc00000, 0x00000000efd00000, 0x00000000efd00000|100%| E|CS|TAMS 0x00000000efc00000| PB 0x00000000efc00000| Complete 
| 253|0x00000000efd00000, 0x00000000efe00000, 0x00000000efe00000|100%| E|CS|TAMS 0x00000000efd00000| PB 0x00000000efd00000| Complete 
| 254|0x00000000efe00000, 0x00000000eff00000, 0x00000000eff00000|100%| E|CS|TAMS 0x00000000efe00000| PB 0x00000000efe00000| Complete 
| 255|0x00000000eff00000, 0x00000000f0000000, 0x00000000f0000000|100%| E|CS|TAMS 0x00000000eff00000| PB 0x00000000eff00000| Complete 

Card table byte_map: [0x00000188ba030000,0x00000188ba130000] _byte_map_base: 0x00000188b9930000

Marking Bits: (CMBitMap*) 0x00000188a2bd9730
 Bits: [0x00000188ba130000, 0x00000188ba930000)

Polling page: 0x00000188a2380000

Metaspace:

Usage:
  Non-class:     56.54 MB used.
      Class:      9.19 MB used.
       Both:     65.73 MB used.

Virtual space:
  Non-class space:       64.00 MB reserved,      57.62 MB ( 90%) committed,  1 nodes.
      Class space:      320.00 MB reserved,      10.25 MB (  3%) committed,  1 nodes.
             Both:      384.00 MB reserved,      67.88 MB ( 18%) committed. 

Chunk freelists:
   Non-Class:  5.95 MB
       Class:  5.71 MB
        Both:  11.66 MB

MaxMetaspaceSize: 384.00 MB
CompressedClassSpaceSize: 320.00 MB
Initial GC threshold: 21.00 MB
Current GC threshold: 98.06 MB
CDS: on
 - commit_granule_bytes: 65536.
 - commit_granule_words: 8192.
 - virtual_space_node_default_size: 8388608.
 - enlarge_chunks_in_place: 1.
 - use_allocation_guard: 0.


Internal statistics:

num_allocs_failed_limit: 9.
num_arena_births: 4054.
num_arena_deaths: 0.
num_vsnodes_births: 2.
num_vsnodes_deaths: 0.
num_space_committed: 1086.
num_space_uncommitted: 0.
num_chunks_returned_to_freelist: 9.
num_chunks_taken_from_freelist: 7608.
num_chunk_merges: 9.
num_chunk_splits: 4770.
num_chunks_enlarged: 2725.
num_inconsistent_stats: 0.

CodeHeap 'non-profiled nmethods': size=120000Kb used=7476Kb max_used=7476Kb free=112523Kb
 bounds [0x00000188b2b00000, 0x00000188b3250000, 0x00000188ba030000]
CodeHeap 'profiled nmethods': size=120000Kb used=24736Kb max_used=24736Kb free=95263Kb
 bounds [0x00000188ab030000, 0x00000188ac860000, 0x00000188b2560000]
CodeHeap 'non-nmethods': size=5760Kb used=2770Kb max_used=2869Kb free=2989Kb
 bounds [0x00000188b2560000, 0x00000188b2840000, 0x00000188b2b00000]
 total_blobs=12843 nmethods=11950 adapters=797
 compilation: enabled
              stopped_count=0, restarted_count=0
 full_count=0

Compilation events (20 events):
Event: 254.959 Thread 0x00000188bcf3eff0 nmethod 12688 0x00000188ac83b990 code [0x00000188ac83bbe0, 0x00000188ac83c4d8]
Event: 254.959 Thread 0x00000188bcf3eff0 12683       3       org.gradle.api.internal.artifacts.ivyservice.modulecache.ModuleMetadataSerializer::read (35 bytes)
Event: 254.959 Thread 0x00000188bcf3eff0 nmethod 12683 0x00000188ac83c810 code [0x00000188ac83c9c0, 0x00000188ac83cbe0]
Event: 254.959 Thread 0x00000188bcf3eff0 12684       3       org.gradle.api.internal.artifacts.ivyservice.modulecache.ModuleMetadataSerializer$Reader::<init> (16 bytes)
Event: 254.960 Thread 0x00000188bcf3eff0 nmethod 12684 0x00000188ac83cd10 code [0x00000188ac83cec0, 0x00000188ac83d010]
Event: 254.960 Thread 0x00000188bcf3eff0 12685       3       org.gradle.api.internal.artifacts.ivyservice.modulecache.ModuleMetadataSerializer$Reader::<init> (56 bytes)
Event: 254.960 Thread 0x00000188bcf3eff0 nmethod 12685 0x00000188ac83d110 code [0x00000188ac83d2e0, 0x00000188ac83d8a8]
Event: 254.960 Thread 0x00000188bcf3eff0 12686       3       org.gradle.api.internal.artifacts.ivyservice.modulecache.ModuleMetadataSerializer$Reader::read (57 bytes)
Event: 254.961 Thread 0x00000188bcf3eff0 nmethod 12686 0x00000188ac83da10 code [0x00000188ac83dc00, 0x00000188ac83dfc0]
Event: 254.961 Thread 0x00000188bcf3eff0 12687       3       org.gradle.api.internal.artifacts.ivyservice.modulecache.ModuleMetadataSerializer$Reader::readMaven (105 bytes)
Event: 254.962 Thread 0x00000188d82b6870 12689       4       java.io.File::getParent (65 bytes)
Event: 254.963 Thread 0x00000188bcf3eff0 nmethod 12687 0x00000188ac83e110 code [0x00000188ac83e460, 0x00000188ac83f728]
Event: 254.964 Thread 0x00000188bcf3eff0 12690       3       java.util.BitSet::initWords (15 bytes)
Event: 254.964 Thread 0x00000188bcf386d0 12691   !   4       org.gradle.internal.instantiation.generator.DependencyInjectingInstantiator::doCreate (64 bytes)
Event: 254.964 Thread 0x00000188bcf3eff0 nmethod 12690 0x00000188ac83fe90 code [0x00000188ac840040, 0x00000188ac8402a8]
Event: 254.987 Thread 0x00000188d82b6870 nmethod 12689 0x00000188b3248390 code [0x00000188b3248580, 0x00000188b3248e00]
Event: 254.988 Thread 0x00000188d82b6870 12692       4       org.gradle.internal.instantiation.generator.AsmBackedClassGenerator::getDetails (52 bytes)
Event: 254.993 Thread 0x00000188d82b6870 nmethod 12692 0x00000188b3249210 code [0x00000188b32493c0, 0x00000188b3249578]
Event: 255.008 Thread 0x00000188d82b6870 12693       4       org.gradle.internal.component.external.model.maven.MavenDependencyMetadata::<init> (12 bytes)
Event: 255.017 Thread 0x00000188d82b6870 nmethod 12693 0x00000188b3249790 code [0x00000188b3249940, 0x00000188b3249e00]

GC Heap History (20 events):
Event: 2.089 GC heap before
{Heap before GC invocations=0 (full 0):
 garbage-first heap   total 262144K, used 12288K [0x00000000e0000000, 0x0000000100000000)
  region size 1024K, 13 young (13312K), 0 survivors (0K)
 Metaspace       used 825K, committed 960K, reserved 393216K
  class space    used 67K, committed 128K, reserved 327680K
}
Event: 2.694 GC heap after
{Heap after GC invocations=1 (full 0):
 garbage-first heap   total 262144K, used 1280K [0x00000000e0000000, 0x0000000100000000)
  region size 1024K, 2 young (2048K), 2 survivors (2048K)
 Metaspace       used 825K, committed 960K, reserved 393216K
  class space    used 67K, committed 128K, reserved 327680K
}
Event: 7.549 GC heap before
{Heap before GC invocations=1 (full 0):
 garbage-first heap   total 262144K, used 28928K [0x00000000e0000000, 0x0000000100000000)
  region size 1024K, 27 young (27648K), 2 survivors (2048K)
 Metaspace       used 3439K, committed 3584K, reserved 393216K
  class space    used 433K, committed 512K, reserved 327680K
}
Event: 7.556 GC heap after
{Heap after GC invocations=2 (full 0):
 garbage-first heap   total 262144K, used 10110K [0x00000000e0000000, 0x0000000100000000)
  region size 1024K, 4 young (4096K), 4 survivors (4096K)
 Metaspace       used 3439K, committed 3584K, reserved 393216K
  class space    used 433K, committed 512K, reserved 327680K
}
Event: 19.813 GC heap before
{Heap before GC invocations=2 (full 0):
 garbage-first heap   total 262144K, used 164734K [0x00000000e0000000, 0x0000000100000000)
  region size 1024K, 153 young (156672K), 4 survivors (4096K)
 Metaspace       used 19802K, committed 20416K, reserved 393216K
  class space    used 2846K, committed 3136K, reserved 327680K
}
Event: 19.849 GC heap after
{Heap after GC invocations=3 (full 0):
 garbage-first heap   total 262144K, used 23240K [0x00000000e0000000, 0x0000000100000000)
  region size 1024K, 16 young (16384K), 16 survivors (16384K)
 Metaspace       used 19802K, committed 20416K, reserved 393216K
  class space    used 2846K, committed 3136K, reserved 327680K
}
Event: 20.365 GC heap before
{Heap before GC invocations=3 (full 0):
 garbage-first heap   total 262144K, used 33480K [0x00000000e0000000, 0x0000000100000000)
  region size 1024K, 27 young (27648K), 16 survivors (16384K)
 Metaspace       used 20895K, committed 21504K, reserved 393216K
  class space    used 3035K, committed 3328K, reserved 327680K
}
Event: 20.393 GC heap after
{Heap after GC invocations=4 (full 0):
 garbage-first heap   total 262144K, used 25079K [0x00000000e0000000, 0x0000000100000000)
  region size 1024K, 2 young (2048K), 2 survivors (2048K)
 Metaspace       used 20895K, committed 21504K, reserved 393216K
  class space    used 3035K, committed 3328K, reserved 327680K
}
Event: 26.641 GC heap before
{Heap before GC invocations=5 (full 0):
 garbage-first heap   total 262144K, used 133623K [0x00000000e0000000, 0x0000000100000000)
  region size 1024K, 105 young (107520K), 2 survivors (2048K)
 Metaspace       used 34955K, committed 35968K, reserved 393216K
  class space    used 4856K, committed 5376K, reserved 327680K
}
Event: 26.664 GC heap after
{Heap after GC invocations=6 (full 0):
 garbage-first heap   total 262144K, used 32747K [0x00000000e0000000, 0x0000000100000000)
  region size 1024K, 10 young (10240K), 10 survivors (10240K)
 Metaspace       used 34955K, committed 35968K, reserved 393216K
  class space    used 4856K, committed 5376K, reserved 327680K
}
Event: 31.680 GC heap before
{Heap before GC invocations=7 (full 0):
 garbage-first heap   total 262144K, used 129003K [0x00000000e0000000, 0x0000000100000000)
  region size 1024K, 102 young (104448K), 10 survivors (10240K)
 Metaspace       used 45955K, committed 47616K, reserved 393216K
  class space    used 6537K, committed 7360K, reserved 327680K
}
Event: 31.715 GC heap after
{Heap after GC invocations=8 (full 0):
 garbage-first heap   total 262144K, used 38667K [0x00000000e0000000, 0x0000000100000000)
  region size 1024K, 7 young (7168K), 7 survivors (7168K)
 Metaspace       used 45955K, committed 47616K, reserved 393216K
  class space    used 6537K, committed 7360K, reserved 327680K
}
Event: 39.288 GC heap before
{Heap before GC invocations=8 (full 0):
 garbage-first heap   total 262144K, used 187147K [0x00000000e0000000, 0x0000000100000000)
  region size 1024K, 153 young (156672K), 7 survivors (7168K)
 Metaspace       used 57596K, committed 59456K, reserved 393216K
  class space    used 8305K, committed 9216K, reserved 327680K
}
Event: 39.326 GC heap after
{Heap after GC invocations=9 (full 0):
 garbage-first heap   total 262144K, used 50161K [0x00000000e0000000, 0x0000000100000000)
  region size 1024K, 17 young (17408K), 17 survivors (17408K)
 Metaspace       used 57596K, committed 59456K, reserved 393216K
  class space    used 8305K, committed 9216K, reserved 327680K
}
Event: 39.747 GC heap before
{Heap before GC invocations=9 (full 0):
 garbage-first heap   total 262144K, used 57329K [0x00000000e0000000, 0x0000000100000000)
  region size 1024K, 25 young (25600K), 17 survivors (17408K)
 Metaspace       used 58199K, committed 60096K, reserved 393216K
  class space    used 8355K, committed 9280K, reserved 327680K
}
Event: 39.787 GC heap after
{Heap after GC invocations=10 (full 0):
 garbage-first heap   total 262144K, used 51657K [0x00000000e0000000, 0x0000000100000000)
  region size 1024K, 2 young (2048K), 2 survivors (2048K)
 Metaspace       used 58199K, committed 60096K, reserved 393216K
  class space    used 8355K, committed 9280K, reserved 327680K
}
Event: 45.860 GC heap before
{Heap before GC invocations=11 (full 0):
 garbage-first heap   total 262144K, used 205257K [0x00000000e0000000, 0x0000000100000000)
  region size 1024K, 153 young (156672K), 2 survivors (2048K)
 Metaspace       used 62196K, committed 64320K, reserved 393216K
  class space    used 8907K, committed 9984K, reserved 327680K
}
Event: 45.890 GC heap after
{Heap after GC invocations=12 (full 0):
 garbage-first heap   total 262144K, used 62685K [0x00000000e0000000, 0x0000000100000000)
  region size 1024K, 13 young (13312K), 13 survivors (13312K)
 Metaspace       used 62196K, committed 64320K, reserved 393216K
  class space    used 8907K, committed 9984K, reserved 327680K
}
Event: 151.435 GC heap before
{Heap before GC invocations=12 (full 0):
 garbage-first heap   total 262144K, used 205021K [0x00000000e0000000, 0x0000000100000000)
  region size 1024K, 153 young (156672K), 13 survivors (13312K)
 Metaspace       used 66666K, committed 68864K, reserved 393216K
  class space    used 9402K, committed 10496K, reserved 327680K
}
Event: 151.493 GC heap after
{Heap after GC invocations=13 (full 0):
 garbage-first heap   total 262144K, used 74387K [0x00000000e0000000, 0x0000000100000000)
  region size 1024K, 13 young (13312K), 13 survivors (13312K)
 Metaspace       used 66666K, committed 68864K, reserved 393216K
  class space    used 9402K, committed 10496K, reserved 327680K
}

Dll operation events (15 events):
Event: 0.083 Loaded shared library C:\Program Files\Java\jdk-21\bin\java.dll
Event: 0.168 Loaded shared library C:\Program Files\Java\jdk-21\bin\jsvml.dll
Event: 0.371 Loaded shared library C:\Program Files\Java\jdk-21\bin\zip.dll
Event: 0.377 Loaded shared library C:\Program Files\Java\jdk-21\bin\instrument.dll
Event: 0.393 Loaded shared library C:\Program Files\Java\jdk-21\bin\net.dll
Event: 0.397 Loaded shared library C:\Program Files\Java\jdk-21\bin\nio.dll
Event: 0.403 Loaded shared library C:\Program Files\Java\jdk-21\bin\zip.dll
Event: 3.253 Loaded shared library C:\Program Files\Java\jdk-21\bin\jimage.dll
Event: 6.092 Loaded shared library C:\Program Files\Java\jdk-21\bin\verify.dll
Event: 6.784 Loaded shared library C:\Users\Youbitech\.gradle\native\1def1411415f61bf3af743bc5b6707747c0891f09f0c88961ee8f79bc544acac\windows-amd64\native-platform.dll
Event: 6.864 Loaded shared library C:\Users\Youbitech\.gradle\native\0.2.7\x86_64-windows-gnu\gradle-fileevents.dll
Event: 13.393 Loaded shared library C:\Program Files\Java\jdk-21\bin\management.dll
Event: 13.405 Loaded shared library C:\Program Files\Java\jdk-21\bin\management_ext.dll
Event: 14.035 Loaded shared library C:\Program Files\Java\jdk-21\bin\extnet.dll
Event: 14.618 Loaded shared library C:\Program Files\Java\jdk-21\bin\sunmscapi.dll

Deoptimization events (20 events):
Event: 250.686 Thread 0x00000188d72b85f0 Uncommon trap: trap_request=0xfffffff4 fr.pc=0x00000188b3213f84 relative=0x0000000000000cc4
Event: 250.686 Thread 0x00000188d72b85f0 Uncommon trap: reason=null_check action=make_not_entrant pc=0x00000188b3213f84 method=org.gradle.tooling.internal.provider.runner.ClientBuildEventGenerator$Enabled.accept(Lorg/gradle/internal/operations/BuildOperationDescriptor;)Lorg/gradle/tooling/intern
Event: 250.686 Thread 0x00000188d72b85f0 DEOPT PACKING pc=0x00000188b3213f84 sp=0x00000026e58f81b0
Event: 250.686 Thread 0x00000188d72b85f0 DEOPT UNPACKING pc=0x00000188b25b46a2 sp=0x00000026e58f80e8 mode 2
Event: 250.818 Thread 0x00000188d72b85f0 Uncommon trap: trap_request=0xffffffbe fr.pc=0x00000188b3132194 relative=0x00000000000010f4
Event: 250.818 Thread 0x00000188d72b85f0 Uncommon trap: reason=profile_predicate action=maybe_recompile pc=0x00000188b3132194 method=java.util.regex.Pattern$CharPropertyGreedy.match(Ljava/util/regex/Matcher;ILjava/lang/CharSequence;)Z @ 15 c2
Event: 250.818 Thread 0x00000188d72b85f0 DEOPT PACKING pc=0x00000188b3132194 sp=0x00000026e58f8540
Event: 250.818 Thread 0x00000188d72b85f0 DEOPT UNPACKING pc=0x00000188b25b46a2 sp=0x00000026e58f8500 mode 2
Event: 250.818 Thread 0x00000188d72b85f0 Uncommon trap: trap_request=0xffffffbe fr.pc=0x00000188b3132194 relative=0x00000000000010f4
Event: 250.818 Thread 0x00000188d72b85f0 Uncommon trap: reason=profile_predicate action=maybe_recompile pc=0x00000188b3132194 method=java.util.regex.Pattern$CharPropertyGreedy.match(Ljava/util/regex/Matcher;ILjava/lang/CharSequence;)Z @ 15 c2
Event: 250.818 Thread 0x00000188d72b85f0 DEOPT PACKING pc=0x00000188b3132194 sp=0x00000026e58f8540
Event: 250.818 Thread 0x00000188d72b85f0 DEOPT UNPACKING pc=0x00000188b25b46a2 sp=0x00000026e58f8500 mode 2
Event: 250.818 Thread 0x00000188d72b85f0 Uncommon trap: trap_request=0xffffffbe fr.pc=0x00000188b3132194 relative=0x00000000000010f4
Event: 250.818 Thread 0x00000188d72b85f0 Uncommon trap: reason=profile_predicate action=maybe_recompile pc=0x00000188b3132194 method=java.util.regex.Pattern$CharPropertyGreedy.match(Ljava/util/regex/Matcher;ILjava/lang/CharSequence;)Z @ 15 c2
Event: 250.818 Thread 0x00000188d72b85f0 DEOPT PACKING pc=0x00000188b3132194 sp=0x00000026e58f8540
Event: 250.818 Thread 0x00000188d72b85f0 DEOPT UNPACKING pc=0x00000188b25b46a2 sp=0x00000026e58f8500 mode 2
Event: 250.818 Thread 0x00000188d72b85f0 Uncommon trap: trap_request=0xffffffbe fr.pc=0x00000188b3132194 relative=0x00000000000010f4
Event: 250.818 Thread 0x00000188d72b85f0 Uncommon trap: reason=profile_predicate action=maybe_recompile pc=0x00000188b3132194 method=java.util.regex.Pattern$CharPropertyGreedy.match(Ljava/util/regex/Matcher;ILjava/lang/CharSequence;)Z @ 15 c2
Event: 250.818 Thread 0x00000188d72b85f0 DEOPT PACKING pc=0x00000188b3132194 sp=0x00000026e58f8540
Event: 250.818 Thread 0x00000188d72b85f0 DEOPT UNPACKING pc=0x00000188b25b46a2 sp=0x00000026e58f8500 mode 2

Classes loaded (20 events):
Event: 61.146 Loading class java/util/AbstractList$ListItr
Event: 61.146 Loading class java/util/AbstractList$ListItr done
Event: 61.166 Loading class java/io/NotSerializableException
Event: 61.166 Loading class java/io/NotSerializableException done
Event: 61.173 Loading class java/util/Collections$EmptyListIterator
Event: 61.173 Loading class java/util/Collections$EmptyListIterator done
Event: 61.187 Loading class java/io/CharArrayWriter
Event: 61.187 Loading class java/io/CharArrayWriter done
Event: 61.209 Loading class java/time/Instant$1
Event: 61.209 Loading class java/time/Instant$1 done
Event: 61.282 Loading class java/net/UrlDeserializedState
Event: 61.282 Loading class java/net/UrlDeserializedState done
Event: 61.283 Loading class java/net/Proxy
Event: 61.283 Loading class java/net/Proxy done
Event: 61.319 Loading class java/util/concurrent/CompletableFuture$AsyncRun
Event: 61.320 Loading class java/util/concurrent/CompletableFuture$AsyncRun done
Event: 146.365 Loading class jdk/internal/math/FormattedFPDecimal
Event: 146.366 Loading class jdk/internal/math/FormattedFPDecimal done
Event: 146.367 Loading class sun/text/resources/cldr/FormatData_en
Event: 146.370 Loading class sun/text/resources/cldr/FormatData_en done

Classes unloaded (0 events):
No events

Classes redefined (0 events):
No events

Internal exceptions (20 events):
Event: 146.624 Thread 0x00000188d94f6b90 Exception <a 'sun/nio/fs/WindowsException'{0x00000000ec6c2248}> (0x00000000ec6c2248) 
thrown [s\open\src\hotspot\share\prims\jni.cpp, line 520]
Event: 146.625 Thread 0x00000188d94f6b90 Exception <a 'sun/nio/fs/WindowsException'{0x00000000ec6c3720}> (0x00000000ec6c3720) 
thrown [s\open\src\hotspot\share\prims\jni.cpp, line 520]
Event: 146.913 Thread 0x00000188d94f6b90 Exception <a 'java/lang/NoClassDefFoundError'{0x00000000ec0f9e20}: org/jetbrains/kotlin/gradle/plugin/KotlinPluginWrapper> (0x00000000ec0f9e20) 
thrown [s\open\src\hotspot\share\oops\constantPool.cpp, line 873]
Event: 146.914 Thread 0x00000188d94f6b90 Exception <a 'java/lang/NoClassDefFoundError'{0x00000000ec0fbf78}: org/graalvm/buildtools/gradle/NativeImagePlugin> (0x00000000ec0fbf78) 
thrown [s\open\src\hotspot\share\oops\constantPool.cpp, line 873]
Event: 146.914 Thread 0x00000188d94f6b90 Exception <a 'java/lang/NoClassDefFoundError'{0x00000000ec0fe0c0}: org/cyclonedx/gradle/CycloneDxPlugin> (0x00000000ec0fe0c0) 
thrown [s\open\src\hotspot\share\oops\constantPool.cpp, line 873]
Event: 151.639 Thread 0x00000188d72b3730 Implicit null exception at 0x00000188b3050d00 to 0x00000188b3052440
Event: 151.829 Thread 0x00000188d72b3730 Implicit null exception at 0x00000188b302fa34 to 0x00000188b302fc10
Event: 151.851 Thread 0x00000188d72b5800 Implicit null exception at 0x00000188b311036f to 0x00000188b3110418
Event: 151.851 Thread 0x00000188d72b99a0 Implicit null exception at 0x00000188b311036f to 0x00000188b3110418
Event: 151.971 Thread 0x00000188d72b3730 Exception <a 'sun/nio/fs/WindowsException'{0x00000000ee9a1fe8}> (0x00000000ee9a1fe8) 
thrown [s\open\src\hotspot\share\prims\jni.cpp, line 520]
Event: 165.000 Thread 0x00000188d72b3730 Exception <a 'sun/nio/fs/WindowsException'{0x00000000ee820888}> (0x00000000ee820888) 
thrown [s\open\src\hotspot\share\prims\jni.cpp, line 520]
Event: 165.125 Thread 0x00000188d94f6b90 Exception <a 'sun/nio/fs/WindowsException'{0x00000000ef6ad8b0}> (0x00000000ef6ad8b0) 
thrown [s\open\src\hotspot\share\prims\jni.cpp, line 520]
Event: 247.971 Thread 0x00000188d72b85f0 Exception <a 'sun/nio/fs/WindowsException'{0x00000000edd11d20}> (0x00000000edd11d20) 
thrown [s\open\src\hotspot\share\prims\jni.cpp, line 520]
Event: 247.972 Thread 0x00000188d72b85f0 Exception <a 'sun/nio/fs/WindowsException'{0x00000000edd13238}> (0x00000000edd13238) 
thrown [s\open\src\hotspot\share\prims\jni.cpp, line 520]
Event: 247.973 Thread 0x00000188d72b85f0 Exception <a 'sun/nio/fs/WindowsException'{0x00000000edd14740}> (0x00000000edd14740) 
thrown [s\open\src\hotspot\share\prims\jni.cpp, line 520]
Event: 247.973 Thread 0x00000188d72b85f0 Exception <a 'sun/nio/fs/WindowsException'{0x00000000edd15c18}> (0x00000000edd15c18) 
thrown [s\open\src\hotspot\share\prims\jni.cpp, line 520]
Event: 250.686 Thread 0x00000188d72b85f0 Implicit null exception at 0x00000188b32137a0 to 0x00000188b3213f68
Event: 250.833 Thread 0x00000188d72b85f0 Exception <a 'java/lang/NoClassDefFoundError'{0x00000000ed77d2b8}: org/jetbrains/kotlin/gradle/plugin/KotlinPluginWrapper> (0x00000000ed77d2b8) 
thrown [s\open\src\hotspot\share\oops\constantPool.cpp, line 873]
Event: 250.833 Thread 0x00000188d72b85f0 Exception <a 'java/lang/NoClassDefFoundError'{0x00000000ed77f410}: org/graalvm/buildtools/gradle/NativeImagePlugin> (0x00000000ed77f410) 
thrown [s\open\src\hotspot\share\oops\constantPool.cpp, line 873]
Event: 250.833 Thread 0x00000188d72b85f0 Exception <a 'java/lang/NoClassDefFoundError'{0x00000000ed781558}: org/cyclonedx/gradle/CycloneDxPlugin> (0x00000000ed781558) 
thrown [s\open\src\hotspot\share\oops\constantPool.cpp, line 873]

ZGC Phase Switch (0 events):
No events

VM Operations (20 events):
Event: 180.558 Executing VM operation: RendezvousGCThreads
Event: 180.558 Executing VM operation: RendezvousGCThreads done
Event: 225.876 Executing VM operation: Cleanup
Event: 225.876 Executing VM operation: Cleanup done
Event: 240.997 Executing VM operation: Cleanup
Event: 240.997 Executing VM operation: Cleanup done
Event: 245.024 Executing VM operation: Cleanup
Event: 245.024 Executing VM operation: Cleanup done
Event: 247.076 Executing VM operation: Cleanup
Event: 247.799 Executing VM operation: Cleanup done
Event: 248.833 Executing VM operation: Cleanup
Event: 248.833 Executing VM operation: Cleanup done
Event: 249.894 Executing VM operation: Cleanup
Event: 249.894 Executing VM operation: Cleanup done
Event: 250.900 Executing VM operation: Cleanup
Event: 250.928 Executing VM operation: Cleanup done
Event: 252.085 Executing VM operation: Cleanup
Event: 252.710 Executing VM operation: Cleanup done
Event: 254.731 Executing VM operation: Cleanup
Event: 254.732 Executing VM operation: Cleanup done

Events (20 events):
Event: 251.268 Thread 0x00000188da3f0960 Thread added: 0x00000188da3f0960
Event: 251.319 Thread 0x00000188da3eb410 Thread added: 0x00000188da3eb410
Event: 251.330 Thread 0x00000188da3ec130 Thread added: 0x00000188da3ec130
Event: 251.340 Thread 0x00000188da3f0ff0 Thread added: 0x00000188da3f0ff0
Event: 251.351 Thread 0x00000188da3ec7c0 Thread added: 0x00000188da3ec7c0
Event: 251.382 Thread 0x00000188d9b92830 Thread added: 0x00000188d9b92830
Event: 251.406 Thread 0x00000188d9b91b10 Thread added: 0x00000188d9b91b10
Event: 251.414 Thread 0x00000188d9b8d2e0 Thread added: 0x00000188d9b8d2e0
Event: 251.422 Thread 0x00000188d9b900d0 Thread added: 0x00000188d9b900d0
Event: 251.431 Thread 0x00000188d9b91480 Thread added: 0x00000188d9b91480
Event: 251.668 Thread 0x00000188d9b8d970 Thread added: 0x00000188d9b8d970
Event: 251.679 Thread 0x00000188d9b921a0 Thread added: 0x00000188d9b921a0
Event: 253.998 Thread 0x00000188d9b8e000 Thread added: 0x00000188d9b8e000
Event: 254.348 Thread 0x00000188d9b8ed20 Thread added: 0x00000188d9b8ed20
Event: 254.356 Thread 0x00000188d9b8e690 Thread added: 0x00000188d9b8e690
Event: 254.412 Thread 0x00000188d9b8f3b0 Thread added: 0x00000188d9b8f3b0
Event: 254.452 Thread 0x00000188d9b93550 Thread added: 0x00000188d9b93550
Event: 254.460 Thread 0x00000188d9b8fa40 Thread added: 0x00000188d9b8fa40
Event: 254.468 Thread 0x00000188d9b90760 Thread added: 0x00000188d9b90760
Event: 254.790 Thread 0x00000188d82b6870 Thread added: 0x00000188d82b6870


Dynamic libraries:
0x00007ff699370000 - 0x00007ff699380000 	C:\Program Files\Java\jdk-21\bin\java.exe
0x00007ffe573b0000 - 0x00007ffe575a8000 	C:\Windows\SYSTEM32\ntdll.dll
0x00007ffe572a0000 - 0x00007ffe57362000 	C:\Windows\System32\KERNEL32.DLL
0x00007ffe54db0000 - 0x00007ffe550a6000 	C:\Windows\System32\KERNELBASE.dll
0x00007ffe55140000 - 0x00007ffe55240000 	C:\Windows\System32\ucrtbase.dll
0x00007ffe3b550000 - 0x00007ffe3b56b000 	C:\Program Files\Java\jdk-21\bin\VCRUNTIME140.dll
0x00007ffe3bde0000 - 0x00007ffe3bdf9000 	C:\Program Files\Java\jdk-21\bin\jli.dll
0x00007ffe55640000 - 0x00007ffe556f1000 	C:\Windows\System32\ADVAPI32.dll
0x00007ffe56b00000 - 0x00007ffe56b9e000 	C:\Windows\System32\msvcrt.dll
0x00007ffe55a90000 - 0x00007ffe55b2f000 	C:\Windows\System32\sechost.dll
0x00007ffe56880000 - 0x00007ffe569a3000 	C:\Windows\System32\RPCRT4.dll
0x00007ffe54c00000 - 0x00007ffe54c27000 	C:\Windows\System32\bcrypt.dll
0x00007ffe56650000 - 0x00007ffe567ed000 	C:\Windows\System32\USER32.dll
0x00007ffe55240000 - 0x00007ffe55262000 	C:\Windows\System32\win32u.dll
0x00007ffe56ad0000 - 0x00007ffe56afb000 	C:\Windows\System32\GDI32.dll
0x00007ffe54a40000 - 0x00007ffe54b59000 	C:\Windows\System32\gdi32full.dll
0x00007ffe54b60000 - 0x00007ffe54bfd000 	C:\Windows\System32\msvcp_win.dll
0x00007ffe3e3d0000 - 0x00007ffe3e66a000 	C:\Windows\WinSxS\amd64_microsoft.windows.common-controls_6595b64144ccf1df_6.0.19041.5915_none_60b4b9d171f9c7c7\COMCTL32.dll
0x00007ffe49970000 - 0x00007ffe4997a000 	C:\Windows\SYSTEM32\VERSION.dll
0x00007ffe55a60000 - 0x00007ffe55a8f000 	C:\Windows\System32\IMM32.DLL
0x00007ffe4cc00000 - 0x00007ffe4cc0c000 	C:\Program Files\Java\jdk-21\bin\vcruntime140_1.dll
0x00007ffe13770000 - 0x00007ffe137fe000 	C:\Program Files\Java\jdk-21\bin\msvcp140.dll
0x00007ffda16a0000 - 0x00007ffda23ad000 	C:\Program Files\Java\jdk-21\bin\server\jvm.dll
0x00007ffe56a60000 - 0x00007ffe56acb000 	C:\Windows\System32\WS2_32.dll
0x00007ffe547f0000 - 0x00007ffe5483b000 	C:\Windows\SYSTEM32\POWRPROF.dll
0x00007ffe39300000 - 0x00007ffe39327000 	C:\Windows\SYSTEM32\WINMM.dll
0x00007ffe547d0000 - 0x00007ffe547e2000 	C:\Windows\SYSTEM32\UMPDC.dll
0x00007ffe53250000 - 0x00007ffe53262000 	C:\Windows\SYSTEM32\kernel.appcore.dll
0x00007ffe46030000 - 0x00007ffe4603a000 	C:\Program Files\Java\jdk-21\bin\jimage.dll
0x00007ffe4f750000 - 0x00007ffe4f951000 	C:\Windows\SYSTEM32\DBGHELP.DLL
0x00007ffe34d40000 - 0x00007ffe34d74000 	C:\Windows\SYSTEM32\dbgcore.DLL
0x00007ffe550b0000 - 0x00007ffe55132000 	C:\Windows\System32\bcryptPrimitives.dll
0x00007ffe45930000 - 0x00007ffe4593f000 	C:\Program Files\Java\jdk-21\bin\instrument.dll
0x00007ffe3b370000 - 0x00007ffe3b38f000 	C:\Program Files\Java\jdk-21\bin\java.dll
0x00007ffe55b90000 - 0x00007ffe562fe000 	C:\Windows\System32\SHELL32.dll
0x00007ffe4f960000 - 0x00007ffe50104000 	C:\Windows\SYSTEM32\windows.storage.dll
0x00007ffe55700000 - 0x00007ffe55a53000 	C:\Windows\System32\combase.dll
0x00007ffe54400000 - 0x00007ffe5442b000 	C:\Windows\SYSTEM32\Wldp.dll
0x00007ffe56ba0000 - 0x00007ffe56c6d000 	C:\Windows\System32\OLEAUT32.dll
0x00007ffe569b0000 - 0x00007ffe56a5d000 	C:\Windows\System32\SHCORE.dll
0x00007ffe55b30000 - 0x00007ffe55b8b000 	C:\Windows\System32\shlwapi.dll
0x00007ffe54970000 - 0x00007ffe54994000 	C:\Windows\SYSTEM32\profapi.dll
0x00007ffdf41c0000 - 0x00007ffdf4297000 	C:\Program Files\Java\jdk-21\bin\jsvml.dll
0x00007ffe2a7c0000 - 0x00007ffe2a7d8000 	C:\Program Files\Java\jdk-21\bin\zip.dll
0x00007ffe45870000 - 0x00007ffe45880000 	C:\Program Files\Java\jdk-21\bin\net.dll
0x00007ffe48400000 - 0x00007ffe4850a000 	C:\Windows\SYSTEM32\WINHTTP.dll
0x00007ffe54160000 - 0x00007ffe541ca000 	C:\Windows\system32\mswsock.dll
0x00007ffe1a150000 - 0x00007ffe1a166000 	C:\Program Files\Java\jdk-21\bin\nio.dll
0x00007ffe3f410000 - 0x00007ffe3f420000 	C:\Program Files\Java\jdk-21\bin\verify.dll
0x00007ffe3bee0000 - 0x00007ffe3bf07000 	C:\Users\Youbitech\.gradle\native\1def1411415f61bf3af743bc5b6707747c0891f09f0c88961ee8f79bc544acac\windows-amd64\native-platform.dll
0x00007ffe19d60000 - 0x00007ffe19dd8000 	C:\Users\Youbitech\.gradle\native\0.2.7\x86_64-windows-gnu\gradle-fileevents.dll
0x00007ffe3c160000 - 0x00007ffe3c16a000 	C:\Program Files\Java\jdk-21\bin\management.dll
0x00007ffe3c0d0000 - 0x00007ffe3c0db000 	C:\Program Files\Java\jdk-21\bin\management_ext.dll
0x00007ffe555d0000 - 0x00007ffe555d8000 	C:\Windows\System32\PSAPI.DLL
0x00007ffe53e40000 - 0x00007ffe53e7b000 	C:\Windows\SYSTEM32\IPHLPAPI.DLL
0x00007ffe57290000 - 0x00007ffe57298000 	C:\Windows\System32\NSI.dll
0x00007ffe3b770000 - 0x00007ffe3b779000 	C:\Program Files\Java\jdk-21\bin\extnet.dll
0x00007ffe54350000 - 0x00007ffe54368000 	C:\Windows\SYSTEM32\CRYPTSP.dll
0x00007ffe53a80000 - 0x00007ffe53ab8000 	C:\Windows\system32\rsaenh.dll
0x00007ffe548f0000 - 0x00007ffe5491e000 	C:\Windows\SYSTEM32\USERENV.dll
0x00007ffe54370000 - 0x00007ffe5437c000 	C:\Windows\SYSTEM32\CRYPTBASE.dll
0x00007ffe2d1f0000 - 0x00007ffe2d1fe000 	C:\Program Files\Java\jdk-21\bin\sunmscapi.dll
0x00007ffe55270000 - 0x00007ffe553cd000 	C:\Windows\System32\CRYPT32.dll
0x00007ffe54470000 - 0x00007ffe54497000 	C:\Windows\SYSTEM32\ncrypt.dll
0x00007ffe54430000 - 0x00007ffe5446b000 	C:\Windows\SYSTEM32\NTASN1.dll
0x00007ffe13b30000 - 0x00007ffe13b37000 	C:\Windows\system32\wshunix.dll

dbghelp: loaded successfully - version: 4.0.5 - missing functions: none
symbol engine: initialized successfully - sym options: 0x614 - pdb path: .;C:\Program Files\Java\jdk-21\bin;C:\Windows\SYSTEM32;C:\Windows\WinSxS\amd64_microsoft.windows.common-controls_6595b64144ccf1df_6.0.19041.5915_none_60b4b9d171f9c7c7;C:\Program Files\Java\jdk-21\bin\server;C:\Users\Youbitech\.gradle\native\1def1411415f61bf3af743bc5b6707747c0891f09f0c88961ee8f79bc544acac\windows-amd64;C:\Users\Youbitech\.gradle\native\0.2.7\x86_64-windows-gnu

VM Arguments:
jvm_args: --add-opens=java.base/java.lang=ALL-UNNAMED --add-opens=java.base/java.lang.invoke=ALL-UNNAMED --add-opens=java.base/java.util=ALL-UNNAMED --add-opens=java.prefs/java.util.prefs=ALL-UNNAMED --add-exports=jdk.compiler/com.sun.tools.javac.api=ALL-UNNAMED --add-exports=jdk.compiler/com.sun.tools.javac.util=ALL-UNNAMED --add-opens=java.base/java.util=ALL-UNNAMED --add-opens=java.prefs/java.util.prefs=ALL-UNNAMED --add-opens=java.base/java.nio.charset=ALL-UNNAMED --add-opens=java.base/java.net=ALL-UNNAMED --add-opens=java.base/java.util.concurrent.atomic=ALL-UNNAMED --add-opens=java.xml/javax.xml.namespace=ALL-UNNAMED -XX:MaxMetaspaceSize=384m -XX:+HeapDumpOnOutOfMemoryError -Xms256m -Xmx512m -Dfile.encoding=windows-1252 -Duser.country=FR -Duser.language=fr -Duser.variant -javaagent:C:\Users\Youbitech\.gradle\wrapper\dists\gradle-8.14.3-bin\cv11ve7ro1n3o1j4so8xd9n66\gradle-8.14.3\lib\agents\gradle-instrumentation-agent-8.14.3.jar 
java_command: org.gradle.launcher.daemon.bootstrap.GradleDaemon 8.14.3
java_class_path (initial): C:\Users\Youbitech\.gradle\wrapper\dists\gradle-8.14.3-bin\cv11ve7ro1n3o1j4so8xd9n66\gradle-8.14.3\lib\gradle-daemon-main-8.14.3.jar
Launcher Type: SUN_STANDARD

[Global flags]
     intx CICompilerCount                          = 3                                         {product} {ergonomic}
   size_t CompressedClassSpaceSize                 = 335544320                                 {product} {ergonomic}
     uint ConcGCThreads                            = 1                                         {product} {ergonomic}
     uint G1ConcRefinementThreads                  = 4                                         {product} {ergonomic}
   size_t G1HeapRegionSize                         = 1048576                                   {product} {ergonomic}
    uintx GCDrainStackTargetSize                   = 64                                        {product} {ergonomic}
     bool HeapDumpOnOutOfMemoryError               = true                                   {manageable} {command line}
   size_t InitialHeapSize                          = 268435456                                 {product} {command line}
   size_t MarkStackSize                            = 4194304                                   {product} {ergonomic}
   size_t MaxHeapSize                              = 536870912                                 {product} {command line}
   size_t MaxMetaspaceSize                         = 402653184                                 {product} {command line}
   size_t MaxNewSize                               = 321912832                                 {product} {ergonomic}
   size_t MinHeapDeltaBytes                        = 1048576                                   {product} {ergonomic}
   size_t MinHeapSize                              = 268435456                                 {product} {command line}
    uintx NonNMethodCodeHeapSize                   = 5832780                                {pd product} {ergonomic}
    uintx NonProfiledCodeHeapSize                  = 122912730                              {pd product} {ergonomic}
    uintx ProfiledCodeHeapSize                     = 122912730                              {pd product} {ergonomic}
    uintx ReservedCodeCacheSize                    = 251658240                              {pd product} {ergonomic}
     bool SegmentedCodeCache                       = true                                      {product} {ergonomic}
   size_t SoftMaxHeapSize                          = 536870912                              {manageable} {ergonomic}
     bool UseCompressedOops                        = true                           {product lp64_product} {ergonomic}
     bool UseG1GC                                  = true                                      {product} {ergonomic}
     bool UseLargePagesIndividualAllocation        = false                                  {pd product} {ergonomic}

Logging:
Log output configuration:
 #0: stdout all=warning uptime,level,tags foldmultilines=false
 #1: stderr all=off uptime,level,tags foldmultilines=false

Environment Variables:
PATH=C:\Program Files (x86)\VMware\VMware Workstation\bin\;C:\Users\Youbitech\Desktop\bin;C:\Program Files\Common Files\Oracle\Java\javapath;C:\Program Files\Python311\Scripts\;C:\Program Files\Python311\;C:\Windows\system32;C:\Windows;C:\Windows\System32\Wbem;C:\Windows\System32\WindowsPowerShell\v1.0\;C:\Windows\System32\OpenSSH\;C:\Program Files\Java\jdk-21\bin;C:\Program Files\Git\cmd;C:\Program Files\nodejs\;C:\Program Files\nodejs;C:\Program Files\Microsoft SQL Server\150\Tools\Binn\;C:\Program Files\Microsoft SQL Server\Client SDK\ODBC\170\Tools\Binn\;C:\Program Files\dotnet\;C:\Sparke\spark-3.5.5-bin-hadoop3\bin;C:\Java\openlogic-openjdk-8u432-b06-windows-x64\openlogic-openjdk-8u432-b06-windows-x64\bin;C:\hadoop\hadoop-3.2.0\bin;;C:\Program Files\Docker\Docker\resources\bin;C:\Program Files (x86)\Windows Kits\10\Windows Performance Toolkit\;C:\Users\Youbitech\AppData\Local\Programs\Python\Python39\Scripts\;C:\Users\Youbitech\AppData\Local\Programs\Python\Python39\;C:\Users\Youbitech\AppData\Local\Programs\Python\Launcher\;C:\Users\Youbitech\AppData\Local\Microsoft\WindowsApps;C:\Program Files\JetBrains\PyCharm Community Edition 2023.3.5\bin;;C:\Users\Youbitech\AppData\Local\Programs\Microsoft VS Code\bin;C:\Users\Youbitech\AppData\Local\Programs\Python\Python39\Scripts;C:\Users\Youbitech\AppData\Roaming\npm;C:\Program Files\JetBrains\IntelliJ IDEA 2025.1.3\bin;;C:\Users\Youbitech\AppData\Local\GitHubDesktop\bin;C:\Users\Youbitech\.dotnet\tools;C:\Users\Youbitech\AMPL;C:\Users\Youbitech\AMPL\solvers;C:\src\flutter\bin;C:\Users\Youbitech\Downloads\xamp\php;
USERNAME=Youbitech
OS=Windows_NT
PROCESSOR_IDENTIFIER=Intel64 Family 6 Model 78 Stepping 3, GenuineIntel
TMP=C:\Users\YOUBIT~1\AppData\Local\Temp
TEMP=C:\Users\YOUBIT~1\AppData\Local\Temp




Periodic native trim disabled

---------------  S Y S T E M  ---------------

OS:
 Windows 10 , 64 bit Build 19041 (10.0.19041.5915)
OS uptime: 1 days 18:41 hours

CPU: total 4 (initial active 4) (2 cores per cpu, 2 threads per core) family 6 model 78 stepping 3 microcode 0xcc, cx8, cmov, fxsr, ht, mmx, 3dnowpref, sse, sse2, sse3, ssse3, sse4.1, sse4.2, popcnt, lzcnt, tsc, tscinvbit, avx, avx2, aes, erms, clmul, bmi1, bmi2, adx, fma, vzeroupper, clflush, clflushopt, rdtscp, f16c
Processor Information for processor 0
  Max Mhz: 2592, Current Mhz: 2492, Mhz Limit: 2488
Processor Information for processor 1
  Max Mhz: 2592, Current Mhz: 2492, Mhz Limit: 2488
Processor Information for processor 2
  Max Mhz: 2592, Current Mhz: 2492, Mhz Limit: 2488
Processor Information for processor 3
  Max Mhz: 2592, Current Mhz: 1495, Mhz Limit: 2488

Memory: 4k page, system-wide physical 16264M (611M free)
TotalPageFile size 26582M (AvailPageFile size 317M)
current process WorkingSet (physical memory assigned to process): 438M, peak: 460M
current process commit charge ("private bytes"): 503M, peak: 525M

vm_info: Java HotSpot(TM) 64-Bit Server VM (21.0.3+7-LTS-152) for windows-amd64 JRE (21.0.3+7-LTS-152), built on 2024-03-11T17:42:26Z by "mach5one" with MS VC++ 17.6 (VS2022)

END.
